---------- Date: 2014-11-16 18:51:12 ~ IP : 127.0.0.1 ----------
REQUEST URI : /opencart2/index.php?route=sale/customer/messages&amp;token=c99931451e347e6229b4f3ace313b07f
MOD DETAILS:
   modFile   : /var/www/html/opencart2/vqmod/xml/med.xml
   id        : Admin Theme - Base 5 Builder - ImpulsePro
   version   : 1.0.4
   vqmver    : 2.0
   author    : Niyi Sodipe - Base5Builder.com

File Name    : view/template/sale/customer_*(0)
VQModObject::applyMod - SEARCH NOT FOUND (ABORTING MOD): <div class="heading">

----------------------------------------------------------------------


---------- Date: 2014-11-16 18:51:24 ~ IP : 127.0.0.1 ----------
REQUEST URI : /opencart2/index.php?route=sale/customer/transaction&amp;token=c99931451e347e6229b4f3ace313b07f&amp;filter_customer_id=9&amp;show_group=1
MOD DETAILS:
   modFile   : /var/www/html/opencart2/vqmod/xml/med.xml
   id        : Admin Theme - Base 5 Builder - ImpulsePro
   version   : 1.0.4
   vqmver    : 2.0
   author    : Niyi Sodipe - Base5Builder.com

File Name    : view/template/sale/customer_*(0)
VQModObject::applyMod - SEARCH NOT FOUND (ABORTING MOD): <div class="heading">

----------------------------------------------------------------------


---------- Date: 2014-11-16 18:51:31 ~ IP : 127.0.0.1 ----------
REQUEST URI : /opencart2/index.php?route=sale/customer/transaction&amp;token=c99931451e347e6229b4f3ace313b07f&amp;filter_customer_id=9&amp;show_group=1
MOD DETAILS:
   modFile   : /var/www/html/opencart2/vqmod/xml/med.xml
   id        : Admin Theme - Base 5 Builder - ImpulsePro
   version   : 1.0.4
   vqmver    : 2.0
   author    : Niyi Sodipe - Base5Builder.com

File Name    : view/template/sale/customer_*(0)
VQModObject::applyMod - SEARCH NOT FOUND (ABORTING MOD): <div class="heading">

----------------------------------------------------------------------


---------- Date: 2014-11-16 19:07:45 ~ IP : 127.0.0.1 ----------
REQUEST URI : /opencart2/index.php?route=sale/customer/messages&amp;token=3289a22bf40d0d4d767de970dfa18516
MOD DETAILS:
   modFile   : /var/www/html/opencart2/vqmod/xml/med.xml
   id        : Admin Theme - Base 5 Builder - ImpulsePro
   version   : 1.0.4
   vqmver    : 2.0
   author    : Niyi Sodipe - Base5Builder.com

File Name    : view/template/sale/customer_*(0)
VQModObject::applyMod - SEARCH NOT FOUND (ABORTING MOD): <div class="heading">

----------------------------------------------------------------------


---------- Date: 2014-11-16 19:08:02 ~ IP : 127.0.0.1 ----------
REQUEST URI : /opencart2/index.php?route=sale/customer/transaction&amp;token=3289a22bf40d0d4d767de970dfa18516&amp;filter_customer_id=9&amp;show_group=1
MOD DETAILS:
   modFile   : /var/www/html/opencart2/vqmod/xml/med.xml
   id        : Admin Theme - Base 5 Builder - ImpulsePro
   version   : 1.0.4
   vqmver    : 2.0
   author    : Niyi Sodipe - Base5Builder.com

File Name    : view/template/sale/customer_*(0)
VQModObject::applyMod - SEARCH NOT FOUND (ABORTING MOD): <div class="heading">

----------------------------------------------------------------------


