---------- Date: 2014-09-29 00:22:53 ~ IP : 127.0.0.1 ----------
REQUEST URI : /opencart2/index.php?route=sale/customer/transaction&amp;token=1fef260075fbb3aabaaf5399aaeceb47&amp;customer_id=10
MOD DETAILS:
   modFile   : /var/www/html/opencart2/vqmod/xml/admin_theme_base5builder_impulsepro_1.5.5-above.xml
   id        : Admin Theme - Base 5 Builder - ImpulsePro
   version   : 1.0.4
   vqmver    : 2.0
   author    : Niyi Sodipe - Base5Builder.com

File Name    : view/template/sale/customer_*(0)
VQModObject::applyMod - SEARCH NOT FOUND (ABORTING MOD): <div class="heading">

----------------------------------------------------------------------


---------- Date: 2014-09-29 00:38:40 ~ IP : 127.0.0.1 ----------
REQUEST URI : /opencart2/index.php?route=sale/customer/transactions&amp;token=1fef260075fbb3aabaaf5399aaeceb47
MOD DETAILS:
   modFile   : /var/www/html/opencart2/vqmod/xml/admin_theme_base5builder_impulsepro_1.5.5-above.xml
   id        : Admin Theme - Base 5 Builder - ImpulsePro
   version   : 1.0.4
   vqmver    : 2.0
   author    : Niyi Sodipe - Base5Builder.com

File Name    : view/template/sale/customer_*(0)
VQModObject::applyMod - SEARCH NOT FOUND (ABORTING MOD): <div class="heading">

----------------------------------------------------------------------


---------- Date: 2014-09-29 00:43:31 ~ IP : 127.0.0.1 ----------
REQUEST URI : /opencart2/index.php?route=sale/customer/history&amp;token=1fef260075fbb3aabaaf5399aaeceb47&amp;customer_id=9
MOD DETAILS:
   modFile   : /var/www/html/opencart2/vqmod/xml/admin_theme_base5builder_impulsepro_1.5.5-above.xml
   id        : Admin Theme - Base 5 Builder - ImpulsePro
   version   : 1.0.4
   vqmver    : 2.0
   author    : Niyi Sodipe - Base5Builder.com

File Name    : view/template/sale/customer_*(0)
VQModObject::applyMod - SEARCH NOT FOUND (ABORTING MOD): <div class="heading">

----------------------------------------------------------------------


---------- Date: 2014-09-29 00:43:31 ~ IP : 127.0.0.1 ----------
REQUEST URI : /opencart2/index.php?route=sale/customer/transaction&amp;token=1fef260075fbb3aabaaf5399aaeceb47&amp;customer_id=9
MOD DETAILS:
   modFile   : /var/www/html/opencart2/vqmod/xml/admin_theme_base5builder_impulsepro_1.5.5-above.xml
   id        : Admin Theme - Base 5 Builder - ImpulsePro
   version   : 1.0.4
   vqmver    : 2.0
   author    : Niyi Sodipe - Base5Builder.com

File Name    : view/template/sale/customer_*(0)
VQModObject::applyMod - SEARCH NOT FOUND (ABORTING MOD): <div class="heading">

----------------------------------------------------------------------


---------- Date: 2014-09-29 00:43:31 ~ IP : 127.0.0.1 ----------
REQUEST URI : /opencart2/index.php?route=sale/customer/lendings&amp;token=1fef260075fbb3aabaaf5399aaeceb47&amp;customer_id=9
MOD DETAILS:
   modFile   : /var/www/html/opencart2/vqmod/xml/admin_theme_base5builder_impulsepro_1.5.5-above.xml
   id        : Admin Theme - Base 5 Builder - ImpulsePro
   version   : 1.0.4
   vqmver    : 2.0
   author    : Niyi Sodipe - Base5Builder.com

File Name    : view/template/sale/customer_*(0)
VQModObject::applyMod - SEARCH NOT FOUND (ABORTING MOD): <div class="heading">

----------------------------------------------------------------------


---------- Date: 2014-09-29 00:43:32 ~ IP : 127.0.0.1 ----------
REQUEST URI : /opencart2/index.php?route=sale/customer/transaction&amp;token=1fef260075fbb3aabaaf5399aaeceb47&amp;customer_id=9
MOD DETAILS:
   modFile   : /var/www/html/opencart2/vqmod/xml/admin_theme_base5builder_impulsepro_1.5.5-above.xml
   id        : Admin Theme - Base 5 Builder - ImpulsePro
   version   : 1.0.4
   vqmver    : 2.0
   author    : Niyi Sodipe - Base5Builder.com

File Name    : view/template/sale/customer_*(0)
VQModObject::applyMod - SEARCH NOT FOUND (ABORTING MOD): <div class="heading">

----------------------------------------------------------------------


---------- Date: 2014-09-29 00:43:34 ~ IP : 127.0.0.1 ----------
REQUEST URI : /opencart2/index.php?route=sale/customer/history&amp;token=1fef260075fbb3aabaaf5399aaeceb47&amp;customer_id=9
MOD DETAILS:
   modFile   : /var/www/html/opencart2/vqmod/xml/admin_theme_base5builder_impulsepro_1.5.5-above.xml
   id        : Admin Theme - Base 5 Builder - ImpulsePro
   version   : 1.0.4
   vqmver    : 2.0
   author    : Niyi Sodipe - Base5Builder.com

File Name    : view/template/sale/customer_*(0)
VQModObject::applyMod - SEARCH NOT FOUND (ABORTING MOD): <div class="heading">

----------------------------------------------------------------------


---------- Date: 2014-09-29 00:43:34 ~ IP : 127.0.0.1 ----------
REQUEST URI : /opencart2/index.php?route=sale/customer/transaction&amp;token=1fef260075fbb3aabaaf5399aaeceb47&amp;customer_id=9
MOD DETAILS:
   modFile   : /var/www/html/opencart2/vqmod/xml/admin_theme_base5builder_impulsepro_1.5.5-above.xml
   id        : Admin Theme - Base 5 Builder - ImpulsePro
   version   : 1.0.4
   vqmver    : 2.0
   author    : Niyi Sodipe - Base5Builder.com

File Name    : view/template/sale/customer_*(0)
VQModObject::applyMod - SEARCH NOT FOUND (ABORTING MOD): <div class="heading">

----------------------------------------------------------------------


---------- Date: 2014-09-29 00:43:52 ~ IP : 127.0.0.1 ----------
REQUEST URI : /opencart2/index.php?route=sale/customer/history&amp;token=1fef260075fbb3aabaaf5399aaeceb47&amp;customer_id=9
MOD DETAILS:
   modFile   : /var/www/html/opencart2/vqmod/xml/admin_theme_base5builder_impulsepro_1.5.5-above.xml
   id        : Admin Theme - Base 5 Builder - ImpulsePro
   version   : 1.0.4
   vqmver    : 2.0
   author    : Niyi Sodipe - Base5Builder.com

File Name    : view/template/sale/customer_*(0)
VQModObject::applyMod - SEARCH NOT FOUND (ABORTING MOD): <div class="heading">

----------------------------------------------------------------------


---------- Date: 2014-09-29 00:43:52 ~ IP : 127.0.0.1 ----------
REQUEST URI : /opencart2/index.php?route=sale/customer/lendings&amp;token=1fef260075fbb3aabaaf5399aaeceb47&amp;customer_id=9
MOD DETAILS:
   modFile   : /var/www/html/opencart2/vqmod/xml/admin_theme_base5builder_impulsepro_1.5.5-above.xml
   id        : Admin Theme - Base 5 Builder - ImpulsePro
   version   : 1.0.4
   vqmver    : 2.0
   author    : Niyi Sodipe - Base5Builder.com

File Name    : view/template/sale/customer_*(0)
VQModObject::applyMod - SEARCH NOT FOUND (ABORTING MOD): <div class="heading">

----------------------------------------------------------------------


---------- Date: 2014-09-29 00:43:55 ~ IP : 127.0.0.1 ----------
REQUEST URI : /opencart2/index.php?route=sale/customer/history&amp;token=1fef260075fbb3aabaaf5399aaeceb47&amp;customer_id=9
MOD DETAILS:
   modFile   : /var/www/html/opencart2/vqmod/xml/admin_theme_base5builder_impulsepro_1.5.5-above.xml
   id        : Admin Theme - Base 5 Builder - ImpulsePro
   version   : 1.0.4
   vqmver    : 2.0
   author    : Niyi Sodipe - Base5Builder.com

File Name    : view/template/sale/customer_*(0)
VQModObject::applyMod - SEARCH NOT FOUND (ABORTING MOD): <div class="heading">

----------------------------------------------------------------------


---------- Date: 2014-09-29 00:43:56 ~ IP : 127.0.0.1 ----------
REQUEST URI : /opencart2/index.php?route=sale/customer/history&amp;token=1fef260075fbb3aabaaf5399aaeceb47&amp;customer_id=9
MOD DETAILS:
   modFile   : /var/www/html/opencart2/vqmod/xml/admin_theme_base5builder_impulsepro_1.5.5-above.xml
   id        : Admin Theme - Base 5 Builder - ImpulsePro
   version   : 1.0.4
   vqmver    : 2.0
   author    : Niyi Sodipe - Base5Builder.com

File Name    : view/template/sale/customer_*(0)
VQModObject::applyMod - SEARCH NOT FOUND (ABORTING MOD): <div class="heading">

----------------------------------------------------------------------


---------- Date: 2014-09-29 00:44:26 ~ IP : 127.0.0.1 ----------
REQUEST URI : /opencart2/index.php?route=sale/customer/history&amp;token=1fef260075fbb3aabaaf5399aaeceb47&amp;customer_id=9
MOD DETAILS:
   modFile   : /var/www/html/opencart2/vqmod/xml/admin_theme_base5builder_impulsepro_1.5.5-above.xml
   id        : Admin Theme - Base 5 Builder - ImpulsePro
   version   : 1.0.4
   vqmver    : 2.0
   author    : Niyi Sodipe - Base5Builder.com

File Name    : view/template/sale/customer_*(0)
VQModObject::applyMod - SEARCH NOT FOUND (ABORTING MOD): <div class="heading">

----------------------------------------------------------------------


---------- Date: 2014-09-29 00:44:26 ~ IP : 127.0.0.1 ----------
REQUEST URI : /opencart2/index.php?route=sale/customer/lendings&amp;token=1fef260075fbb3aabaaf5399aaeceb47&amp;customer_id=9
MOD DETAILS:
   modFile   : /var/www/html/opencart2/vqmod/xml/admin_theme_base5builder_impulsepro_1.5.5-above.xml
   id        : Admin Theme - Base 5 Builder - ImpulsePro
   version   : 1.0.4
   vqmver    : 2.0
   author    : Niyi Sodipe - Base5Builder.com

File Name    : view/template/sale/customer_*(0)
VQModObject::applyMod - SEARCH NOT FOUND (ABORTING MOD): <div class="heading">

----------------------------------------------------------------------


---------- Date: 2014-09-29 00:44:26 ~ IP : 127.0.0.1 ----------
REQUEST URI : /opencart2/index.php?route=sale/customer/transaction&amp;token=1fef260075fbb3aabaaf5399aaeceb47&amp;customer_id=9
MOD DETAILS:
   modFile   : /var/www/html/opencart2/vqmod/xml/admin_theme_base5builder_impulsepro_1.5.5-above.xml
   id        : Admin Theme - Base 5 Builder - ImpulsePro
   version   : 1.0.4
   vqmver    : 2.0
   author    : Niyi Sodipe - Base5Builder.com

File Name    : view/template/sale/customer_*(0)
VQModObject::applyMod - SEARCH NOT FOUND (ABORTING MOD): <div class="heading">

----------------------------------------------------------------------


---------- Date: 2014-09-29 00:44:27 ~ IP : 127.0.0.1 ----------
REQUEST URI : /opencart2/index.php?route=sale/customer/transaction&amp;token=1fef260075fbb3aabaaf5399aaeceb47&amp;customer_id=9
MOD DETAILS:
   modFile   : /var/www/html/opencart2/vqmod/xml/admin_theme_base5builder_impulsepro_1.5.5-above.xml
   id        : Admin Theme - Base 5 Builder - ImpulsePro
   version   : 1.0.4
   vqmver    : 2.0
   author    : Niyi Sodipe - Base5Builder.com

File Name    : view/template/sale/customer_*(0)
VQModObject::applyMod - SEARCH NOT FOUND (ABORTING MOD): <div class="heading">

----------------------------------------------------------------------


---------- Date: 2014-09-29 00:44:45 ~ IP : 127.0.0.1 ----------
REQUEST URI : /opencart2/index.php?route=sale/customer/history&amp;token=1fef260075fbb3aabaaf5399aaeceb47&amp;customer_id=9
MOD DETAILS:
   modFile   : /var/www/html/opencart2/vqmod/xml/admin_theme_base5builder_impulsepro_1.5.5-above.xml
   id        : Admin Theme - Base 5 Builder - ImpulsePro
   version   : 1.0.4
   vqmver    : 2.0
   author    : Niyi Sodipe - Base5Builder.com

File Name    : view/template/sale/customer_*(0)
VQModObject::applyMod - SEARCH NOT FOUND (ABORTING MOD): <div class="heading">

----------------------------------------------------------------------


---------- Date: 2014-09-29 00:44:45 ~ IP : 127.0.0.1 ----------
REQUEST URI : /opencart2/index.php?route=sale/customer/lendings&amp;token=1fef260075fbb3aabaaf5399aaeceb47&amp;customer_id=9
MOD DETAILS:
   modFile   : /var/www/html/opencart2/vqmod/xml/admin_theme_base5builder_impulsepro_1.5.5-above.xml
   id        : Admin Theme - Base 5 Builder - ImpulsePro
   version   : 1.0.4
   vqmver    : 2.0
   author    : Niyi Sodipe - Base5Builder.com

File Name    : view/template/sale/customer_*(0)
VQModObject::applyMod - SEARCH NOT FOUND (ABORTING MOD): <div class="heading">

----------------------------------------------------------------------


---------- Date: 2014-09-29 00:44:45 ~ IP : 127.0.0.1 ----------
REQUEST URI : /opencart2/index.php?route=sale/customer/transaction&amp;token=1fef260075fbb3aabaaf5399aaeceb47&amp;customer_id=9
MOD DETAILS:
   modFile   : /var/www/html/opencart2/vqmod/xml/admin_theme_base5builder_impulsepro_1.5.5-above.xml
   id        : Admin Theme - Base 5 Builder - ImpulsePro
   version   : 1.0.4
   vqmver    : 2.0
   author    : Niyi Sodipe - Base5Builder.com

File Name    : view/template/sale/customer_*(0)
VQModObject::applyMod - SEARCH NOT FOUND (ABORTING MOD): <div class="heading">

----------------------------------------------------------------------


---------- Date: 2014-09-29 00:44:46 ~ IP : 127.0.0.1 ----------
REQUEST URI : /opencart2/index.php?route=sale/customer/transaction&amp;token=1fef260075fbb3aabaaf5399aaeceb47&amp;customer_id=9
MOD DETAILS:
   modFile   : /var/www/html/opencart2/vqmod/xml/admin_theme_base5builder_impulsepro_1.5.5-above.xml
   id        : Admin Theme - Base 5 Builder - ImpulsePro
   version   : 1.0.4
   vqmver    : 2.0
   author    : Niyi Sodipe - Base5Builder.com

File Name    : view/template/sale/customer_*(0)
VQModObject::applyMod - SEARCH NOT FOUND (ABORTING MOD): <div class="heading">

----------------------------------------------------------------------


---------- Date: 2014-09-29 00:45:17 ~ IP : 127.0.0.1 ----------
REQUEST URI : /opencart2/index.php?route=sale/customer/history&amp;token=1fef260075fbb3aabaaf5399aaeceb47&amp;customer_id=9
MOD DETAILS:
   modFile   : /var/www/html/opencart2/vqmod/xml/admin_theme_base5builder_impulsepro_1.5.5-above.xml
   id        : Admin Theme - Base 5 Builder - ImpulsePro
   version   : 1.0.4
   vqmver    : 2.0
   author    : Niyi Sodipe - Base5Builder.com

File Name    : view/template/sale/customer_*(0)
VQModObject::applyMod - SEARCH NOT FOUND (ABORTING MOD): <div class="heading">

----------------------------------------------------------------------


---------- Date: 2014-09-29 00:45:17 ~ IP : 127.0.0.1 ----------
REQUEST URI : /opencart2/index.php?route=sale/customer/transaction&amp;token=1fef260075fbb3aabaaf5399aaeceb47&amp;customer_id=9
MOD DETAILS:
   modFile   : /var/www/html/opencart2/vqmod/xml/admin_theme_base5builder_impulsepro_1.5.5-above.xml
   id        : Admin Theme - Base 5 Builder - ImpulsePro
   version   : 1.0.4
   vqmver    : 2.0
   author    : Niyi Sodipe - Base5Builder.com

File Name    : view/template/sale/customer_*(0)
VQModObject::applyMod - SEARCH NOT FOUND (ABORTING MOD): <div class="heading">

----------------------------------------------------------------------


---------- Date: 2014-09-29 00:45:17 ~ IP : 127.0.0.1 ----------
REQUEST URI : /opencart2/index.php?route=sale/customer/lendings&amp;token=1fef260075fbb3aabaaf5399aaeceb47&amp;customer_id=9
MOD DETAILS:
   modFile   : /var/www/html/opencart2/vqmod/xml/admin_theme_base5builder_impulsepro_1.5.5-above.xml
   id        : Admin Theme - Base 5 Builder - ImpulsePro
   version   : 1.0.4
   vqmver    : 2.0
   author    : Niyi Sodipe - Base5Builder.com

File Name    : view/template/sale/customer_*(0)
VQModObject::applyMod - SEARCH NOT FOUND (ABORTING MOD): <div class="heading">

----------------------------------------------------------------------


---------- Date: 2014-09-29 00:45:18 ~ IP : 127.0.0.1 ----------
REQUEST URI : /opencart2/index.php?route=sale/customer/transaction&amp;token=1fef260075fbb3aabaaf5399aaeceb47&amp;customer_id=9
MOD DETAILS:
   modFile   : /var/www/html/opencart2/vqmod/xml/admin_theme_base5builder_impulsepro_1.5.5-above.xml
   id        : Admin Theme - Base 5 Builder - ImpulsePro
   version   : 1.0.4
   vqmver    : 2.0
   author    : Niyi Sodipe - Base5Builder.com

File Name    : view/template/sale/customer_*(0)
VQModObject::applyMod - SEARCH NOT FOUND (ABORTING MOD): <div class="heading">

----------------------------------------------------------------------


---------- Date: 2014-09-29 00:45:24 ~ IP : 127.0.0.1 ----------
REQUEST URI : /opencart2/index.php?route=sale/customer/lendings&amp;token=1fef260075fbb3aabaaf5399aaeceb47&amp;customer_id=9
MOD DETAILS:
   modFile   : /var/www/html/opencart2/vqmod/xml/admin_theme_base5builder_impulsepro_1.5.5-above.xml
   id        : Admin Theme - Base 5 Builder - ImpulsePro
   version   : 1.0.4
   vqmver    : 2.0
   author    : Niyi Sodipe - Base5Builder.com

File Name    : view/template/sale/customer_*(0)
VQModObject::applyMod - SEARCH NOT FOUND (ABORTING MOD): <div class="heading">

----------------------------------------------------------------------


---------- Date: 2014-09-29 00:45:24 ~ IP : 127.0.0.1 ----------
REQUEST URI : /opencart2/index.php?route=sale/customer/transaction&amp;token=1fef260075fbb3aabaaf5399aaeceb47&amp;customer_id=9
MOD DETAILS:
   modFile   : /var/www/html/opencart2/vqmod/xml/admin_theme_base5builder_impulsepro_1.5.5-above.xml
   id        : Admin Theme - Base 5 Builder - ImpulsePro
   version   : 1.0.4
   vqmver    : 2.0
   author    : Niyi Sodipe - Base5Builder.com

File Name    : view/template/sale/customer_*(0)
VQModObject::applyMod - SEARCH NOT FOUND (ABORTING MOD): <div class="heading">

----------------------------------------------------------------------


---------- Date: 2014-09-29 00:45:24 ~ IP : 127.0.0.1 ----------
REQUEST URI : /opencart2/index.php?route=sale/customer/history&amp;token=1fef260075fbb3aabaaf5399aaeceb47&amp;customer_id=9
MOD DETAILS:
   modFile   : /var/www/html/opencart2/vqmod/xml/admin_theme_base5builder_impulsepro_1.5.5-above.xml
   id        : Admin Theme - Base 5 Builder - ImpulsePro
   version   : 1.0.4
   vqmver    : 2.0
   author    : Niyi Sodipe - Base5Builder.com

File Name    : view/template/sale/customer_*(0)
VQModObject::applyMod - SEARCH NOT FOUND (ABORTING MOD): <div class="heading">

----------------------------------------------------------------------


---------- Date: 2014-09-29 00:45:25 ~ IP : 127.0.0.1 ----------
REQUEST URI : /opencart2/index.php?route=sale/customer/transaction&amp;token=1fef260075fbb3aabaaf5399aaeceb47&amp;customer_id=9
MOD DETAILS:
   modFile   : /var/www/html/opencart2/vqmod/xml/admin_theme_base5builder_impulsepro_1.5.5-above.xml
   id        : Admin Theme - Base 5 Builder - ImpulsePro
   version   : 1.0.4
   vqmver    : 2.0
   author    : Niyi Sodipe - Base5Builder.com

File Name    : view/template/sale/customer_*(0)
VQModObject::applyMod - SEARCH NOT FOUND (ABORTING MOD): <div class="heading">

----------------------------------------------------------------------


---------- Date: 2014-09-29 00:45:27 ~ IP : 127.0.0.1 ----------
REQUEST URI : /opencart2/index.php?route=sale/customer/history&amp;token=1fef260075fbb3aabaaf5399aaeceb47&amp;customer_id=9
MOD DETAILS:
   modFile   : /var/www/html/opencart2/vqmod/xml/admin_theme_base5builder_impulsepro_1.5.5-above.xml
   id        : Admin Theme - Base 5 Builder - ImpulsePro
   version   : 1.0.4
   vqmver    : 2.0
   author    : Niyi Sodipe - Base5Builder.com

File Name    : view/template/sale/customer_*(0)
VQModObject::applyMod - SEARCH NOT FOUND (ABORTING MOD): <div class="heading">

----------------------------------------------------------------------


---------- Date: 2014-09-29 00:45:28 ~ IP : 127.0.0.1 ----------
REQUEST URI : /opencart2/index.php?route=sale/customer/transaction&amp;token=1fef260075fbb3aabaaf5399aaeceb47&amp;customer_id=9
MOD DETAILS:
   modFile   : /var/www/html/opencart2/vqmod/xml/admin_theme_base5builder_impulsepro_1.5.5-above.xml
   id        : Admin Theme - Base 5 Builder - ImpulsePro
   version   : 1.0.4
   vqmver    : 2.0
   author    : Niyi Sodipe - Base5Builder.com

File Name    : view/template/sale/customer_*(0)
VQModObject::applyMod - SEARCH NOT FOUND (ABORTING MOD): <div class="heading">

----------------------------------------------------------------------


---------- Date: 2014-09-29 00:45:29 ~ IP : 127.0.0.1 ----------
REQUEST URI : /opencart2/index.php?route=sale/customer/transaction&amp;token=1fef260075fbb3aabaaf5399aaeceb47&amp;customer_id=9
MOD DETAILS:
   modFile   : /var/www/html/opencart2/vqmod/xml/admin_theme_base5builder_impulsepro_1.5.5-above.xml
   id        : Admin Theme - Base 5 Builder - ImpulsePro
   version   : 1.0.4
   vqmver    : 2.0
   author    : Niyi Sodipe - Base5Builder.com

File Name    : view/template/sale/customer_*(0)
VQModObject::applyMod - SEARCH NOT FOUND (ABORTING MOD): <div class="heading">

----------------------------------------------------------------------


---------- Date: 2014-09-29 00:45:51 ~ IP : 127.0.0.1 ----------
REQUEST URI : /opencart2/index.php?route=sale/customer/lendings&amp;token=1fef260075fbb3aabaaf5399aaeceb47&amp;customer_id=9
MOD DETAILS:
   modFile   : /var/www/html/opencart2/vqmod/xml/admin_theme_base5builder_impulsepro_1.5.5-above.xml
   id        : Admin Theme - Base 5 Builder - ImpulsePro
   version   : 1.0.4
   vqmver    : 2.0
   author    : Niyi Sodipe - Base5Builder.com

File Name    : view/template/sale/customer_*(0)
VQModObject::applyMod - SEARCH NOT FOUND (ABORTING MOD): <div class="heading">

----------------------------------------------------------------------


---------- Date: 2014-09-29 00:45:51 ~ IP : 127.0.0.1 ----------
REQUEST URI : /opencart2/index.php?route=sale/customer/history&amp;token=1fef260075fbb3aabaaf5399aaeceb47&amp;customer_id=9
MOD DETAILS:
   modFile   : /var/www/html/opencart2/vqmod/xml/admin_theme_base5builder_impulsepro_1.5.5-above.xml
   id        : Admin Theme - Base 5 Builder - ImpulsePro
   version   : 1.0.4
   vqmver    : 2.0
   author    : Niyi Sodipe - Base5Builder.com

File Name    : view/template/sale/customer_*(0)
VQModObject::applyMod - SEARCH NOT FOUND (ABORTING MOD): <div class="heading">

----------------------------------------------------------------------


---------- Date: 2014-09-29 00:45:51 ~ IP : 127.0.0.1 ----------
REQUEST URI : /opencart2/index.php?route=sale/customer/transaction&amp;token=1fef260075fbb3aabaaf5399aaeceb47&amp;customer_id=9
MOD DETAILS:
   modFile   : /var/www/html/opencart2/vqmod/xml/admin_theme_base5builder_impulsepro_1.5.5-above.xml
   id        : Admin Theme - Base 5 Builder - ImpulsePro
   version   : 1.0.4
   vqmver    : 2.0
   author    : Niyi Sodipe - Base5Builder.com

File Name    : view/template/sale/customer_*(0)
VQModObject::applyMod - SEARCH NOT FOUND (ABORTING MOD): <div class="heading">

----------------------------------------------------------------------


---------- Date: 2014-09-29 00:45:52 ~ IP : 127.0.0.1 ----------
REQUEST URI : /opencart2/index.php?route=sale/customer/transaction&amp;token=1fef260075fbb3aabaaf5399aaeceb47&amp;customer_id=9
MOD DETAILS:
   modFile   : /var/www/html/opencart2/vqmod/xml/admin_theme_base5builder_impulsepro_1.5.5-above.xml
   id        : Admin Theme - Base 5 Builder - ImpulsePro
   version   : 1.0.4
   vqmver    : 2.0
   author    : Niyi Sodipe - Base5Builder.com

File Name    : view/template/sale/customer_*(0)
VQModObject::applyMod - SEARCH NOT FOUND (ABORTING MOD): <div class="heading">

----------------------------------------------------------------------


---------- Date: 2014-09-29 00:49:01 ~ IP : 127.0.0.1 ----------
REQUEST URI : /opencart2/index.php?route=sale/customer/transaction&amp;token=1fef260075fbb3aabaaf5399aaeceb47&amp;customer_id=9
MOD DETAILS:
   modFile   : /var/www/html/opencart2/vqmod/xml/admin_theme_base5builder_impulsepro_1.5.5-above.xml
   id        : Admin Theme - Base 5 Builder - ImpulsePro
   version   : 1.0.4
   vqmver    : 2.0
   author    : Niyi Sodipe - Base5Builder.com

File Name    : view/template/sale/customer_*(0)
VQModObject::applyMod - SEARCH NOT FOUND (ABORTING MOD): <div class="heading">

----------------------------------------------------------------------


---------- Date: 2014-09-29 00:49:01 ~ IP : 127.0.0.1 ----------
REQUEST URI : /opencart2/index.php?route=sale/customer/history&amp;token=1fef260075fbb3aabaaf5399aaeceb47&amp;customer_id=9
MOD DETAILS:
   modFile   : /var/www/html/opencart2/vqmod/xml/admin_theme_base5builder_impulsepro_1.5.5-above.xml
   id        : Admin Theme - Base 5 Builder - ImpulsePro
   version   : 1.0.4
   vqmver    : 2.0
   author    : Niyi Sodipe - Base5Builder.com

File Name    : view/template/sale/customer_*(0)
VQModObject::applyMod - SEARCH NOT FOUND (ABORTING MOD): <div class="heading">

----------------------------------------------------------------------


---------- Date: 2014-09-29 00:49:01 ~ IP : 127.0.0.1 ----------
REQUEST URI : /opencart2/index.php?route=sale/customer/lendings&amp;token=1fef260075fbb3aabaaf5399aaeceb47&amp;customer_id=9
MOD DETAILS:
   modFile   : /var/www/html/opencart2/vqmod/xml/admin_theme_base5builder_impulsepro_1.5.5-above.xml
   id        : Admin Theme - Base 5 Builder - ImpulsePro
   version   : 1.0.4
   vqmver    : 2.0
   author    : Niyi Sodipe - Base5Builder.com

File Name    : view/template/sale/customer_*(0)
VQModObject::applyMod - SEARCH NOT FOUND (ABORTING MOD): <div class="heading">

----------------------------------------------------------------------


---------- Date: 2014-09-29 00:49:02 ~ IP : 127.0.0.1 ----------
REQUEST URI : /opencart2/index.php?route=sale/customer/transaction&amp;token=1fef260075fbb3aabaaf5399aaeceb47&amp;customer_id=9
MOD DETAILS:
   modFile   : /var/www/html/opencart2/vqmod/xml/admin_theme_base5builder_impulsepro_1.5.5-above.xml
   id        : Admin Theme - Base 5 Builder - ImpulsePro
   version   : 1.0.4
   vqmver    : 2.0
   author    : Niyi Sodipe - Base5Builder.com

File Name    : view/template/sale/customer_*(0)
VQModObject::applyMod - SEARCH NOT FOUND (ABORTING MOD): <div class="heading">

----------------------------------------------------------------------


---------- Date: 2014-09-29 00:49:15 ~ IP : 127.0.0.1 ----------
REQUEST URI : /opencart2/index.php?route=sale/customer/history&amp;token=1fef260075fbb3aabaaf5399aaeceb47&amp;customer_id=9
MOD DETAILS:
   modFile   : /var/www/html/opencart2/vqmod/xml/admin_theme_base5builder_impulsepro_1.5.5-above.xml
   id        : Admin Theme - Base 5 Builder - ImpulsePro
   version   : 1.0.4
   vqmver    : 2.0
   author    : Niyi Sodipe - Base5Builder.com

File Name    : view/template/sale/customer_*(0)
VQModObject::applyMod - SEARCH NOT FOUND (ABORTING MOD): <div class="heading">

----------------------------------------------------------------------


---------- Date: 2014-09-29 00:49:15 ~ IP : 127.0.0.1 ----------
REQUEST URI : /opencart2/index.php?route=sale/customer/lendings&amp;token=1fef260075fbb3aabaaf5399aaeceb47&amp;customer_id=9
MOD DETAILS:
   modFile   : /var/www/html/opencart2/vqmod/xml/admin_theme_base5builder_impulsepro_1.5.5-above.xml
   id        : Admin Theme - Base 5 Builder - ImpulsePro
   version   : 1.0.4
   vqmver    : 2.0
   author    : Niyi Sodipe - Base5Builder.com

File Name    : view/template/sale/customer_*(0)
VQModObject::applyMod - SEARCH NOT FOUND (ABORTING MOD): <div class="heading">

----------------------------------------------------------------------


---------- Date: 2014-09-29 00:49:15 ~ IP : 127.0.0.1 ----------
REQUEST URI : /opencart2/index.php?route=sale/customer/transaction&amp;token=1fef260075fbb3aabaaf5399aaeceb47&amp;customer_id=9
MOD DETAILS:
   modFile   : /var/www/html/opencart2/vqmod/xml/admin_theme_base5builder_impulsepro_1.5.5-above.xml
   id        : Admin Theme - Base 5 Builder - ImpulsePro
   version   : 1.0.4
   vqmver    : 2.0
   author    : Niyi Sodipe - Base5Builder.com

File Name    : view/template/sale/customer_*(0)
VQModObject::applyMod - SEARCH NOT FOUND (ABORTING MOD): <div class="heading">

----------------------------------------------------------------------


---------- Date: 2014-09-29 00:49:18 ~ IP : 127.0.0.1 ----------
REQUEST URI : /opencart2/index.php?route=sale/customer/transaction&amp;token=1fef260075fbb3aabaaf5399aaeceb47&amp;customer_id=9
MOD DETAILS:
   modFile   : /var/www/html/opencart2/vqmod/xml/admin_theme_base5builder_impulsepro_1.5.5-above.xml
   id        : Admin Theme - Base 5 Builder - ImpulsePro
   version   : 1.0.4
   vqmver    : 2.0
   author    : Niyi Sodipe - Base5Builder.com

File Name    : view/template/sale/customer_*(0)
VQModObject::applyMod - SEARCH NOT FOUND (ABORTING MOD): <div class="heading">

----------------------------------------------------------------------


---------- Date: 2014-09-29 00:50:21 ~ IP : 127.0.0.1 ----------
REQUEST URI : /opencart2/index.php?route=sale/customer/history&amp;token=1fef260075fbb3aabaaf5399aaeceb47&amp;customer_id=9
MOD DETAILS:
   modFile   : /var/www/html/opencart2/vqmod/xml/admin_theme_base5builder_impulsepro_1.5.5-above.xml
   id        : Admin Theme - Base 5 Builder - ImpulsePro
   version   : 1.0.4
   vqmver    : 2.0
   author    : Niyi Sodipe - Base5Builder.com

File Name    : view/template/sale/customer_*(0)
VQModObject::applyMod - SEARCH NOT FOUND (ABORTING MOD): <div class="heading">

----------------------------------------------------------------------


---------- Date: 2014-09-29 00:50:21 ~ IP : 127.0.0.1 ----------
REQUEST URI : /opencart2/index.php?route=sale/customer/transaction&amp;token=1fef260075fbb3aabaaf5399aaeceb47&amp;customer_id=9
MOD DETAILS:
   modFile   : /var/www/html/opencart2/vqmod/xml/admin_theme_base5builder_impulsepro_1.5.5-above.xml
   id        : Admin Theme - Base 5 Builder - ImpulsePro
   version   : 1.0.4
   vqmver    : 2.0
   author    : Niyi Sodipe - Base5Builder.com

File Name    : view/template/sale/customer_*(0)
VQModObject::applyMod - SEARCH NOT FOUND (ABORTING MOD): <div class="heading">

----------------------------------------------------------------------


---------- Date: 2014-09-29 00:50:21 ~ IP : 127.0.0.1 ----------
REQUEST URI : /opencart2/index.php?route=sale/customer/lendings&amp;token=1fef260075fbb3aabaaf5399aaeceb47&amp;customer_id=9
MOD DETAILS:
   modFile   : /var/www/html/opencart2/vqmod/xml/admin_theme_base5builder_impulsepro_1.5.5-above.xml
   id        : Admin Theme - Base 5 Builder - ImpulsePro
   version   : 1.0.4
   vqmver    : 2.0
   author    : Niyi Sodipe - Base5Builder.com

File Name    : view/template/sale/customer_*(0)
VQModObject::applyMod - SEARCH NOT FOUND (ABORTING MOD): <div class="heading">

----------------------------------------------------------------------


---------- Date: 2014-09-29 00:50:22 ~ IP : 127.0.0.1 ----------
REQUEST URI : /opencart2/index.php?route=sale/customer/transaction&amp;token=1fef260075fbb3aabaaf5399aaeceb47&amp;customer_id=9
MOD DETAILS:
   modFile   : /var/www/html/opencart2/vqmod/xml/admin_theme_base5builder_impulsepro_1.5.5-above.xml
   id        : Admin Theme - Base 5 Builder - ImpulsePro
   version   : 1.0.4
   vqmver    : 2.0
   author    : Niyi Sodipe - Base5Builder.com

File Name    : view/template/sale/customer_*(0)
VQModObject::applyMod - SEARCH NOT FOUND (ABORTING MOD): <div class="heading">

----------------------------------------------------------------------


---------- Date: 2014-09-29 00:56:58 ~ IP : 127.0.0.1 ----------
REQUEST URI : /opencart2/index.php?route=sale/customer/history&amp;token=1fef260075fbb3aabaaf5399aaeceb47&amp;customer_id=9
MOD DETAILS:
   modFile   : /var/www/html/opencart2/vqmod/xml/admin_theme_base5builder_impulsepro_1.5.5-above.xml
   id        : Admin Theme - Base 5 Builder - ImpulsePro
   version   : 1.0.4
   vqmver    : 2.0
   author    : Niyi Sodipe - Base5Builder.com

File Name    : view/template/sale/customer_*(0)
VQModObject::applyMod - SEARCH NOT FOUND (ABORTING MOD): <div class="heading">

----------------------------------------------------------------------


---------- Date: 2014-09-29 00:56:58 ~ IP : 127.0.0.1 ----------
REQUEST URI : /opencart2/index.php?route=sale/customer/transaction&amp;token=1fef260075fbb3aabaaf5399aaeceb47&amp;customer_id=9
MOD DETAILS:
   modFile   : /var/www/html/opencart2/vqmod/xml/admin_theme_base5builder_impulsepro_1.5.5-above.xml
   id        : Admin Theme - Base 5 Builder - ImpulsePro
   version   : 1.0.4
   vqmver    : 2.0
   author    : Niyi Sodipe - Base5Builder.com

File Name    : view/template/sale/customer_*(0)
VQModObject::applyMod - SEARCH NOT FOUND (ABORTING MOD): <div class="heading">

----------------------------------------------------------------------


---------- Date: 2014-09-29 00:56:58 ~ IP : 127.0.0.1 ----------
REQUEST URI : /opencart2/index.php?route=sale/customer/lendings&amp;token=1fef260075fbb3aabaaf5399aaeceb47&amp;customer_id=9
MOD DETAILS:
   modFile   : /var/www/html/opencart2/vqmod/xml/admin_theme_base5builder_impulsepro_1.5.5-above.xml
   id        : Admin Theme - Base 5 Builder - ImpulsePro
   version   : 1.0.4
   vqmver    : 2.0
   author    : Niyi Sodipe - Base5Builder.com

File Name    : view/template/sale/customer_*(0)
VQModObject::applyMod - SEARCH NOT FOUND (ABORTING MOD): <div class="heading">

----------------------------------------------------------------------


---------- Date: 2014-09-29 00:56:59 ~ IP : 127.0.0.1 ----------
REQUEST URI : /opencart2/index.php?route=sale/customer/transaction&amp;token=1fef260075fbb3aabaaf5399aaeceb47&amp;customer_id=9
MOD DETAILS:
   modFile   : /var/www/html/opencart2/vqmod/xml/admin_theme_base5builder_impulsepro_1.5.5-above.xml
   id        : Admin Theme - Base 5 Builder - ImpulsePro
   version   : 1.0.4
   vqmver    : 2.0
   author    : Niyi Sodipe - Base5Builder.com

File Name    : view/template/sale/customer_*(0)
VQModObject::applyMod - SEARCH NOT FOUND (ABORTING MOD): <div class="heading">

----------------------------------------------------------------------


---------- Date: 2014-09-29 00:57:58 ~ IP : 127.0.0.1 ----------
REQUEST URI : /opencart2/index.php?route=sale/customer/history&amp;token=1fef260075fbb3aabaaf5399aaeceb47&amp;customer_id=9
MOD DETAILS:
   modFile   : /var/www/html/opencart2/vqmod/xml/admin_theme_base5builder_impulsepro_1.5.5-above.xml
   id        : Admin Theme - Base 5 Builder - ImpulsePro
   version   : 1.0.4
   vqmver    : 2.0
   author    : Niyi Sodipe - Base5Builder.com

File Name    : view/template/sale/customer_*(0)
VQModObject::applyMod - SEARCH NOT FOUND (ABORTING MOD): <div class="heading">

----------------------------------------------------------------------


---------- Date: 2014-09-29 00:57:58 ~ IP : 127.0.0.1 ----------
REQUEST URI : /opencart2/index.php?route=sale/customer/transaction&amp;token=1fef260075fbb3aabaaf5399aaeceb47&amp;customer_id=9
MOD DETAILS:
   modFile   : /var/www/html/opencart2/vqmod/xml/admin_theme_base5builder_impulsepro_1.5.5-above.xml
   id        : Admin Theme - Base 5 Builder - ImpulsePro
   version   : 1.0.4
   vqmver    : 2.0
   author    : Niyi Sodipe - Base5Builder.com

File Name    : view/template/sale/customer_*(0)
VQModObject::applyMod - SEARCH NOT FOUND (ABORTING MOD): <div class="heading">

----------------------------------------------------------------------


---------- Date: 2014-09-29 00:57:58 ~ IP : 127.0.0.1 ----------
REQUEST URI : /opencart2/index.php?route=sale/customer/lendings&amp;token=1fef260075fbb3aabaaf5399aaeceb47&amp;customer_id=9
MOD DETAILS:
   modFile   : /var/www/html/opencart2/vqmod/xml/admin_theme_base5builder_impulsepro_1.5.5-above.xml
   id        : Admin Theme - Base 5 Builder - ImpulsePro
   version   : 1.0.4
   vqmver    : 2.0
   author    : Niyi Sodipe - Base5Builder.com

File Name    : view/template/sale/customer_*(0)
VQModObject::applyMod - SEARCH NOT FOUND (ABORTING MOD): <div class="heading">

----------------------------------------------------------------------


---------- Date: 2014-09-29 00:57:59 ~ IP : 127.0.0.1 ----------
REQUEST URI : /opencart2/index.php?route=sale/customer/transaction&amp;token=1fef260075fbb3aabaaf5399aaeceb47&amp;customer_id=9
MOD DETAILS:
   modFile   : /var/www/html/opencart2/vqmod/xml/admin_theme_base5builder_impulsepro_1.5.5-above.xml
   id        : Admin Theme - Base 5 Builder - ImpulsePro
   version   : 1.0.4
   vqmver    : 2.0
   author    : Niyi Sodipe - Base5Builder.com

File Name    : view/template/sale/customer_*(0)
VQModObject::applyMod - SEARCH NOT FOUND (ABORTING MOD): <div class="heading">

----------------------------------------------------------------------


---------- Date: 2014-09-29 00:59:11 ~ IP : 127.0.0.1 ----------
REQUEST URI : /opencart2/index.php?route=sale/customer/history&amp;token=1fef260075fbb3aabaaf5399aaeceb47&amp;customer_id=9
MOD DETAILS:
   modFile   : /var/www/html/opencart2/vqmod/xml/admin_theme_base5builder_impulsepro_1.5.5-above.xml
   id        : Admin Theme - Base 5 Builder - ImpulsePro
   version   : 1.0.4
   vqmver    : 2.0
   author    : Niyi Sodipe - Base5Builder.com

File Name    : view/template/sale/customer_*(0)
VQModObject::applyMod - SEARCH NOT FOUND (ABORTING MOD): <div class="heading">

----------------------------------------------------------------------


---------- Date: 2014-09-29 00:59:11 ~ IP : 127.0.0.1 ----------
REQUEST URI : /opencart2/index.php?route=sale/customer/lendings&amp;token=1fef260075fbb3aabaaf5399aaeceb47&amp;customer_id=9
MOD DETAILS:
   modFile   : /var/www/html/opencart2/vqmod/xml/admin_theme_base5builder_impulsepro_1.5.5-above.xml
   id        : Admin Theme - Base 5 Builder - ImpulsePro
   version   : 1.0.4
   vqmver    : 2.0
   author    : Niyi Sodipe - Base5Builder.com

File Name    : view/template/sale/customer_*(0)
VQModObject::applyMod - SEARCH NOT FOUND (ABORTING MOD): <div class="heading">

----------------------------------------------------------------------


---------- Date: 2014-09-29 00:59:17 ~ IP : 127.0.0.1 ----------
REQUEST URI : /opencart2/index.php?route=sale/customer/history&amp;token=1fef260075fbb3aabaaf5399aaeceb47&amp;customer_id=9
MOD DETAILS:
   modFile   : /var/www/html/opencart2/vqmod/xml/admin_theme_base5builder_impulsepro_1.5.5-above.xml
   id        : Admin Theme - Base 5 Builder - ImpulsePro
   version   : 1.0.4
   vqmver    : 2.0
   author    : Niyi Sodipe - Base5Builder.com

File Name    : view/template/sale/customer_*(0)
VQModObject::applyMod - SEARCH NOT FOUND (ABORTING MOD): <div class="heading">

----------------------------------------------------------------------


---------- Date: 2014-09-29 00:59:17 ~ IP : 127.0.0.1 ----------
REQUEST URI : /opencart2/index.php?route=sale/customer/lendings&amp;token=1fef260075fbb3aabaaf5399aaeceb47&amp;customer_id=9
MOD DETAILS:
   modFile   : /var/www/html/opencart2/vqmod/xml/admin_theme_base5builder_impulsepro_1.5.5-above.xml
   id        : Admin Theme - Base 5 Builder - ImpulsePro
   version   : 1.0.4
   vqmver    : 2.0
   author    : Niyi Sodipe - Base5Builder.com

File Name    : view/template/sale/customer_*(0)
VQModObject::applyMod - SEARCH NOT FOUND (ABORTING MOD): <div class="heading">

----------------------------------------------------------------------


---------- Date: 2014-09-29 01:00:06 ~ IP : 127.0.0.1 ----------
REQUEST URI : /opencart2/index.php?route=sale/customer/lendings&amp;token=1fef260075fbb3aabaaf5399aaeceb47&amp;customer_id=9
MOD DETAILS:
   modFile   : /var/www/html/opencart2/vqmod/xml/admin_theme_base5builder_impulsepro_1.5.5-above.xml
   id        : Admin Theme - Base 5 Builder - ImpulsePro
   version   : 1.0.4
   vqmver    : 2.0
   author    : Niyi Sodipe - Base5Builder.com

File Name    : view/template/sale/customer_*(0)
VQModObject::applyMod - SEARCH NOT FOUND (ABORTING MOD): <div class="heading">

----------------------------------------------------------------------


---------- Date: 2014-09-29 01:00:06 ~ IP : 127.0.0.1 ----------
REQUEST URI : /opencart2/index.php?route=sale/customer/history&amp;token=1fef260075fbb3aabaaf5399aaeceb47&amp;customer_id=9
MOD DETAILS:
   modFile   : /var/www/html/opencart2/vqmod/xml/admin_theme_base5builder_impulsepro_1.5.5-above.xml
   id        : Admin Theme - Base 5 Builder - ImpulsePro
   version   : 1.0.4
   vqmver    : 2.0
   author    : Niyi Sodipe - Base5Builder.com

File Name    : view/template/sale/customer_*(0)
VQModObject::applyMod - SEARCH NOT FOUND (ABORTING MOD): <div class="heading">

----------------------------------------------------------------------


---------- Date: 2014-09-29 01:01:43 ~ IP : 127.0.0.1 ----------
REQUEST URI : /opencart2/index.php?route=sale/customer/history&amp;token=1fef260075fbb3aabaaf5399aaeceb47&amp;customer_id=9
MOD DETAILS:
   modFile   : /var/www/html/opencart2/vqmod/xml/admin_theme_base5builder_impulsepro_1.5.5-above.xml
   id        : Admin Theme - Base 5 Builder - ImpulsePro
   version   : 1.0.4
   vqmver    : 2.0
   author    : Niyi Sodipe - Base5Builder.com

File Name    : view/template/sale/customer_*(0)
VQModObject::applyMod - SEARCH NOT FOUND (ABORTING MOD): <div class="heading">

----------------------------------------------------------------------


---------- Date: 2014-09-29 01:01:43 ~ IP : 127.0.0.1 ----------
REQUEST URI : /opencart2/index.php?route=sale/customer/lendings&amp;token=1fef260075fbb3aabaaf5399aaeceb47&amp;customer_id=9
MOD DETAILS:
   modFile   : /var/www/html/opencart2/vqmod/xml/admin_theme_base5builder_impulsepro_1.5.5-above.xml
   id        : Admin Theme - Base 5 Builder - ImpulsePro
   version   : 1.0.4
   vqmver    : 2.0
   author    : Niyi Sodipe - Base5Builder.com

File Name    : view/template/sale/customer_*(0)
VQModObject::applyMod - SEARCH NOT FOUND (ABORTING MOD): <div class="heading">

----------------------------------------------------------------------


---------- Date: 2014-09-29 01:03:14 ~ IP : 127.0.0.1 ----------
REQUEST URI : /opencart2/index.php?route=sale/customer/history&amp;token=1fef260075fbb3aabaaf5399aaeceb47&amp;customer_id=9
MOD DETAILS:
   modFile   : /var/www/html/opencart2/vqmod/xml/admin_theme_base5builder_impulsepro_1.5.5-above.xml
   id        : Admin Theme - Base 5 Builder - ImpulsePro
   version   : 1.0.4
   vqmver    : 2.0
   author    : Niyi Sodipe - Base5Builder.com

File Name    : view/template/sale/customer_*(0)
VQModObject::applyMod - SEARCH NOT FOUND (ABORTING MOD): <div class="heading">

----------------------------------------------------------------------


---------- Date: 2014-09-29 01:03:14 ~ IP : 127.0.0.1 ----------
REQUEST URI : /opencart2/index.php?route=sale/customer/lendings&amp;token=1fef260075fbb3aabaaf5399aaeceb47&amp;customer_id=9
MOD DETAILS:
   modFile   : /var/www/html/opencart2/vqmod/xml/admin_theme_base5builder_impulsepro_1.5.5-above.xml
   id        : Admin Theme - Base 5 Builder - ImpulsePro
   version   : 1.0.4
   vqmver    : 2.0
   author    : Niyi Sodipe - Base5Builder.com

File Name    : view/template/sale/customer_*(0)
VQModObject::applyMod - SEARCH NOT FOUND (ABORTING MOD): <div class="heading">

----------------------------------------------------------------------


---------- Date: 2014-09-29 01:03:16 ~ IP : 127.0.0.1 ----------
REQUEST URI : /opencart2/index.php?route=sale/customer/history&amp;token=1fef260075fbb3aabaaf5399aaeceb47&amp;customer_id=9
MOD DETAILS:
   modFile   : /var/www/html/opencart2/vqmod/xml/admin_theme_base5builder_impulsepro_1.5.5-above.xml
   id        : Admin Theme - Base 5 Builder - ImpulsePro
   version   : 1.0.4
   vqmver    : 2.0
   author    : Niyi Sodipe - Base5Builder.com

File Name    : view/template/sale/customer_*(0)
VQModObject::applyMod - SEARCH NOT FOUND (ABORTING MOD): <div class="heading">

----------------------------------------------------------------------


---------- Date: 2014-09-29 01:03:31 ~ IP : 127.0.0.1 ----------
REQUEST URI : /opencart2/index.php?route=sale/customer/history&amp;token=1fef260075fbb3aabaaf5399aaeceb47&amp;customer_id=9
MOD DETAILS:
   modFile   : /var/www/html/opencart2/vqmod/xml/admin_theme_base5builder_impulsepro_1.5.5-above.xml
   id        : Admin Theme - Base 5 Builder - ImpulsePro
   version   : 1.0.4
   vqmver    : 2.0
   author    : Niyi Sodipe - Base5Builder.com

File Name    : view/template/sale/customer_*(0)
VQModObject::applyMod - SEARCH NOT FOUND (ABORTING MOD): <div class="heading">

----------------------------------------------------------------------


---------- Date: 2014-09-29 01:03:32 ~ IP : 127.0.0.1 ----------
REQUEST URI : /opencart2/index.php?route=sale/customer/lendings&amp;token=1fef260075fbb3aabaaf5399aaeceb47&amp;customer_id=9
MOD DETAILS:
   modFile   : /var/www/html/opencart2/vqmod/xml/admin_theme_base5builder_impulsepro_1.5.5-above.xml
   id        : Admin Theme - Base 5 Builder - ImpulsePro
   version   : 1.0.4
   vqmver    : 2.0
   author    : Niyi Sodipe - Base5Builder.com

File Name    : view/template/sale/customer_*(0)
VQModObject::applyMod - SEARCH NOT FOUND (ABORTING MOD): <div class="heading">

----------------------------------------------------------------------


---------- Date: 2014-09-29 01:04:38 ~ IP : 127.0.0.1 ----------
REQUEST URI : /opencart2/index.php?route=sale/customer/history&amp;token=1fef260075fbb3aabaaf5399aaeceb47&amp;customer_id=9
MOD DETAILS:
   modFile   : /var/www/html/opencart2/vqmod/xml/admin_theme_base5builder_impulsepro_1.5.5-above.xml
   id        : Admin Theme - Base 5 Builder - ImpulsePro
   version   : 1.0.4
   vqmver    : 2.0
   author    : Niyi Sodipe - Base5Builder.com

File Name    : view/template/sale/customer_*(0)
VQModObject::applyMod - SEARCH NOT FOUND (ABORTING MOD): <div class="heading">

----------------------------------------------------------------------


---------- Date: 2014-09-29 01:04:38 ~ IP : 127.0.0.1 ----------
REQUEST URI : /opencart2/index.php?route=sale/customer/lendings&amp;token=1fef260075fbb3aabaaf5399aaeceb47&amp;customer_id=9
MOD DETAILS:
   modFile   : /var/www/html/opencart2/vqmod/xml/admin_theme_base5builder_impulsepro_1.5.5-above.xml
   id        : Admin Theme - Base 5 Builder - ImpulsePro
   version   : 1.0.4
   vqmver    : 2.0
   author    : Niyi Sodipe - Base5Builder.com

File Name    : view/template/sale/customer_*(0)
VQModObject::applyMod - SEARCH NOT FOUND (ABORTING MOD): <div class="heading">

----------------------------------------------------------------------


---------- Date: 2014-09-29 01:04:47 ~ IP : 127.0.0.1 ----------
REQUEST URI : /opencart2/index.php?route=sale/customer/transaction&amp;token=1fef260075fbb3aabaaf5399aaeceb47&amp;customer_id=9
MOD DETAILS:
   modFile   : /var/www/html/opencart2/vqmod/xml/admin_theme_base5builder_impulsepro_1.5.5-above.xml
   id        : Admin Theme - Base 5 Builder - ImpulsePro
   version   : 1.0.4
   vqmver    : 2.0
   author    : Niyi Sodipe - Base5Builder.com

File Name    : view/template/sale/customer_*(0)
VQModObject::applyMod - SEARCH NOT FOUND (ABORTING MOD): <div class="heading">

----------------------------------------------------------------------


---------- Date: 2014-09-29 01:04:55 ~ IP : 127.0.0.1 ----------
REQUEST URI : /opencart2/index.php?route=sale/customer/transaction&amp;token=1fef260075fbb3aabaaf5399aaeceb47&amp;customer_id=9
MOD DETAILS:
   modFile   : /var/www/html/opencart2/vqmod/xml/admin_theme_base5builder_impulsepro_1.5.5-above.xml
   id        : Admin Theme - Base 5 Builder - ImpulsePro
   version   : 1.0.4
   vqmver    : 2.0
   author    : Niyi Sodipe - Base5Builder.com

File Name    : view/template/sale/customer_*(0)
VQModObject::applyMod - SEARCH NOT FOUND (ABORTING MOD): <div class="heading">

----------------------------------------------------------------------


---------- Date: 2014-09-29 01:04:56 ~ IP : 127.0.0.1 ----------
REQUEST URI : /opencart2/index.php?route=sale/customer/transaction&amp;token=1fef260075fbb3aabaaf5399aaeceb47&amp;customer_id=9
MOD DETAILS:
   modFile   : /var/www/html/opencart2/vqmod/xml/admin_theme_base5builder_impulsepro_1.5.5-above.xml
   id        : Admin Theme - Base 5 Builder - ImpulsePro
   version   : 1.0.4
   vqmver    : 2.0
   author    : Niyi Sodipe - Base5Builder.com

File Name    : view/template/sale/customer_*(0)
VQModObject::applyMod - SEARCH NOT FOUND (ABORTING MOD): <div class="heading">

----------------------------------------------------------------------


---------- Date: 2014-09-29 01:04:58 ~ IP : 127.0.0.1 ----------
REQUEST URI : /opencart2/index.php?route=sale/customer/history&amp;token=1fef260075fbb3aabaaf5399aaeceb47&amp;customer_id=9
MOD DETAILS:
   modFile   : /var/www/html/opencart2/vqmod/xml/admin_theme_base5builder_impulsepro_1.5.5-above.xml
   id        : Admin Theme - Base 5 Builder - ImpulsePro
   version   : 1.0.4
   vqmver    : 2.0
   author    : Niyi Sodipe - Base5Builder.com

File Name    : view/template/sale/customer_*(0)
VQModObject::applyMod - SEARCH NOT FOUND (ABORTING MOD): <div class="heading">

----------------------------------------------------------------------


---------- Date: 2014-09-29 01:04:58 ~ IP : 127.0.0.1 ----------
REQUEST URI : /opencart2/index.php?route=sale/customer/transaction&amp;token=1fef260075fbb3aabaaf5399aaeceb47&amp;customer_id=9
MOD DETAILS:
   modFile   : /var/www/html/opencart2/vqmod/xml/admin_theme_base5builder_impulsepro_1.5.5-above.xml
   id        : Admin Theme - Base 5 Builder - ImpulsePro
   version   : 1.0.4
   vqmver    : 2.0
   author    : Niyi Sodipe - Base5Builder.com

File Name    : view/template/sale/customer_*(0)
VQModObject::applyMod - SEARCH NOT FOUND (ABORTING MOD): <div class="heading">

----------------------------------------------------------------------


---------- Date: 2014-09-29 01:04:58 ~ IP : 127.0.0.1 ----------
REQUEST URI : /opencart2/index.php?route=sale/customer/lendings&amp;token=1fef260075fbb3aabaaf5399aaeceb47&amp;customer_id=9
MOD DETAILS:
   modFile   : /var/www/html/opencart2/vqmod/xml/admin_theme_base5builder_impulsepro_1.5.5-above.xml
   id        : Admin Theme - Base 5 Builder - ImpulsePro
   version   : 1.0.4
   vqmver    : 2.0
   author    : Niyi Sodipe - Base5Builder.com

File Name    : view/template/sale/customer_*(0)
VQModObject::applyMod - SEARCH NOT FOUND (ABORTING MOD): <div class="heading">

----------------------------------------------------------------------


---------- Date: 2014-09-29 01:05:07 ~ IP : 127.0.0.1 ----------
REQUEST URI : /opencart2/index.php?route=sale/customer/lendings&amp;token=1fef260075fbb3aabaaf5399aaeceb47&amp;customer_id=9
MOD DETAILS:
   modFile   : /var/www/html/opencart2/vqmod/xml/admin_theme_base5builder_impulsepro_1.5.5-above.xml
   id        : Admin Theme - Base 5 Builder - ImpulsePro
   version   : 1.0.4
   vqmver    : 2.0
   author    : Niyi Sodipe - Base5Builder.com

File Name    : view/template/sale/customer_*(0)
VQModObject::applyMod - SEARCH NOT FOUND (ABORTING MOD): <div class="heading">

----------------------------------------------------------------------


---------- Date: 2014-09-29 01:05:10 ~ IP : 127.0.0.1 ----------
REQUEST URI : /opencart2/index.php?route=sale/customer/transaction&amp;token=1fef260075fbb3aabaaf5399aaeceb47&amp;customer_id=9
MOD DETAILS:
   modFile   : /var/www/html/opencart2/vqmod/xml/admin_theme_base5builder_impulsepro_1.5.5-above.xml
   id        : Admin Theme - Base 5 Builder - ImpulsePro
   version   : 1.0.4
   vqmver    : 2.0
   author    : Niyi Sodipe - Base5Builder.com

File Name    : view/template/sale/customer_*(0)
VQModObject::applyMod - SEARCH NOT FOUND (ABORTING MOD): <div class="heading">

----------------------------------------------------------------------


---------- Date: 2014-09-29 01:05:10 ~ IP : 127.0.0.1 ----------
REQUEST URI : /opencart2/index.php?route=sale/customer/transaction&amp;token=1fef260075fbb3aabaaf5399aaeceb47&amp;customer_id=9
MOD DETAILS:
   modFile   : /var/www/html/opencart2/vqmod/xml/admin_theme_base5builder_impulsepro_1.5.5-above.xml
   id        : Admin Theme - Base 5 Builder - ImpulsePro
   version   : 1.0.4
   vqmver    : 2.0
   author    : Niyi Sodipe - Base5Builder.com

File Name    : view/template/sale/customer_*(0)
VQModObject::applyMod - SEARCH NOT FOUND (ABORTING MOD): <div class="heading">

----------------------------------------------------------------------


---------- Date: 2014-09-29 01:05:11 ~ IP : 127.0.0.1 ----------
REQUEST URI : /opencart2/index.php?route=sale/customer/transaction&amp;token=1fef260075fbb3aabaaf5399aaeceb47&amp;customer_id=9
MOD DETAILS:
   modFile   : /var/www/html/opencart2/vqmod/xml/admin_theme_base5builder_impulsepro_1.5.5-above.xml
   id        : Admin Theme - Base 5 Builder - ImpulsePro
   version   : 1.0.4
   vqmver    : 2.0
   author    : Niyi Sodipe - Base5Builder.com

File Name    : view/template/sale/customer_*(0)
VQModObject::applyMod - SEARCH NOT FOUND (ABORTING MOD): <div class="heading">

----------------------------------------------------------------------


---------- Date: 2014-09-29 01:05:44 ~ IP : 127.0.0.1 ----------
REQUEST URI : /opencart2/index.php?route=sale/customer/lendings&amp;token=1fef260075fbb3aabaaf5399aaeceb47&amp;customer_id=9
MOD DETAILS:
   modFile   : /var/www/html/opencart2/vqmod/xml/admin_theme_base5builder_impulsepro_1.5.5-above.xml
   id        : Admin Theme - Base 5 Builder - ImpulsePro
   version   : 1.0.4
   vqmver    : 2.0
   author    : Niyi Sodipe - Base5Builder.com

File Name    : view/template/sale/customer_*(0)
VQModObject::applyMod - SEARCH NOT FOUND (ABORTING MOD): <div class="heading">

----------------------------------------------------------------------


---------- Date: 2014-09-29 01:05:46 ~ IP : 127.0.0.1 ----------
REQUEST URI : /opencart2/index.php?route=sale/customer/lendings&amp;token=1fef260075fbb3aabaaf5399aaeceb47&amp;customer_id=9
MOD DETAILS:
   modFile   : /var/www/html/opencart2/vqmod/xml/admin_theme_base5builder_impulsepro_1.5.5-above.xml
   id        : Admin Theme - Base 5 Builder - ImpulsePro
   version   : 1.0.4
   vqmver    : 2.0
   author    : Niyi Sodipe - Base5Builder.com

File Name    : view/template/sale/customer_*(0)
VQModObject::applyMod - SEARCH NOT FOUND (ABORTING MOD): <div class="heading">

----------------------------------------------------------------------


---------- Date: 2014-09-29 01:05:48 ~ IP : 127.0.0.1 ----------
REQUEST URI : /opencart2/index.php?route=sale/customer/lendings&amp;token=1fef260075fbb3aabaaf5399aaeceb47&amp;customer_id=9
MOD DETAILS:
   modFile   : /var/www/html/opencart2/vqmod/xml/admin_theme_base5builder_impulsepro_1.5.5-above.xml
   id        : Admin Theme - Base 5 Builder - ImpulsePro
   version   : 1.0.4
   vqmver    : 2.0
   author    : Niyi Sodipe - Base5Builder.com

File Name    : view/template/sale/customer_*(0)
VQModObject::applyMod - SEARCH NOT FOUND (ABORTING MOD): <div class="heading">

----------------------------------------------------------------------


---------- Date: 2014-09-29 01:05:54 ~ IP : 127.0.0.1 ----------
REQUEST URI : /opencart2/index.php?route=sale/customer/lendings&amp;token=1fef260075fbb3aabaaf5399aaeceb47&amp;customer_id=9
MOD DETAILS:
   modFile   : /var/www/html/opencart2/vqmod/xml/admin_theme_base5builder_impulsepro_1.5.5-above.xml
   id        : Admin Theme - Base 5 Builder - ImpulsePro
   version   : 1.0.4
   vqmver    : 2.0
   author    : Niyi Sodipe - Base5Builder.com

File Name    : view/template/sale/customer_*(0)
VQModObject::applyMod - SEARCH NOT FOUND (ABORTING MOD): <div class="heading">

----------------------------------------------------------------------


---------- Date: 2014-09-29 01:07:20 ~ IP : 127.0.0.1 ----------
REQUEST URI : /opencart2/index.php?route=sale/customer/transaction&amp;token=1fef260075fbb3aabaaf5399aaeceb47&amp;customer_id=9
MOD DETAILS:
   modFile   : /var/www/html/opencart2/vqmod/xml/admin_theme_base5builder_impulsepro_1.5.5-above.xml
   id        : Admin Theme - Base 5 Builder - ImpulsePro
   version   : 1.0.4
   vqmver    : 2.0
   author    : Niyi Sodipe - Base5Builder.com

File Name    : view/template/sale/customer_*(0)
VQModObject::applyMod - SEARCH NOT FOUND (ABORTING MOD): <div class="heading">

----------------------------------------------------------------------


---------- Date: 2014-09-29 01:07:21 ~ IP : 127.0.0.1 ----------
REQUEST URI : /opencart2/index.php?route=sale/customer/transaction&amp;token=1fef260075fbb3aabaaf5399aaeceb47&amp;customer_id=9
MOD DETAILS:
   modFile   : /var/www/html/opencart2/vqmod/xml/admin_theme_base5builder_impulsepro_1.5.5-above.xml
   id        : Admin Theme - Base 5 Builder - ImpulsePro
   version   : 1.0.4
   vqmver    : 2.0
   author    : Niyi Sodipe - Base5Builder.com

File Name    : view/template/sale/customer_*(0)
VQModObject::applyMod - SEARCH NOT FOUND (ABORTING MOD): <div class="heading">

----------------------------------------------------------------------


---------- Date: 2014-09-29 01:07:54 ~ IP : 127.0.0.1 ----------
REQUEST URI : /opencart2/index.php?route=sale/customer/lendings&amp;token=1fef260075fbb3aabaaf5399aaeceb47&amp;customer_id=9
MOD DETAILS:
   modFile   : /var/www/html/opencart2/vqmod/xml/admin_theme_base5builder_impulsepro_1.5.5-above.xml
   id        : Admin Theme - Base 5 Builder - ImpulsePro
   version   : 1.0.4
   vqmver    : 2.0
   author    : Niyi Sodipe - Base5Builder.com

File Name    : view/template/sale/customer_*(0)
VQModObject::applyMod - SEARCH NOT FOUND (ABORTING MOD): <div class="heading">

----------------------------------------------------------------------


---------- Date: 2014-09-29 01:07:55 ~ IP : 127.0.0.1 ----------
REQUEST URI : /opencart2/index.php?route=sale/customer/transaction&amp;token=1fef260075fbb3aabaaf5399aaeceb47&amp;customer_id=9
MOD DETAILS:
   modFile   : /var/www/html/opencart2/vqmod/xml/admin_theme_base5builder_impulsepro_1.5.5-above.xml
   id        : Admin Theme - Base 5 Builder - ImpulsePro
   version   : 1.0.4
   vqmver    : 2.0
   author    : Niyi Sodipe - Base5Builder.com

File Name    : view/template/sale/customer_*(0)
VQModObject::applyMod - SEARCH NOT FOUND (ABORTING MOD): <div class="heading">

----------------------------------------------------------------------


---------- Date: 2014-09-29 01:07:57 ~ IP : 127.0.0.1 ----------
REQUEST URI : /opencart2/index.php?route=sale/customer/history&amp;token=1fef260075fbb3aabaaf5399aaeceb47&amp;customer_id=9
MOD DETAILS:
   modFile   : /var/www/html/opencart2/vqmod/xml/admin_theme_base5builder_impulsepro_1.5.5-above.xml
   id        : Admin Theme - Base 5 Builder - ImpulsePro
   version   : 1.0.4
   vqmver    : 2.0
   author    : Niyi Sodipe - Base5Builder.com

File Name    : view/template/sale/customer_*(0)
VQModObject::applyMod - SEARCH NOT FOUND (ABORTING MOD): <div class="heading">

----------------------------------------------------------------------


---------- Date: 2014-09-29 01:07:57 ~ IP : 127.0.0.1 ----------
REQUEST URI : /opencart2/index.php?route=sale/customer/transaction&amp;token=1fef260075fbb3aabaaf5399aaeceb47&amp;customer_id=9
MOD DETAILS:
   modFile   : /var/www/html/opencart2/vqmod/xml/admin_theme_base5builder_impulsepro_1.5.5-above.xml
   id        : Admin Theme - Base 5 Builder - ImpulsePro
   version   : 1.0.4
   vqmver    : 2.0
   author    : Niyi Sodipe - Base5Builder.com

File Name    : view/template/sale/customer_*(0)
VQModObject::applyMod - SEARCH NOT FOUND (ABORTING MOD): <div class="heading">

----------------------------------------------------------------------


---------- Date: 2014-09-29 01:07:57 ~ IP : 127.0.0.1 ----------
REQUEST URI : /opencart2/index.php?route=sale/customer/lendings&amp;token=1fef260075fbb3aabaaf5399aaeceb47&amp;customer_id=9
MOD DETAILS:
   modFile   : /var/www/html/opencart2/vqmod/xml/admin_theme_base5builder_impulsepro_1.5.5-above.xml
   id        : Admin Theme - Base 5 Builder - ImpulsePro
   version   : 1.0.4
   vqmver    : 2.0
   author    : Niyi Sodipe - Base5Builder.com

File Name    : view/template/sale/customer_*(0)
VQModObject::applyMod - SEARCH NOT FOUND (ABORTING MOD): <div class="heading">

----------------------------------------------------------------------


---------- Date: 2014-09-29 01:10:25 ~ IP : 127.0.0.1 ----------
REQUEST URI : /opencart2/index.php?route=sale/customer/transaction&amp;token=1fef260075fbb3aabaaf5399aaeceb47&amp;customer_id=9
MOD DETAILS:
   modFile   : /var/www/html/opencart2/vqmod/xml/admin_theme_base5builder_impulsepro_1.5.5-above.xml
   id        : Admin Theme - Base 5 Builder - ImpulsePro
   version   : 1.0.4
   vqmver    : 2.0
   author    : Niyi Sodipe - Base5Builder.com

File Name    : view/template/sale/customer_*(0)
VQModObject::applyMod - SEARCH NOT FOUND (ABORTING MOD): <div class="heading">

----------------------------------------------------------------------


---------- Date: 2014-09-29 01:10:30 ~ IP : 127.0.0.1 ----------
REQUEST URI : /opencart2/index.php?route=sale/customer/history&amp;token=1fef260075fbb3aabaaf5399aaeceb47&amp;customer_id=9
MOD DETAILS:
   modFile   : /var/www/html/opencart2/vqmod/xml/admin_theme_base5builder_impulsepro_1.5.5-above.xml
   id        : Admin Theme - Base 5 Builder - ImpulsePro
   version   : 1.0.4
   vqmver    : 2.0
   author    : Niyi Sodipe - Base5Builder.com

File Name    : view/template/sale/customer_*(0)
VQModObject::applyMod - SEARCH NOT FOUND (ABORTING MOD): <div class="heading">

----------------------------------------------------------------------


---------- Date: 2014-09-29 01:10:30 ~ IP : 127.0.0.1 ----------
REQUEST URI : /opencart2/index.php?route=sale/customer/transaction&amp;token=1fef260075fbb3aabaaf5399aaeceb47&amp;customer_id=9
MOD DETAILS:
   modFile   : /var/www/html/opencart2/vqmod/xml/admin_theme_base5builder_impulsepro_1.5.5-above.xml
   id        : Admin Theme - Base 5 Builder - ImpulsePro
   version   : 1.0.4
   vqmver    : 2.0
   author    : Niyi Sodipe - Base5Builder.com

File Name    : view/template/sale/customer_*(0)
VQModObject::applyMod - SEARCH NOT FOUND (ABORTING MOD): <div class="heading">

----------------------------------------------------------------------


---------- Date: 2014-09-29 01:10:30 ~ IP : 127.0.0.1 ----------
REQUEST URI : /opencart2/index.php?route=sale/customer/lendings&amp;token=1fef260075fbb3aabaaf5399aaeceb47&amp;customer_id=9
MOD DETAILS:
   modFile   : /var/www/html/opencart2/vqmod/xml/admin_theme_base5builder_impulsepro_1.5.5-above.xml
   id        : Admin Theme - Base 5 Builder - ImpulsePro
   version   : 1.0.4
   vqmver    : 2.0
   author    : Niyi Sodipe - Base5Builder.com

File Name    : view/template/sale/customer_*(0)
VQModObject::applyMod - SEARCH NOT FOUND (ABORTING MOD): <div class="heading">

----------------------------------------------------------------------


---------- Date: 2014-09-29 01:10:36 ~ IP : 127.0.0.1 ----------
REQUEST URI : /opencart2/index.php?route=sale/customer/lendings&amp;token=1fef260075fbb3aabaaf5399aaeceb47&amp;customer_id=10
MOD DETAILS:
   modFile   : /var/www/html/opencart2/vqmod/xml/admin_theme_base5builder_impulsepro_1.5.5-above.xml
   id        : Admin Theme - Base 5 Builder - ImpulsePro
   version   : 1.0.4
   vqmver    : 2.0
   author    : Niyi Sodipe - Base5Builder.com

File Name    : view/template/sale/customer_*(0)
VQModObject::applyMod - SEARCH NOT FOUND (ABORTING MOD): <div class="heading">

----------------------------------------------------------------------


---------- Date: 2014-09-29 01:10:36 ~ IP : 127.0.0.1 ----------
REQUEST URI : /opencart2/index.php?route=sale/customer/history&amp;token=1fef260075fbb3aabaaf5399aaeceb47&amp;customer_id=10
MOD DETAILS:
   modFile   : /var/www/html/opencart2/vqmod/xml/admin_theme_base5builder_impulsepro_1.5.5-above.xml
   id        : Admin Theme - Base 5 Builder - ImpulsePro
   version   : 1.0.4
   vqmver    : 2.0
   author    : Niyi Sodipe - Base5Builder.com

File Name    : view/template/sale/customer_*(0)
VQModObject::applyMod - SEARCH NOT FOUND (ABORTING MOD): <div class="heading">

----------------------------------------------------------------------


---------- Date: 2014-09-29 01:10:36 ~ IP : 127.0.0.1 ----------
REQUEST URI : /opencart2/index.php?route=sale/customer/transaction&amp;token=1fef260075fbb3aabaaf5399aaeceb47&amp;customer_id=10
MOD DETAILS:
   modFile   : /var/www/html/opencart2/vqmod/xml/admin_theme_base5builder_impulsepro_1.5.5-above.xml
   id        : Admin Theme - Base 5 Builder - ImpulsePro
   version   : 1.0.4
   vqmver    : 2.0
   author    : Niyi Sodipe - Base5Builder.com

File Name    : view/template/sale/customer_*(0)
VQModObject::applyMod - SEARCH NOT FOUND (ABORTING MOD): <div class="heading">

----------------------------------------------------------------------


---------- Date: 2014-09-29 01:10:39 ~ IP : 127.0.0.1 ----------
REQUEST URI : /opencart2/index.php?route=sale/customer/transaction&amp;token=1fef260075fbb3aabaaf5399aaeceb47&amp;customer_id=10
MOD DETAILS:
   modFile   : /var/www/html/opencart2/vqmod/xml/admin_theme_base5builder_impulsepro_1.5.5-above.xml
   id        : Admin Theme - Base 5 Builder - ImpulsePro
   version   : 1.0.4
   vqmver    : 2.0
   author    : Niyi Sodipe - Base5Builder.com

File Name    : view/template/sale/customer_*(0)
VQModObject::applyMod - SEARCH NOT FOUND (ABORTING MOD): <div class="heading">

----------------------------------------------------------------------


---------- Date: 2014-09-29 01:10:50 ~ IP : 127.0.0.1 ----------
REQUEST URI : /opencart2/index.php?route=sale/customer/history&amp;token=1fef260075fbb3aabaaf5399aaeceb47&amp;customer_id=11
MOD DETAILS:
   modFile   : /var/www/html/opencart2/vqmod/xml/admin_theme_base5builder_impulsepro_1.5.5-above.xml
   id        : Admin Theme - Base 5 Builder - ImpulsePro
   version   : 1.0.4
   vqmver    : 2.0
   author    : Niyi Sodipe - Base5Builder.com

File Name    : view/template/sale/customer_*(0)
VQModObject::applyMod - SEARCH NOT FOUND (ABORTING MOD): <div class="heading">

----------------------------------------------------------------------


---------- Date: 2014-09-29 01:10:50 ~ IP : 127.0.0.1 ----------
REQUEST URI : /opencart2/index.php?route=sale/customer/transaction&amp;token=1fef260075fbb3aabaaf5399aaeceb47&amp;customer_id=11
MOD DETAILS:
   modFile   : /var/www/html/opencart2/vqmod/xml/admin_theme_base5builder_impulsepro_1.5.5-above.xml
   id        : Admin Theme - Base 5 Builder - ImpulsePro
   version   : 1.0.4
   vqmver    : 2.0
   author    : Niyi Sodipe - Base5Builder.com

File Name    : view/template/sale/customer_*(0)
VQModObject::applyMod - SEARCH NOT FOUND (ABORTING MOD): <div class="heading">

----------------------------------------------------------------------


---------- Date: 2014-09-29 01:10:50 ~ IP : 127.0.0.1 ----------
REQUEST URI : /opencart2/index.php?route=sale/customer/lendings&amp;token=1fef260075fbb3aabaaf5399aaeceb47&amp;customer_id=11
MOD DETAILS:
   modFile   : /var/www/html/opencart2/vqmod/xml/admin_theme_base5builder_impulsepro_1.5.5-above.xml
   id        : Admin Theme - Base 5 Builder - ImpulsePro
   version   : 1.0.4
   vqmver    : 2.0
   author    : Niyi Sodipe - Base5Builder.com

File Name    : view/template/sale/customer_*(0)
VQModObject::applyMod - SEARCH NOT FOUND (ABORTING MOD): <div class="heading">

----------------------------------------------------------------------


---------- Date: 2014-09-29 01:10:52 ~ IP : 127.0.0.1 ----------
REQUEST URI : /opencart2/index.php?route=sale/customer/transaction&amp;token=1fef260075fbb3aabaaf5399aaeceb47&amp;customer_id=11
MOD DETAILS:
   modFile   : /var/www/html/opencart2/vqmod/xml/admin_theme_base5builder_impulsepro_1.5.5-above.xml
   id        : Admin Theme - Base 5 Builder - ImpulsePro
   version   : 1.0.4
   vqmver    : 2.0
   author    : Niyi Sodipe - Base5Builder.com

File Name    : view/template/sale/customer_*(0)
VQModObject::applyMod - SEARCH NOT FOUND (ABORTING MOD): <div class="heading">

----------------------------------------------------------------------


---------- Date: 2014-09-29 01:11:07 ~ IP : 127.0.0.1 ----------
REQUEST URI : /opencart2/index.php?route=sale/customer/transaction&amp;token=1fef260075fbb3aabaaf5399aaeceb47&amp;customer_id=11
MOD DETAILS:
   modFile   : /var/www/html/opencart2/vqmod/xml/admin_theme_base5builder_impulsepro_1.5.5-above.xml
   id        : Admin Theme - Base 5 Builder - ImpulsePro
   version   : 1.0.4
   vqmver    : 2.0
   author    : Niyi Sodipe - Base5Builder.com

File Name    : view/template/sale/customer_*(0)
VQModObject::applyMod - SEARCH NOT FOUND (ABORTING MOD): <div class="heading">

----------------------------------------------------------------------


---------- Date: 2014-09-29 01:11:09 ~ IP : 127.0.0.1 ----------
REQUEST URI : /opencart2/index.php?route=sale/customer/lendings&amp;token=1fef260075fbb3aabaaf5399aaeceb47&amp;customer_id=10
MOD DETAILS:
   modFile   : /var/www/html/opencart2/vqmod/xml/admin_theme_base5builder_impulsepro_1.5.5-above.xml
   id        : Admin Theme - Base 5 Builder - ImpulsePro
   version   : 1.0.4
   vqmver    : 2.0
   author    : Niyi Sodipe - Base5Builder.com

File Name    : view/template/sale/customer_*(0)
VQModObject::applyMod - SEARCH NOT FOUND (ABORTING MOD): <div class="heading">

----------------------------------------------------------------------


---------- Date: 2014-09-29 01:11:09 ~ IP : 127.0.0.1 ----------
REQUEST URI : /opencart2/index.php?route=sale/customer/history&amp;token=1fef260075fbb3aabaaf5399aaeceb47&amp;customer_id=10
MOD DETAILS:
   modFile   : /var/www/html/opencart2/vqmod/xml/admin_theme_base5builder_impulsepro_1.5.5-above.xml
   id        : Admin Theme - Base 5 Builder - ImpulsePro
   version   : 1.0.4
   vqmver    : 2.0
   author    : Niyi Sodipe - Base5Builder.com

File Name    : view/template/sale/customer_*(0)
VQModObject::applyMod - SEARCH NOT FOUND (ABORTING MOD): <div class="heading">

----------------------------------------------------------------------


---------- Date: 2014-09-29 01:11:09 ~ IP : 127.0.0.1 ----------
REQUEST URI : /opencart2/index.php?route=sale/customer/transaction&amp;token=1fef260075fbb3aabaaf5399aaeceb47&amp;customer_id=10
MOD DETAILS:
   modFile   : /var/www/html/opencart2/vqmod/xml/admin_theme_base5builder_impulsepro_1.5.5-above.xml
   id        : Admin Theme - Base 5 Builder - ImpulsePro
   version   : 1.0.4
   vqmver    : 2.0
   author    : Niyi Sodipe - Base5Builder.com

File Name    : view/template/sale/customer_*(0)
VQModObject::applyMod - SEARCH NOT FOUND (ABORTING MOD): <div class="heading">

----------------------------------------------------------------------


---------- Date: 2014-09-29 01:11:10 ~ IP : 127.0.0.1 ----------
REQUEST URI : /opencart2/index.php?route=sale/customer/transaction&amp;token=1fef260075fbb3aabaaf5399aaeceb47&amp;customer_id=10
MOD DETAILS:
   modFile   : /var/www/html/opencart2/vqmod/xml/admin_theme_base5builder_impulsepro_1.5.5-above.xml
   id        : Admin Theme - Base 5 Builder - ImpulsePro
   version   : 1.0.4
   vqmver    : 2.0
   author    : Niyi Sodipe - Base5Builder.com

File Name    : view/template/sale/customer_*(0)
VQModObject::applyMod - SEARCH NOT FOUND (ABORTING MOD): <div class="heading">

----------------------------------------------------------------------


---------- Date: 2014-09-29 01:11:49 ~ IP : 127.0.0.1 ----------
REQUEST URI : /opencart2/index.php?route=sale/customer/transaction&amp;token=1fef260075fbb3aabaaf5399aaeceb47&amp;customer_id=10
MOD DETAILS:
   modFile   : /var/www/html/opencart2/vqmod/xml/admin_theme_base5builder_impulsepro_1.5.5-above.xml
   id        : Admin Theme - Base 5 Builder - ImpulsePro
   version   : 1.0.4
   vqmver    : 2.0
   author    : Niyi Sodipe - Base5Builder.com

File Name    : view/template/sale/customer_*(0)
VQModObject::applyMod - SEARCH NOT FOUND (ABORTING MOD): <div class="heading">

----------------------------------------------------------------------


---------- Date: 2014-09-29 01:11:57 ~ IP : 127.0.0.1 ----------
REQUEST URI : /opencart2/index.php?route=sale/customer/transaction&amp;token=1fef260075fbb3aabaaf5399aaeceb47&amp;customer_id=10
MOD DETAILS:
   modFile   : /var/www/html/opencart2/vqmod/xml/admin_theme_base5builder_impulsepro_1.5.5-above.xml
   id        : Admin Theme - Base 5 Builder - ImpulsePro
   version   : 1.0.4
   vqmver    : 2.0
   author    : Niyi Sodipe - Base5Builder.com

File Name    : view/template/sale/customer_*(0)
VQModObject::applyMod - SEARCH NOT FOUND (ABORTING MOD): <div class="heading">

----------------------------------------------------------------------


---------- Date: 2014-09-29 01:11:57 ~ IP : 127.0.0.1 ----------
REQUEST URI : /opencart2/index.php?route=sale/customer/transaction&amp;token=1fef260075fbb3aabaaf5399aaeceb47&amp;customer_id=10
MOD DETAILS:
   modFile   : /var/www/html/opencart2/vqmod/xml/admin_theme_base5builder_impulsepro_1.5.5-above.xml
   id        : Admin Theme - Base 5 Builder - ImpulsePro
   version   : 1.0.4
   vqmver    : 2.0
   author    : Niyi Sodipe - Base5Builder.com

File Name    : view/template/sale/customer_*(0)
VQModObject::applyMod - SEARCH NOT FOUND (ABORTING MOD): <div class="heading">

----------------------------------------------------------------------


---------- Date: 2014-09-29 01:11:59 ~ IP : 127.0.0.1 ----------
REQUEST URI : /opencart2/index.php?route=sale/customer/transaction&amp;token=1fef260075fbb3aabaaf5399aaeceb47&amp;customer_id=10
MOD DETAILS:
   modFile   : /var/www/html/opencart2/vqmod/xml/admin_theme_base5builder_impulsepro_1.5.5-above.xml
   id        : Admin Theme - Base 5 Builder - ImpulsePro
   version   : 1.0.4
   vqmver    : 2.0
   author    : Niyi Sodipe - Base5Builder.com

File Name    : view/template/sale/customer_*(0)
VQModObject::applyMod - SEARCH NOT FOUND (ABORTING MOD): <div class="heading">

----------------------------------------------------------------------


---------- Date: 2014-09-29 01:12:21 ~ IP : 127.0.0.1 ----------
REQUEST URI : /opencart2/index.php?route=sale/customer/lendings&amp;token=1fef260075fbb3aabaaf5399aaeceb47&amp;customer_id=10
MOD DETAILS:
   modFile   : /var/www/html/opencart2/vqmod/xml/admin_theme_base5builder_impulsepro_1.5.5-above.xml
   id        : Admin Theme - Base 5 Builder - ImpulsePro
   version   : 1.0.4
   vqmver    : 2.0
   author    : Niyi Sodipe - Base5Builder.com

File Name    : view/template/sale/customer_*(0)
VQModObject::applyMod - SEARCH NOT FOUND (ABORTING MOD): <div class="heading">

----------------------------------------------------------------------


---------- Date: 2014-09-29 01:12:21 ~ IP : 127.0.0.1 ----------
REQUEST URI : /opencart2/index.php?route=sale/customer/transaction&amp;token=1fef260075fbb3aabaaf5399aaeceb47&amp;customer_id=10
MOD DETAILS:
   modFile   : /var/www/html/opencart2/vqmod/xml/admin_theme_base5builder_impulsepro_1.5.5-above.xml
   id        : Admin Theme - Base 5 Builder - ImpulsePro
   version   : 1.0.4
   vqmver    : 2.0
   author    : Niyi Sodipe - Base5Builder.com

File Name    : view/template/sale/customer_*(0)
VQModObject::applyMod - SEARCH NOT FOUND (ABORTING MOD): <div class="heading">

----------------------------------------------------------------------


---------- Date: 2014-09-29 01:12:23 ~ IP : 127.0.0.1 ----------
REQUEST URI : /opencart2/index.php?route=sale/customer/transaction&amp;token=1fef260075fbb3aabaaf5399aaeceb47&amp;customer_id=10
MOD DETAILS:
   modFile   : /var/www/html/opencart2/vqmod/xml/admin_theme_base5builder_impulsepro_1.5.5-above.xml
   id        : Admin Theme - Base 5 Builder - ImpulsePro
   version   : 1.0.4
   vqmver    : 2.0
   author    : Niyi Sodipe - Base5Builder.com

File Name    : view/template/sale/customer_*(0)
VQModObject::applyMod - SEARCH NOT FOUND (ABORTING MOD): <div class="heading">

----------------------------------------------------------------------


---------- Date: 2014-09-29 01:12:23 ~ IP : 127.0.0.1 ----------
REQUEST URI : /opencart2/index.php?route=sale/customer/history&amp;token=1fef260075fbb3aabaaf5399aaeceb47&amp;customer_id=10
MOD DETAILS:
   modFile   : /var/www/html/opencart2/vqmod/xml/admin_theme_base5builder_impulsepro_1.5.5-above.xml
   id        : Admin Theme - Base 5 Builder - ImpulsePro
   version   : 1.0.4
   vqmver    : 2.0
   author    : Niyi Sodipe - Base5Builder.com

File Name    : view/template/sale/customer_*(0)
VQModObject::applyMod - SEARCH NOT FOUND (ABORTING MOD): <div class="heading">

----------------------------------------------------------------------


---------- Date: 2014-09-29 01:12:23 ~ IP : 127.0.0.1 ----------
REQUEST URI : /opencart2/index.php?route=sale/customer/lendings&amp;token=1fef260075fbb3aabaaf5399aaeceb47&amp;customer_id=10
MOD DETAILS:
   modFile   : /var/www/html/opencart2/vqmod/xml/admin_theme_base5builder_impulsepro_1.5.5-above.xml
   id        : Admin Theme - Base 5 Builder - ImpulsePro
   version   : 1.0.4
   vqmver    : 2.0
   author    : Niyi Sodipe - Base5Builder.com

File Name    : view/template/sale/customer_*(0)
VQModObject::applyMod - SEARCH NOT FOUND (ABORTING MOD): <div class="heading">

----------------------------------------------------------------------


---------- Date: 2014-09-29 01:12:26 ~ IP : 127.0.0.1 ----------
REQUEST URI : /opencart2/index.php?route=sale/customer/transaction&amp;token=1fef260075fbb3aabaaf5399aaeceb47&amp;customer_id=10
MOD DETAILS:
   modFile   : /var/www/html/opencart2/vqmod/xml/admin_theme_base5builder_impulsepro_1.5.5-above.xml
   id        : Admin Theme - Base 5 Builder - ImpulsePro
   version   : 1.0.4
   vqmver    : 2.0
   author    : Niyi Sodipe - Base5Builder.com

File Name    : view/template/sale/customer_*(0)
VQModObject::applyMod - SEARCH NOT FOUND (ABORTING MOD): <div class="heading">

----------------------------------------------------------------------


---------- Date: 2014-09-29 01:12:41 ~ IP : 127.0.0.1 ----------
REQUEST URI : /opencart2/index.php?route=sale/customer/transactions&amp;token=1fef260075fbb3aabaaf5399aaeceb47
MOD DETAILS:
   modFile   : /var/www/html/opencart2/vqmod/xml/admin_theme_base5builder_impulsepro_1.5.5-above.xml
   id        : Admin Theme - Base 5 Builder - ImpulsePro
   version   : 1.0.4
   vqmver    : 2.0
   author    : Niyi Sodipe - Base5Builder.com

File Name    : view/template/sale/customer_*(0)
VQModObject::applyMod - SEARCH NOT FOUND (ABORTING MOD): <div class="heading">

----------------------------------------------------------------------


---------- Date: 2014-09-29 01:19:43 ~ IP : 127.0.0.1 ----------
REQUEST URI : /opencart2/index.php?route=sale/customer/transactions&amp;token=1fef260075fbb3aabaaf5399aaeceb47
MOD DETAILS:
   modFile   : /var/www/html/opencart2/vqmod/xml/admin_theme_base5builder_impulsepro_1.5.5-above.xml
   id        : Admin Theme - Base 5 Builder - ImpulsePro
   version   : 1.0.4
   vqmver    : 2.0
   author    : Niyi Sodipe - Base5Builder.com

File Name    : view/template/sale/customer_*(0)
VQModObject::applyMod - SEARCH NOT FOUND (ABORTING MOD): <div class="heading">

----------------------------------------------------------------------


---------- Date: 2014-09-29 01:20:17 ~ IP : 127.0.0.1 ----------
REQUEST URI : /opencart2/index.php?route=sale/customer/history&amp;token=1fef260075fbb3aabaaf5399aaeceb47&amp;customer_id=9
MOD DETAILS:
   modFile   : /var/www/html/opencart2/vqmod/xml/admin_theme_base5builder_impulsepro_1.5.5-above.xml
   id        : Admin Theme - Base 5 Builder - ImpulsePro
   version   : 1.0.4
   vqmver    : 2.0
   author    : Niyi Sodipe - Base5Builder.com

File Name    : view/template/sale/customer_*(0)
VQModObject::applyMod - SEARCH NOT FOUND (ABORTING MOD): <div class="heading">

----------------------------------------------------------------------


---------- Date: 2014-09-29 01:20:17 ~ IP : 127.0.0.1 ----------
REQUEST URI : /opencart2/index.php?route=sale/customer/transaction&amp;token=1fef260075fbb3aabaaf5399aaeceb47&amp;customer_id=9
MOD DETAILS:
   modFile   : /var/www/html/opencart2/vqmod/xml/admin_theme_base5builder_impulsepro_1.5.5-above.xml
   id        : Admin Theme - Base 5 Builder - ImpulsePro
   version   : 1.0.4
   vqmver    : 2.0
   author    : Niyi Sodipe - Base5Builder.com

File Name    : view/template/sale/customer_*(0)
VQModObject::applyMod - SEARCH NOT FOUND (ABORTING MOD): <div class="heading">

----------------------------------------------------------------------


---------- Date: 2014-09-29 01:20:17 ~ IP : 127.0.0.1 ----------
REQUEST URI : /opencart2/index.php?route=sale/customer/lendings&amp;token=1fef260075fbb3aabaaf5399aaeceb47&amp;customer_id=9
MOD DETAILS:
   modFile   : /var/www/html/opencart2/vqmod/xml/admin_theme_base5builder_impulsepro_1.5.5-above.xml
   id        : Admin Theme - Base 5 Builder - ImpulsePro
   version   : 1.0.4
   vqmver    : 2.0
   author    : Niyi Sodipe - Base5Builder.com

File Name    : view/template/sale/customer_*(0)
VQModObject::applyMod - SEARCH NOT FOUND (ABORTING MOD): <div class="heading">

----------------------------------------------------------------------


---------- Date: 2014-09-29 01:20:19 ~ IP : 127.0.0.1 ----------
REQUEST URI : /opencart2/index.php?route=sale/customer/transaction&amp;token=1fef260075fbb3aabaaf5399aaeceb47&amp;customer_id=9
MOD DETAILS:
   modFile   : /var/www/html/opencart2/vqmod/xml/admin_theme_base5builder_impulsepro_1.5.5-above.xml
   id        : Admin Theme - Base 5 Builder - ImpulsePro
   version   : 1.0.4
   vqmver    : 2.0
   author    : Niyi Sodipe - Base5Builder.com

File Name    : view/template/sale/customer_*(0)
VQModObject::applyMod - SEARCH NOT FOUND (ABORTING MOD): <div class="heading">

----------------------------------------------------------------------


---------- Date: 2014-09-29 01:21:00 ~ IP : 127.0.0.1 ----------
REQUEST URI : /opencart2/index.php?route=sale/customer/transaction&amp;token=1fef260075fbb3aabaaf5399aaeceb47&amp;customer_id=9
MOD DETAILS:
   modFile   : /var/www/html/opencart2/vqmod/xml/admin_theme_base5builder_impulsepro_1.5.5-above.xml
   id        : Admin Theme - Base 5 Builder - ImpulsePro
   version   : 1.0.4
   vqmver    : 2.0
   author    : Niyi Sodipe - Base5Builder.com

File Name    : view/template/sale/customer_*(0)
VQModObject::applyMod - SEARCH NOT FOUND (ABORTING MOD): <div class="heading">

----------------------------------------------------------------------


---------- Date: 2014-09-29 01:21:00 ~ IP : 127.0.0.1 ----------
REQUEST URI : /opencart2/index.php?route=sale/customer/history&amp;token=1fef260075fbb3aabaaf5399aaeceb47&amp;customer_id=9
MOD DETAILS:
   modFile   : /var/www/html/opencart2/vqmod/xml/admin_theme_base5builder_impulsepro_1.5.5-above.xml
   id        : Admin Theme - Base 5 Builder - ImpulsePro
   version   : 1.0.4
   vqmver    : 2.0
   author    : Niyi Sodipe - Base5Builder.com

File Name    : view/template/sale/customer_*(0)
VQModObject::applyMod - SEARCH NOT FOUND (ABORTING MOD): <div class="heading">

----------------------------------------------------------------------


---------- Date: 2014-09-29 01:21:00 ~ IP : 127.0.0.1 ----------
REQUEST URI : /opencart2/index.php?route=sale/customer/lendings&amp;token=1fef260075fbb3aabaaf5399aaeceb47&amp;customer_id=9
MOD DETAILS:
   modFile   : /var/www/html/opencart2/vqmod/xml/admin_theme_base5builder_impulsepro_1.5.5-above.xml
   id        : Admin Theme - Base 5 Builder - ImpulsePro
   version   : 1.0.4
   vqmver    : 2.0
   author    : Niyi Sodipe - Base5Builder.com

File Name    : view/template/sale/customer_*(0)
VQModObject::applyMod - SEARCH NOT FOUND (ABORTING MOD): <div class="heading">

----------------------------------------------------------------------


---------- Date: 2014-09-29 01:21:01 ~ IP : 127.0.0.1 ----------
REQUEST URI : /opencart2/index.php?route=sale/customer/transaction&amp;token=1fef260075fbb3aabaaf5399aaeceb47&amp;customer_id=9
MOD DETAILS:
   modFile   : /var/www/html/opencart2/vqmod/xml/admin_theme_base5builder_impulsepro_1.5.5-above.xml
   id        : Admin Theme - Base 5 Builder - ImpulsePro
   version   : 1.0.4
   vqmver    : 2.0
   author    : Niyi Sodipe - Base5Builder.com

File Name    : view/template/sale/customer_*(0)
VQModObject::applyMod - SEARCH NOT FOUND (ABORTING MOD): <div class="heading">

----------------------------------------------------------------------


---------- Date: 2014-09-29 01:21:24 ~ IP : 127.0.0.1 ----------
REQUEST URI : /opencart2/index.php?route=sale/customer/transactions&amp;token=1fef260075fbb3aabaaf5399aaeceb47
MOD DETAILS:
   modFile   : /var/www/html/opencart2/vqmod/xml/admin_theme_base5builder_impulsepro_1.5.5-above.xml
   id        : Admin Theme - Base 5 Builder - ImpulsePro
   version   : 1.0.4
   vqmver    : 2.0
   author    : Niyi Sodipe - Base5Builder.com

File Name    : view/template/sale/customer_*(0)
VQModObject::applyMod - SEARCH NOT FOUND (ABORTING MOD): <div class="heading">

----------------------------------------------------------------------


---------- Date: 2014-09-29 01:22:15 ~ IP : 127.0.0.1 ----------
REQUEST URI : /opencart2/index.php?route=sale/customer/transaction&amp;token=1fef260075fbb3aabaaf5399aaeceb47
MOD DETAILS:
   modFile   : /var/www/html/opencart2/vqmod/xml/admin_theme_base5builder_impulsepro_1.5.5-above.xml
   id        : Admin Theme - Base 5 Builder - ImpulsePro
   version   : 1.0.4
   vqmver    : 2.0
   author    : Niyi Sodipe - Base5Builder.com

File Name    : view/template/sale/customer_*(0)
VQModObject::applyMod - SEARCH NOT FOUND (ABORTING MOD): <div class="heading">

----------------------------------------------------------------------


---------- Date: 2014-09-29 01:24:26 ~ IP : 127.0.0.1 ----------
REQUEST URI : /opencart2/index.php?route=sale/customer/transaction&amp;token=1fef260075fbb3aabaaf5399aaeceb47
MOD DETAILS:
   modFile   : /var/www/html/opencart2/vqmod/xml/admin_theme_base5builder_impulsepro_1.5.5-above.xml
   id        : Admin Theme - Base 5 Builder - ImpulsePro
   version   : 1.0.4
   vqmver    : 2.0
   author    : Niyi Sodipe - Base5Builder.com

File Name    : view/template/sale/customer_*(0)
VQModObject::applyMod - SEARCH NOT FOUND (ABORTING MOD): <div class="heading">

----------------------------------------------------------------------


---------- Date: 2014-09-29 01:25:35 ~ IP : 127.0.0.1 ----------
REQUEST URI : /opencart2/index.php?route=sale/customer/transaction&amp;token=1fef260075fbb3aabaaf5399aaeceb47
MOD DETAILS:
   modFile   : /var/www/html/opencart2/vqmod/xml/admin_theme_base5builder_impulsepro_1.5.5-above.xml
   id        : Admin Theme - Base 5 Builder - ImpulsePro
   version   : 1.0.4
   vqmver    : 2.0
   author    : Niyi Sodipe - Base5Builder.com

File Name    : view/template/sale/customer_*(0)
VQModObject::applyMod - SEARCH NOT FOUND (ABORTING MOD): <div class="heading">

----------------------------------------------------------------------


---------- Date: 2014-09-29 01:26:08 ~ IP : 127.0.0.1 ----------
REQUEST URI : /opencart2/index.php?route=sale/customer/transaction&amp;token=1fef260075fbb3aabaaf5399aaeceb47
MOD DETAILS:
   modFile   : /var/www/html/opencart2/vqmod/xml/admin_theme_base5builder_impulsepro_1.5.5-above.xml
   id        : Admin Theme - Base 5 Builder - ImpulsePro
   version   : 1.0.4
   vqmver    : 2.0
   author    : Niyi Sodipe - Base5Builder.com

File Name    : view/template/sale/customer_*(0)
VQModObject::applyMod - SEARCH NOT FOUND (ABORTING MOD): <div class="heading">

----------------------------------------------------------------------


---------- Date: 2014-09-29 01:28:30 ~ IP : 127.0.0.1 ----------
REQUEST URI : /opencart2/index.php?route=sale/customer/transaction&amp;token=1fef260075fbb3aabaaf5399aaeceb47
MOD DETAILS:
   modFile   : /var/www/html/opencart2/vqmod/xml/admin_theme_base5builder_impulsepro_1.5.5-above.xml
   id        : Admin Theme - Base 5 Builder - ImpulsePro
   version   : 1.0.4
   vqmver    : 2.0
   author    : Niyi Sodipe - Base5Builder.com

File Name    : view/template/sale/customer_*(0)
VQModObject::applyMod - SEARCH NOT FOUND (ABORTING MOD): <div class="heading">

----------------------------------------------------------------------


---------- Date: 2014-09-29 01:29:20 ~ IP : 127.0.0.1 ----------
REQUEST URI : /opencart2/index.php?route=sale/customer/transaction&amp;token=1fef260075fbb3aabaaf5399aaeceb47
MOD DETAILS:
   modFile   : /var/www/html/opencart2/vqmod/xml/admin_theme_base5builder_impulsepro_1.5.5-above.xml
   id        : Admin Theme - Base 5 Builder - ImpulsePro
   version   : 1.0.4
   vqmver    : 2.0
   author    : Niyi Sodipe - Base5Builder.com

File Name    : view/template/sale/customer_*(0)
VQModObject::applyMod - SEARCH NOT FOUND (ABORTING MOD): <div class="heading">

----------------------------------------------------------------------


---------- Date: 2014-09-29 01:29:23 ~ IP : 127.0.0.1 ----------
REQUEST URI : /opencart2/index.php?route=sale/customer/transaction&amp;token=1fef260075fbb3aabaaf5399aaeceb47
MOD DETAILS:
   modFile   : /var/www/html/opencart2/vqmod/xml/admin_theme_base5builder_impulsepro_1.5.5-above.xml
   id        : Admin Theme - Base 5 Builder - ImpulsePro
   version   : 1.0.4
   vqmver    : 2.0
   author    : Niyi Sodipe - Base5Builder.com

File Name    : view/template/sale/customer_*(0)
VQModObject::applyMod - SEARCH NOT FOUND (ABORTING MOD): <div class="heading">

----------------------------------------------------------------------


---------- Date: 2014-09-29 01:29:45 ~ IP : 127.0.0.1 ----------
REQUEST URI : /opencart2/index.php?route=sale/customer/transaction&amp;token=1fef260075fbb3aabaaf5399aaeceb47
MOD DETAILS:
   modFile   : /var/www/html/opencart2/vqmod/xml/admin_theme_base5builder_impulsepro_1.5.5-above.xml
   id        : Admin Theme - Base 5 Builder - ImpulsePro
   version   : 1.0.4
   vqmver    : 2.0
   author    : Niyi Sodipe - Base5Builder.com

File Name    : view/template/sale/customer_*(0)
VQModObject::applyMod - SEARCH NOT FOUND (ABORTING MOD): <div class="heading">

----------------------------------------------------------------------


---------- Date: 2014-09-29 01:30:19 ~ IP : 127.0.0.1 ----------
REQUEST URI : /opencart2/index.php?route=sale/customer/transaction&amp;token=1fef260075fbb3aabaaf5399aaeceb47
MOD DETAILS:
   modFile   : /var/www/html/opencart2/vqmod/xml/admin_theme_base5builder_impulsepro_1.5.5-above.xml
   id        : Admin Theme - Base 5 Builder - ImpulsePro
   version   : 1.0.4
   vqmver    : 2.0
   author    : Niyi Sodipe - Base5Builder.com

File Name    : view/template/sale/customer_*(0)
VQModObject::applyMod - SEARCH NOT FOUND (ABORTING MOD): <div class="heading">

----------------------------------------------------------------------


---------- Date: 2014-09-29 01:31:34 ~ IP : 127.0.0.1 ----------
REQUEST URI : /opencart2/index.php?route=sale/customer/transaction&amp;token=1fef260075fbb3aabaaf5399aaeceb47
MOD DETAILS:
   modFile   : /var/www/html/opencart2/vqmod/xml/admin_theme_base5builder_impulsepro_1.5.5-above.xml
   id        : Admin Theme - Base 5 Builder - ImpulsePro
   version   : 1.0.4
   vqmver    : 2.0
   author    : Niyi Sodipe - Base5Builder.com

File Name    : view/template/sale/customer_*(0)
VQModObject::applyMod - SEARCH NOT FOUND (ABORTING MOD): <div class="heading">

----------------------------------------------------------------------


---------- Date: 2014-09-29 01:32:30 ~ IP : 127.0.0.1 ----------
REQUEST URI : /opencart2/index.php?route=sale/customer/transaction&amp;token=1fef260075fbb3aabaaf5399aaeceb47
MOD DETAILS:
   modFile   : /var/www/html/opencart2/vqmod/xml/admin_theme_base5builder_impulsepro_1.5.5-above.xml
   id        : Admin Theme - Base 5 Builder - ImpulsePro
   version   : 1.0.4
   vqmver    : 2.0
   author    : Niyi Sodipe - Base5Builder.com

File Name    : view/template/sale/customer_*(0)
VQModObject::applyMod - SEARCH NOT FOUND (ABORTING MOD): <div class="heading">

----------------------------------------------------------------------


---------- Date: 2014-09-29 01:32:59 ~ IP : 127.0.0.1 ----------
REQUEST URI : /opencart2/index.php?route=sale/customer/transaction&amp;token=1fef260075fbb3aabaaf5399aaeceb47
MOD DETAILS:
   modFile   : /var/www/html/opencart2/vqmod/xml/admin_theme_base5builder_impulsepro_1.5.5-above.xml
   id        : Admin Theme - Base 5 Builder - ImpulsePro
   version   : 1.0.4
   vqmver    : 2.0
   author    : Niyi Sodipe - Base5Builder.com

File Name    : view/template/sale/customer_*(0)
VQModObject::applyMod - SEARCH NOT FOUND (ABORTING MOD): <div class="heading">

----------------------------------------------------------------------


---------- Date: 2014-09-29 01:33:31 ~ IP : 127.0.0.1 ----------
REQUEST URI : /opencart2/index.php?route=sale/customer/transaction&amp;token=1fef260075fbb3aabaaf5399aaeceb47
MOD DETAILS:
   modFile   : /var/www/html/opencart2/vqmod/xml/admin_theme_base5builder_impulsepro_1.5.5-above.xml
   id        : Admin Theme - Base 5 Builder - ImpulsePro
   version   : 1.0.4
   vqmver    : 2.0
   author    : Niyi Sodipe - Base5Builder.com

File Name    : view/template/sale/customer_*(0)
VQModObject::applyMod - SEARCH NOT FOUND (ABORTING MOD): <div class="heading">

----------------------------------------------------------------------


---------- Date: 2014-09-29 01:33:56 ~ IP : 127.0.0.1 ----------
REQUEST URI : /opencart2/index.php?route=sale/customer/transaction&amp;token=1fef260075fbb3aabaaf5399aaeceb47
MOD DETAILS:
   modFile   : /var/www/html/opencart2/vqmod/xml/admin_theme_base5builder_impulsepro_1.5.5-above.xml
   id        : Admin Theme - Base 5 Builder - ImpulsePro
   version   : 1.0.4
   vqmver    : 2.0
   author    : Niyi Sodipe - Base5Builder.com

File Name    : view/template/sale/customer_*(0)
VQModObject::applyMod - SEARCH NOT FOUND (ABORTING MOD): <div class="heading">

----------------------------------------------------------------------


---------- Date: 2014-09-29 01:34:05 ~ IP : 127.0.0.1 ----------
REQUEST URI : /opencart2/index.php?route=sale/customer/transaction&amp;token=1fef260075fbb3aabaaf5399aaeceb47
MOD DETAILS:
   modFile   : /var/www/html/opencart2/vqmod/xml/admin_theme_base5builder_impulsepro_1.5.5-above.xml
   id        : Admin Theme - Base 5 Builder - ImpulsePro
   version   : 1.0.4
   vqmver    : 2.0
   author    : Niyi Sodipe - Base5Builder.com

File Name    : view/template/sale/customer_*(0)
VQModObject::applyMod - SEARCH NOT FOUND (ABORTING MOD): <div class="heading">

----------------------------------------------------------------------


