---------- Date: 2014-10-21 00:07:02 ~ IP : 127.0.0.1 ----------
REQUEST URI : /opencart2/index.php?route=catalog/purchase&amp;token=ae0b96e658ae6ec9cb6ccceb4c5bfb8d
MOD DETAILS:
   modFile   : /var/www/html/opencart2/vqmod/xml/med1.xml
   id        : Admin Theme - Base 5 Builder - ImpulsePro
   version   : 1.0.4
   vqmver    : 2.0
   author    : Niyi Sodipe - Base5Builder.com

File Name    : view/template/admin_theme/base5builder_impulsepro/common/header.tpl(4)
VQModObject::applyMod - SEARCH NOT FOUND (ABORTING MOD): <li id="appointment" style='display:none'><a class="top"><?php echo $text_appointment; ?></a>

----------------------------------------------------------------------


---------- Date: 2014-10-21 00:07:17 ~ IP : 127.0.0.1 ----------
REQUEST URI : /opencart2/index.php?route=catalog/purchase&amp;token=ae0b96e658ae6ec9cb6ccceb4c5bfb8d
MOD DETAILS:
   modFile   : /var/www/html/opencart2/vqmod/xml/med1.xml
   id        : Admin Theme - Base 5 Builder - ImpulsePro
   version   : 1.0.4
   vqmver    : 2.0
   author    : Niyi Sodipe - Base5Builder.com

File Name    : view/template/admin_theme/base5builder_impulsepro/common/header.tpl(4)
VQModObject::applyMod - SEARCH NOT FOUND (ABORTING MOD): <li id="appointment" style='display:none'><a class="top"><?php echo $text_appointment; ?></a>

----------------------------------------------------------------------


---------- Date: 2014-10-21 00:08:27 ~ IP : 127.0.0.1 ----------
REQUEST URI : /opencart2/index.php?route=catalog/purchase&amp;token=ae0b96e658ae6ec9cb6ccceb4c5bfb8d
MOD DETAILS:
   modFile   : /var/www/html/opencart2/vqmod/xml/med1.xml
   id        : Admin Theme - Base 5 Builder - ImpulsePro
   version   : 1.0.4
   vqmver    : 2.0
   author    : Niyi Sodipe - Base5Builder.com

File Name    : view/template/admin_theme/base5builder_impulsepro/common/header.tpl(4)
VQModObject::applyMod - SEARCH NOT FOUND (ABORTING MOD): <li id="appointment" style='display:none'><a class="top"><?php echo $text_appointment; ?></a>

----------------------------------------------------------------------


---------- Date: 2014-10-21 00:11:33 ~ IP : 127.0.0.1 ----------
REQUEST URI : /opencart2/index.php?route=sale/customer/transaction&amp;token=ae0b96e658ae6ec9cb6ccceb4c5bfb8d&amp;show_group=1
MOD DETAILS:
   modFile   : /var/www/html/opencart2/vqmod/xml/admin_theme_base5builder_impulsepro_1.5.5-above.xml
   id        : Admin Theme - Base 5 Builder - ImpulsePro
   version   : 1.0.4
   vqmver    : 2.0
   author    : Niyi Sodipe - Base5Builder.com

File Name    : view/template/sale/customer_*(0)
VQModObject::applyMod - SEARCH NOT FOUND (ABORTING MOD): <div class="heading">

----------------------------------------------------------------------


---------- Date: 2014-10-21 00:13:21 ~ IP : 127.0.0.1 ----------
REQUEST URI : /opencart2/index.php?route=sale/customer/messages&amp;token=ae0b96e658ae6ec9cb6ccceb4c5bfb8d
MOD DETAILS:
   modFile   : /var/www/html/opencart2/vqmod/xml/admin_theme_base5builder_impulsepro_1.5.5-above.xml
   id        : Admin Theme - Base 5 Builder - ImpulsePro
   version   : 1.0.4
   vqmver    : 2.0
   author    : Niyi Sodipe - Base5Builder.com

File Name    : view/template/sale/customer_*(0)
VQModObject::applyMod - SEARCH NOT FOUND (ABORTING MOD): <div class="heading">

----------------------------------------------------------------------


---------- Date: 2014-10-21 00:13:34 ~ IP : 127.0.0.1 ----------
REQUEST URI : /opencart2/index.php?route=sale/customer/messages&amp;token=ae0b96e658ae6ec9cb6ccceb4c5bfb8d
MOD DETAILS:
   modFile   : /var/www/html/opencart2/vqmod/xml/admin_theme_base5builder_impulsepro_1.5.5-above.xml
   id        : Admin Theme - Base 5 Builder - ImpulsePro
   version   : 1.0.4
   vqmver    : 2.0
   author    : Niyi Sodipe - Base5Builder.com

File Name    : view/template/sale/customer_*(0)
VQModObject::applyMod - SEARCH NOT FOUND (ABORTING MOD): <div class="heading">

----------------------------------------------------------------------


---------- Date: 2014-10-21 00:13:56 ~ IP : 127.0.0.1 ----------
REQUEST URI : /opencart2/index.php?route=sale/customer/messages&amp;token=ae0b96e658ae6ec9cb6ccceb4c5bfb8d
MOD DETAILS:
   modFile   : /var/www/html/opencart2/vqmod/xml/admin_theme_base5builder_impulsepro_1.5.5-above.xml
   id        : Admin Theme - Base 5 Builder - ImpulsePro
   version   : 1.0.4
   vqmver    : 2.0
   author    : Niyi Sodipe - Base5Builder.com

File Name    : view/template/sale/customer_*(0)
VQModObject::applyMod - SEARCH NOT FOUND (ABORTING MOD): <div class="heading">

----------------------------------------------------------------------


---------- Date: 2014-10-21 00:14:51 ~ IP : 127.0.0.1 ----------
REQUEST URI : /opencart2/index.php?route=sale/customer/messages&amp;token=ae0b96e658ae6ec9cb6ccceb4c5bfb8d
MOD DETAILS:
   modFile   : /var/www/html/opencart2/vqmod/xml/admin_theme_base5builder_impulsepro_1.5.5-above.xml
   id        : Admin Theme - Base 5 Builder - ImpulsePro
   version   : 1.0.4
   vqmver    : 2.0
   author    : Niyi Sodipe - Base5Builder.com

File Name    : view/template/sale/customer_*(0)
VQModObject::applyMod - SEARCH NOT FOUND (ABORTING MOD): <div class="heading">

----------------------------------------------------------------------


---------- Date: 2014-10-21 00:15:08 ~ IP : 127.0.0.1 ----------
REQUEST URI : /opencart2/index.php?route=sale/customer/messages&amp;token=ae0b96e658ae6ec9cb6ccceb4c5bfb8d
MOD DETAILS:
   modFile   : /var/www/html/opencart2/vqmod/xml/admin_theme_base5builder_impulsepro_1.5.5-above.xml
   id        : Admin Theme - Base 5 Builder - ImpulsePro
   version   : 1.0.4
   vqmver    : 2.0
   author    : Niyi Sodipe - Base5Builder.com

File Name    : view/template/sale/customer_*(0)
VQModObject::applyMod - SEARCH NOT FOUND (ABORTING MOD): <div class="heading">

----------------------------------------------------------------------


---------- Date: 2014-10-21 00:15:16 ~ IP : 127.0.0.1 ----------
REQUEST URI : /opencart2/index.php?route=sale/customer/messages&amp;token=ae0b96e658ae6ec9cb6ccceb4c5bfb8d
MOD DETAILS:
   modFile   : /var/www/html/opencart2/vqmod/xml/admin_theme_base5builder_impulsepro_1.5.5-above.xml
   id        : Admin Theme - Base 5 Builder - ImpulsePro
   version   : 1.0.4
   vqmver    : 2.0
   author    : Niyi Sodipe - Base5Builder.com

File Name    : view/template/sale/customer_*(0)
VQModObject::applyMod - SEARCH NOT FOUND (ABORTING MOD): <div class="heading">

----------------------------------------------------------------------


---------- Date: 2014-10-21 00:15:25 ~ IP : 127.0.0.1 ----------
REQUEST URI : /opencart2/index.php?route=sale/customer/messages&amp;token=ae0b96e658ae6ec9cb6ccceb4c5bfb8d
MOD DETAILS:
   modFile   : /var/www/html/opencart2/vqmod/xml/admin_theme_base5builder_impulsepro_1.5.5-above.xml
   id        : Admin Theme - Base 5 Builder - ImpulsePro
   version   : 1.0.4
   vqmver    : 2.0
   author    : Niyi Sodipe - Base5Builder.com

File Name    : view/template/sale/customer_*(0)
VQModObject::applyMod - SEARCH NOT FOUND (ABORTING MOD): <div class="heading">

----------------------------------------------------------------------


---------- Date: 2014-10-21 00:15:51 ~ IP : 127.0.0.1 ----------
REQUEST URI : /opencart2/index.php?route=sale/customer/messages&amp;token=ae0b96e658ae6ec9cb6ccceb4c5bfb8d
MOD DETAILS:
   modFile   : /var/www/html/opencart2/vqmod/xml/admin_theme_base5builder_impulsepro_1.5.5-above.xml
   id        : Admin Theme - Base 5 Builder - ImpulsePro
   version   : 1.0.4
   vqmver    : 2.0
   author    : Niyi Sodipe - Base5Builder.com

File Name    : view/template/sale/customer_*(0)
VQModObject::applyMod - SEARCH NOT FOUND (ABORTING MOD): <div class="heading">

----------------------------------------------------------------------


---------- Date: 2014-10-21 00:16:01 ~ IP : 127.0.0.1 ----------
REQUEST URI : /opencart2/index.php?route=sale/customer/messages&amp;token=ae0b96e658ae6ec9cb6ccceb4c5bfb8d
MOD DETAILS:
   modFile   : /var/www/html/opencart2/vqmod/xml/admin_theme_base5builder_impulsepro_1.5.5-above.xml
   id        : Admin Theme - Base 5 Builder - ImpulsePro
   version   : 1.0.4
   vqmver    : 2.0
   author    : Niyi Sodipe - Base5Builder.com

File Name    : view/template/sale/customer_*(0)
VQModObject::applyMod - SEARCH NOT FOUND (ABORTING MOD): <div class="heading">

----------------------------------------------------------------------


---------- Date: 2014-10-21 00:16:29 ~ IP : 127.0.0.1 ----------
REQUEST URI : /opencart2/index.php?route=sale/customer/messages&amp;token=ae0b96e658ae6ec9cb6ccceb4c5bfb8d
MOD DETAILS:
   modFile   : /var/www/html/opencart2/vqmod/xml/admin_theme_base5builder_impulsepro_1.5.5-above.xml
   id        : Admin Theme - Base 5 Builder - ImpulsePro
   version   : 1.0.4
   vqmver    : 2.0
   author    : Niyi Sodipe - Base5Builder.com

File Name    : view/template/sale/customer_*(0)
VQModObject::applyMod - SEARCH NOT FOUND (ABORTING MOD): <div class="heading">

----------------------------------------------------------------------


---------- Date: 2014-10-21 00:16:42 ~ IP : 127.0.0.1 ----------
REQUEST URI : /opencart2/index.php?route=sale/customer/messages&amp;token=ae0b96e658ae6ec9cb6ccceb4c5bfb8d
MOD DETAILS:
   modFile   : /var/www/html/opencart2/vqmod/xml/admin_theme_base5builder_impulsepro_1.5.5-above.xml
   id        : Admin Theme - Base 5 Builder - ImpulsePro
   version   : 1.0.4
   vqmver    : 2.0
   author    : Niyi Sodipe - Base5Builder.com

File Name    : view/template/sale/customer_*(0)
VQModObject::applyMod - SEARCH NOT FOUND (ABORTING MOD): <div class="heading">

----------------------------------------------------------------------


---------- Date: 2014-10-21 00:19:04 ~ IP : 127.0.0.1 ----------
REQUEST URI : /opencart2/index.php?route=sale/customer/messages&amp;token=ecb125137e6af65e11f7dd6eb125b7b4
MOD DETAILS:
   modFile   : /var/www/html/opencart2/vqmod/xml/admin_theme_base5builder_impulsepro_1.5.5-above.xml
   id        : Admin Theme - Base 5 Builder - ImpulsePro
   version   : 1.0.4
   vqmver    : 2.0
   author    : Niyi Sodipe - Base5Builder.com

File Name    : view/template/sale/customer_*(0)
VQModObject::applyMod - SEARCH NOT FOUND (ABORTING MOD): <div class="heading">

----------------------------------------------------------------------


---------- Date: 2014-10-21 00:19:23 ~ IP : 127.0.0.1 ----------
REQUEST URI : /opencart2/index.php?route=sale/customer/messages&amp;token=ecb125137e6af65e11f7dd6eb125b7b4
MOD DETAILS:
   modFile   : /var/www/html/opencart2/vqmod/xml/admin_theme_base5builder_impulsepro_1.5.5-above.xml
   id        : Admin Theme - Base 5 Builder - ImpulsePro
   version   : 1.0.4
   vqmver    : 2.0
   author    : Niyi Sodipe - Base5Builder.com

File Name    : view/template/sale/customer_*(0)
VQModObject::applyMod - SEARCH NOT FOUND (ABORTING MOD): <div class="heading">

----------------------------------------------------------------------


---------- Date: 2014-10-21 00:20:11 ~ IP : 127.0.0.1 ----------
REQUEST URI : /opencart2/index.php?route=sale/customer/messages&amp;token=ecb125137e6af65e11f7dd6eb125b7b4
MOD DETAILS:
   modFile   : /var/www/html/opencart2/vqmod/xml/admin_theme_base5builder_impulsepro_1.5.5-above.xml
   id        : Admin Theme - Base 5 Builder - ImpulsePro
   version   : 1.0.4
   vqmver    : 2.0
   author    : Niyi Sodipe - Base5Builder.com

File Name    : view/template/sale/customer_*(0)
VQModObject::applyMod - SEARCH NOT FOUND (ABORTING MOD): <div class="heading">

----------------------------------------------------------------------


---------- Date: 2014-10-21 00:20:52 ~ IP : 127.0.0.1 ----------
REQUEST URI : /opencart2/index.php?route=sale/customer/messages&amp;token=ecb125137e6af65e11f7dd6eb125b7b4
MOD DETAILS:
   modFile   : /var/www/html/opencart2/vqmod/xml/admin_theme_base5builder_impulsepro_1.5.5-above.xml
   id        : Admin Theme - Base 5 Builder - ImpulsePro
   version   : 1.0.4
   vqmver    : 2.0
   author    : Niyi Sodipe - Base5Builder.com

File Name    : view/template/sale/customer_*(0)
VQModObject::applyMod - SEARCH NOT FOUND (ABORTING MOD): <div class="heading">

----------------------------------------------------------------------


---------- Date: 2014-10-21 00:21:04 ~ IP : 127.0.0.1 ----------
REQUEST URI : /opencart2/index.php?route=sale/customer/messages&amp;token=ecb125137e6af65e11f7dd6eb125b7b4
MOD DETAILS:
   modFile   : /var/www/html/opencart2/vqmod/xml/admin_theme_base5builder_impulsepro_1.5.5-above.xml
   id        : Admin Theme - Base 5 Builder - ImpulsePro
   version   : 1.0.4
   vqmver    : 2.0
   author    : Niyi Sodipe - Base5Builder.com

File Name    : view/template/sale/customer_*(0)
VQModObject::applyMod - SEARCH NOT FOUND (ABORTING MOD): <div class="heading">

----------------------------------------------------------------------


---------- Date: 2014-10-21 00:21:37 ~ IP : 127.0.0.1 ----------
REQUEST URI : /opencart2/index.php?route=sale/customer/messages&amp;token=ecb125137e6af65e11f7dd6eb125b7b4
MOD DETAILS:
   modFile   : /var/www/html/opencart2/vqmod/xml/admin_theme_base5builder_impulsepro_1.5.5-above.xml
   id        : Admin Theme - Base 5 Builder - ImpulsePro
   version   : 1.0.4
   vqmver    : 2.0
   author    : Niyi Sodipe - Base5Builder.com

File Name    : view/template/sale/customer_*(0)
VQModObject::applyMod - SEARCH NOT FOUND (ABORTING MOD): <div class="heading">

----------------------------------------------------------------------


---------- Date: 2014-10-21 00:21:40 ~ IP : 127.0.0.1 ----------
REQUEST URI : /opencart2/index.php?route=sale/customer/messages&amp;token=ecb125137e6af65e11f7dd6eb125b7b4
MOD DETAILS:
   modFile   : /var/www/html/opencart2/vqmod/xml/admin_theme_base5builder_impulsepro_1.5.5-above.xml
   id        : Admin Theme - Base 5 Builder - ImpulsePro
   version   : 1.0.4
   vqmver    : 2.0
   author    : Niyi Sodipe - Base5Builder.com

File Name    : view/template/sale/customer_*(0)
VQModObject::applyMod - SEARCH NOT FOUND (ABORTING MOD): <div class="heading">

----------------------------------------------------------------------


---------- Date: 2014-10-21 00:21:56 ~ IP : 127.0.0.1 ----------
REQUEST URI : /opencart2/index.php?route=sale/customer/messages&amp;token=ecb125137e6af65e11f7dd6eb125b7b4
MOD DETAILS:
   modFile   : /var/www/html/opencart2/vqmod/xml/admin_theme_base5builder_impulsepro_1.5.5-above.xml
   id        : Admin Theme - Base 5 Builder - ImpulsePro
   version   : 1.0.4
   vqmver    : 2.0
   author    : Niyi Sodipe - Base5Builder.com

File Name    : view/template/sale/customer_*(0)
VQModObject::applyMod - SEARCH NOT FOUND (ABORTING MOD): <div class="heading">

----------------------------------------------------------------------


---------- Date: 2014-10-21 00:22:23 ~ IP : 127.0.0.1 ----------
REQUEST URI : /opencart2/index.php?route=sale/customer/messages&amp;token=ecb125137e6af65e11f7dd6eb125b7b4
MOD DETAILS:
   modFile   : /var/www/html/opencart2/vqmod/xml/admin_theme_base5builder_impulsepro_1.5.5-above.xml
   id        : Admin Theme - Base 5 Builder - ImpulsePro
   version   : 1.0.4
   vqmver    : 2.0
   author    : Niyi Sodipe - Base5Builder.com

File Name    : view/template/sale/customer_*(0)
VQModObject::applyMod - SEARCH NOT FOUND (ABORTING MOD): <div class="heading">

----------------------------------------------------------------------


---------- Date: 2014-10-21 00:22:34 ~ IP : 127.0.0.1 ----------
REQUEST URI : /opencart2/index.php?route=sale/customer/messages&amp;token=ecb125137e6af65e11f7dd6eb125b7b4
MOD DETAILS:
   modFile   : /var/www/html/opencart2/vqmod/xml/admin_theme_base5builder_impulsepro_1.5.5-above.xml
   id        : Admin Theme - Base 5 Builder - ImpulsePro
   version   : 1.0.4
   vqmver    : 2.0
   author    : Niyi Sodipe - Base5Builder.com

File Name    : view/template/sale/customer_*(0)
VQModObject::applyMod - SEARCH NOT FOUND (ABORTING MOD): <div class="heading">

----------------------------------------------------------------------


---------- Date: 2014-10-21 00:23:01 ~ IP : 127.0.0.1 ----------
REQUEST URI : /opencart2/index.php?route=sale/customer/messages&amp;token=ecb125137e6af65e11f7dd6eb125b7b4
MOD DETAILS:
   modFile   : /var/www/html/opencart2/vqmod/xml/admin_theme_base5builder_impulsepro_1.5.5-above.xml
   id        : Admin Theme - Base 5 Builder - ImpulsePro
   version   : 1.0.4
   vqmver    : 2.0
   author    : Niyi Sodipe - Base5Builder.com

File Name    : view/template/sale/customer_*(0)
VQModObject::applyMod - SEARCH NOT FOUND (ABORTING MOD): <div class="heading">

----------------------------------------------------------------------


---------- Date: 2014-10-21 00:23:30 ~ IP : 127.0.0.1 ----------
REQUEST URI : /opencart2/index.php?route=sale/customer/messages&amp;token=ecb125137e6af65e11f7dd6eb125b7b4
MOD DETAILS:
   modFile   : /var/www/html/opencart2/vqmod/xml/admin_theme_base5builder_impulsepro_1.5.5-above.xml
   id        : Admin Theme - Base 5 Builder - ImpulsePro
   version   : 1.0.4
   vqmver    : 2.0
   author    : Niyi Sodipe - Base5Builder.com

File Name    : view/template/sale/customer_*(0)
VQModObject::applyMod - SEARCH NOT FOUND (ABORTING MOD): <div class="heading">

----------------------------------------------------------------------


---------- Date: 2014-10-21 00:23:47 ~ IP : 127.0.0.1 ----------
REQUEST URI : /opencart2/index.php?route=sale/customer/messages&amp;token=ecb125137e6af65e11f7dd6eb125b7b4
MOD DETAILS:
   modFile   : /var/www/html/opencart2/vqmod/xml/admin_theme_base5builder_impulsepro_1.5.5-above.xml
   id        : Admin Theme - Base 5 Builder - ImpulsePro
   version   : 1.0.4
   vqmver    : 2.0
   author    : Niyi Sodipe - Base5Builder.com

File Name    : view/template/sale/customer_*(0)
VQModObject::applyMod - SEARCH NOT FOUND (ABORTING MOD): <div class="heading">

----------------------------------------------------------------------


---------- Date: 2014-10-21 00:24:10 ~ IP : 127.0.0.1 ----------
REQUEST URI : /opencart2/index.php?route=sale/customer/messages&amp;token=ecb125137e6af65e11f7dd6eb125b7b4
MOD DETAILS:
   modFile   : /var/www/html/opencart2/vqmod/xml/admin_theme_base5builder_impulsepro_1.5.5-above.xml
   id        : Admin Theme - Base 5 Builder - ImpulsePro
   version   : 1.0.4
   vqmver    : 2.0
   author    : Niyi Sodipe - Base5Builder.com

File Name    : view/template/sale/customer_*(0)
VQModObject::applyMod - SEARCH NOT FOUND (ABORTING MOD): <div class="heading">

----------------------------------------------------------------------


---------- Date: 2014-10-21 00:24:25 ~ IP : 127.0.0.1 ----------
REQUEST URI : /opencart2/index.php?route=sale/customer/messages&amp;token=ecb125137e6af65e11f7dd6eb125b7b4
MOD DETAILS:
   modFile   : /var/www/html/opencart2/vqmod/xml/admin_theme_base5builder_impulsepro_1.5.5-above.xml
   id        : Admin Theme - Base 5 Builder - ImpulsePro
   version   : 1.0.4
   vqmver    : 2.0
   author    : Niyi Sodipe - Base5Builder.com

File Name    : view/template/sale/customer_*(0)
VQModObject::applyMod - SEARCH NOT FOUND (ABORTING MOD): <div class="heading">

----------------------------------------------------------------------


---------- Date: 2014-10-21 00:24:33 ~ IP : 127.0.0.1 ----------
REQUEST URI : /opencart2/index.php?route=sale/customer/messages&amp;token=ecb125137e6af65e11f7dd6eb125b7b4
MOD DETAILS:
   modFile   : /var/www/html/opencart2/vqmod/xml/admin_theme_base5builder_impulsepro_1.5.5-above.xml
   id        : Admin Theme - Base 5 Builder - ImpulsePro
   version   : 1.0.4
   vqmver    : 2.0
   author    : Niyi Sodipe - Base5Builder.com

File Name    : view/template/sale/customer_*(0)
VQModObject::applyMod - SEARCH NOT FOUND (ABORTING MOD): <div class="heading">

----------------------------------------------------------------------


---------- Date: 2014-10-21 00:24:43 ~ IP : 127.0.0.1 ----------
REQUEST URI : /opencart2/index.php?route=sale/customer/messages&amp;token=ecb125137e6af65e11f7dd6eb125b7b4
MOD DETAILS:
   modFile   : /var/www/html/opencart2/vqmod/xml/admin_theme_base5builder_impulsepro_1.5.5-above.xml
   id        : Admin Theme - Base 5 Builder - ImpulsePro
   version   : 1.0.4
   vqmver    : 2.0
   author    : Niyi Sodipe - Base5Builder.com

File Name    : view/template/sale/customer_*(0)
VQModObject::applyMod - SEARCH NOT FOUND (ABORTING MOD): <div class="heading">

----------------------------------------------------------------------


---------- Date: 2014-10-21 00:24:52 ~ IP : 127.0.0.1 ----------
REQUEST URI : /opencart2/index.php?route=sale/customer/messages&amp;token=ecb125137e6af65e11f7dd6eb125b7b4
MOD DETAILS:
   modFile   : /var/www/html/opencart2/vqmod/xml/admin_theme_base5builder_impulsepro_1.5.5-above.xml
   id        : Admin Theme - Base 5 Builder - ImpulsePro
   version   : 1.0.4
   vqmver    : 2.0
   author    : Niyi Sodipe - Base5Builder.com

File Name    : view/template/sale/customer_*(0)
VQModObject::applyMod - SEARCH NOT FOUND (ABORTING MOD): <div class="heading">

----------------------------------------------------------------------


---------- Date: 2014-10-21 00:25:07 ~ IP : 127.0.0.1 ----------
REQUEST URI : /opencart2/index.php?route=sale/customer/messages&amp;token=ecb125137e6af65e11f7dd6eb125b7b4
MOD DETAILS:
   modFile   : /var/www/html/opencart2/vqmod/xml/admin_theme_base5builder_impulsepro_1.5.5-above.xml
   id        : Admin Theme - Base 5 Builder - ImpulsePro
   version   : 1.0.4
   vqmver    : 2.0
   author    : Niyi Sodipe - Base5Builder.com

File Name    : view/template/sale/customer_*(0)
VQModObject::applyMod - SEARCH NOT FOUND (ABORTING MOD): <div class="heading">

----------------------------------------------------------------------


---------- Date: 2014-10-21 00:25:27 ~ IP : 127.0.0.1 ----------
REQUEST URI : /opencart2/index.php?route=sale/customer/messages&amp;token=ecb125137e6af65e11f7dd6eb125b7b4
MOD DETAILS:
   modFile   : /var/www/html/opencart2/vqmod/xml/admin_theme_base5builder_impulsepro_1.5.5-above.xml
   id        : Admin Theme - Base 5 Builder - ImpulsePro
   version   : 1.0.4
   vqmver    : 2.0
   author    : Niyi Sodipe - Base5Builder.com

File Name    : view/template/sale/customer_*(0)
VQModObject::applyMod - SEARCH NOT FOUND (ABORTING MOD): <div class="heading">

----------------------------------------------------------------------


---------- Date: 2014-10-21 00:25:41 ~ IP : 127.0.0.1 ----------
REQUEST URI : /opencart2/index.php?route=sale/customer/messages&amp;token=ecb125137e6af65e11f7dd6eb125b7b4
MOD DETAILS:
   modFile   : /var/www/html/opencart2/vqmod/xml/admin_theme_base5builder_impulsepro_1.5.5-above.xml
   id        : Admin Theme - Base 5 Builder - ImpulsePro
   version   : 1.0.4
   vqmver    : 2.0
   author    : Niyi Sodipe - Base5Builder.com

File Name    : view/template/sale/customer_*(0)
VQModObject::applyMod - SEARCH NOT FOUND (ABORTING MOD): <div class="heading">

----------------------------------------------------------------------


---------- Date: 2014-10-21 00:26:56 ~ IP : 127.0.0.1 ----------
REQUEST URI : /opencart2/index.php?route=sale/customer/messages&amp;token=ecb125137e6af65e11f7dd6eb125b7b4
MOD DETAILS:
   modFile   : /var/www/html/opencart2/vqmod/xml/admin_theme_base5builder_impulsepro_1.5.5-above.xml
   id        : Admin Theme - Base 5 Builder - ImpulsePro
   version   : 1.0.4
   vqmver    : 2.0
   author    : Niyi Sodipe - Base5Builder.com

File Name    : view/template/sale/customer_*(0)
VQModObject::applyMod - SEARCH NOT FOUND (ABORTING MOD): <div class="heading">

----------------------------------------------------------------------


---------- Date: 2014-10-21 00:27:06 ~ IP : 127.0.0.1 ----------
REQUEST URI : /opencart2/index.php?route=sale/customer/messages&amp;token=ecb125137e6af65e11f7dd6eb125b7b4
MOD DETAILS:
   modFile   : /var/www/html/opencart2/vqmod/xml/admin_theme_base5builder_impulsepro_1.5.5-above.xml
   id        : Admin Theme - Base 5 Builder - ImpulsePro
   version   : 1.0.4
   vqmver    : 2.0
   author    : Niyi Sodipe - Base5Builder.com

File Name    : view/template/sale/customer_*(0)
VQModObject::applyMod - SEARCH NOT FOUND (ABORTING MOD): <div class="heading">

----------------------------------------------------------------------


---------- Date: 2014-10-21 00:27:18 ~ IP : 127.0.0.1 ----------
REQUEST URI : /opencart2/index.php?route=sale/customer/messages&amp;token=ecb125137e6af65e11f7dd6eb125b7b4
MOD DETAILS:
   modFile   : /var/www/html/opencart2/vqmod/xml/admin_theme_base5builder_impulsepro_1.5.5-above.xml
   id        : Admin Theme - Base 5 Builder - ImpulsePro
   version   : 1.0.4
   vqmver    : 2.0
   author    : Niyi Sodipe - Base5Builder.com

File Name    : view/template/sale/customer_*(0)
VQModObject::applyMod - SEARCH NOT FOUND (ABORTING MOD): <div class="heading">

----------------------------------------------------------------------


---------- Date: 2014-10-21 00:30:00 ~ IP : 127.0.0.1 ----------
REQUEST URI : /opencart2/index.php?route=sale/customer/messages&amp;token=ecb125137e6af65e11f7dd6eb125b7b4
MOD DETAILS:
   modFile   : /var/www/html/opencart2/vqmod/xml/admin_theme_base5builder_impulsepro_1.5.5-above.xml
   id        : Admin Theme - Base 5 Builder - ImpulsePro
   version   : 1.0.4
   vqmver    : 2.0
   author    : Niyi Sodipe - Base5Builder.com

File Name    : view/template/sale/customer_*(0)
VQModObject::applyMod - SEARCH NOT FOUND (ABORTING MOD): <div class="heading">

----------------------------------------------------------------------


---------- Date: 2014-10-21 00:30:09 ~ IP : 127.0.0.1 ----------
REQUEST URI : /opencart2/index.php?route=common/home&token=ecb125137e6af65e11f7dd6eb125b7b4
VQMod::_parseMods - DOM UNABLE TO LOAD: /var/www/html/opencart2/vqmod/xml/admin_theme_base5builder_impulsepro_1.5.5-above.xml
----------------------------------------------------------------------


---------- Date: 2014-10-21 00:30:17 ~ IP : 127.0.0.1 ----------
REQUEST URI : /opencart2/index.php?route=sale/customer/messages&amp;token=ecb125137e6af65e11f7dd6eb125b7b4
MOD DETAILS:
   modFile   : /var/www/html/opencart2/vqmod/xml/admin_theme_base5builder_impulsepro_1.5.5-above.xml
   id        : Admin Theme - Base 5 Builder - ImpulsePro
   version   : 1.0.4
   vqmver    : 2.0
   author    : Niyi Sodipe - Base5Builder.com

File Name    : view/template/sale/customer_*(0)
VQModObject::applyMod - SEARCH NOT FOUND (ABORTING MOD): <div class="heading">

----------------------------------------------------------------------


---------- Date: 2014-10-21 00:30:47 ~ IP : 127.0.0.1 ----------
REQUEST URI : /opencart2/index.php?route=sale/customer/messages&amp;token=ecb125137e6af65e11f7dd6eb125b7b4
MOD DETAILS:
   modFile   : /var/www/html/opencart2/vqmod/xml/admin_theme_base5builder_impulsepro_1.5.5-above.xml
   id        : Admin Theme - Base 5 Builder - ImpulsePro
   version   : 1.0.4
   vqmver    : 2.0
   author    : Niyi Sodipe - Base5Builder.com

File Name    : view/template/sale/customer_*(0)
VQModObject::applyMod - SEARCH NOT FOUND (ABORTING MOD): <div class="heading">

----------------------------------------------------------------------


---------- Date: 2014-10-21 00:31:11 ~ IP : 127.0.0.1 ----------
REQUEST URI : /opencart2/index.php?route=sale/customer/messages&amp;token=ecb125137e6af65e11f7dd6eb125b7b4
MOD DETAILS:
   modFile   : /var/www/html/opencart2/vqmod/xml/admin_theme_base5builder_impulsepro_1.5.5-above.xml
   id        : Admin Theme - Base 5 Builder - ImpulsePro
   version   : 1.0.4
   vqmver    : 2.0
   author    : Niyi Sodipe - Base5Builder.com

File Name    : view/template/sale/customer_*(0)
VQModObject::applyMod - SEARCH NOT FOUND (ABORTING MOD): <div class="heading">

----------------------------------------------------------------------


---------- Date: 2014-10-21 00:32:29 ~ IP : 127.0.0.1 ----------
REQUEST URI : /opencart2/index.php?route=sale/customer/messages&amp;token=ecb125137e6af65e11f7dd6eb125b7b4
MOD DETAILS:
   modFile   : /var/www/html/opencart2/vqmod/xml/admin_theme_base5builder_impulsepro_1.5.5-above.xml
   id        : Admin Theme - Base 5 Builder - ImpulsePro
   version   : 1.0.4
   vqmver    : 2.0
   author    : Niyi Sodipe - Base5Builder.com

File Name    : view/template/sale/customer_*(0)
VQModObject::applyMod - SEARCH NOT FOUND (ABORTING MOD): <div class="heading">

----------------------------------------------------------------------


---------- Date: 2014-10-21 00:32:45 ~ IP : 127.0.0.1 ----------
REQUEST URI : /opencart2/index.php?route=sale/customer/messages&amp;token=ecb125137e6af65e11f7dd6eb125b7b4
MOD DETAILS:
   modFile   : /var/www/html/opencart2/vqmod/xml/admin_theme_base5builder_impulsepro_1.5.5-above.xml
   id        : Admin Theme - Base 5 Builder - ImpulsePro
   version   : 1.0.4
   vqmver    : 2.0
   author    : Niyi Sodipe - Base5Builder.com

File Name    : view/template/sale/customer_*(0)
VQModObject::applyMod - SEARCH NOT FOUND (ABORTING MOD): <div class="heading">

----------------------------------------------------------------------


