---------- Date: 2015-08-26 16:30:22 ~ IP : 127.0.0.1 ----------
REQUEST URI : /med/index.php?route=sale/customer/transaction&amp;token=1e4f44cc32124fe88ed2ff271b633aff&amp;filter_product_type_id=1&amp;filter_customer_id=40&amp;show_group=1
MOD DETAILS:
   modFile   : /Applications/XAMPP/xamppfiles/htdocs/med/vqmod/xml/med.xml
   id        : Admin Theme - Base 5 Builder - ImpulsePro
   version   : 1.0.4
   vqmver    : 2.0
   author    : Niyi Sodipe - Base5Builder.com

File Name    : view/template/sale/customer_*(0)
VQModObject::applyMod - SEARCH NOT FOUND (ABORTING MOD): <div class="heading">

----------------------------------------------------------------------


---------- Date: 2015-08-26 16:30:32 ~ IP : 127.0.0.1 ----------
REQUEST URI : /med/index.php?route=sale/customer/transaction&amp;token=1e4f44cc32124fe88ed2ff271b633aff&amp;filter_product_type_id=2&amp;filter_customer_id=40&amp;show_group=1
MOD DETAILS:
   modFile   : /Applications/XAMPP/xamppfiles/htdocs/med/vqmod/xml/med.xml
   id        : Admin Theme - Base 5 Builder - ImpulsePro
   version   : 1.0.4
   vqmver    : 2.0
   author    : Niyi Sodipe - Base5Builder.com

File Name    : view/template/sale/customer_*(0)
VQModObject::applyMod - SEARCH NOT FOUND (ABORTING MOD): <div class="heading">

----------------------------------------------------------------------


---------- Date: 2015-08-26 16:30:35 ~ IP : 127.0.0.1 ----------
REQUEST URI : /med/index.php?route=sale/customer/transaction&amp;token=1e4f44cc32124fe88ed2ff271b633aff&amp;filter_customer_id=40&amp;show_group=1&amp;filter_product_name=1%E7%8E%BB%E5%B0%BF%E9%85%B8%20%201cc&amp;filter_ismain=0&amp;filter_treatment_status=&amp;filter_ismain=0&amp;filter_product_type_id=2
MOD DETAILS:
   modFile   : /Applications/XAMPP/xamppfiles/htdocs/med/vqmod/xml/med.xml
   id        : Admin Theme - Base 5 Builder - ImpulsePro
   version   : 1.0.4
   vqmver    : 2.0
   author    : Niyi Sodipe - Base5Builder.com

File Name    : view/template/sale/customer_*(0)
VQModObject::applyMod - SEARCH NOT FOUND (ABORTING MOD): <div class="heading">

----------------------------------------------------------------------


---------- Date: 2015-08-26 16:30:50 ~ IP : 127.0.0.1 ----------
REQUEST URI : /med/index.php?route=sale/customer/transaction&amp;token=1e4f44cc32124fe88ed2ff271b633aff&amp;filter_product_type_id=2&amp;filter_customer_id=40&amp;show_group=1
MOD DETAILS:
   modFile   : /Applications/XAMPP/xamppfiles/htdocs/med/vqmod/xml/med.xml
   id        : Admin Theme - Base 5 Builder - ImpulsePro
   version   : 1.0.4
   vqmver    : 2.0
   author    : Niyi Sodipe - Base5Builder.com

File Name    : view/template/sale/customer_*(0)
VQModObject::applyMod - SEARCH NOT FOUND (ABORTING MOD): <div class="heading">

----------------------------------------------------------------------


---------- Date: 2015-08-26 16:31:10 ~ IP : 127.0.0.1 ----------
REQUEST URI : /med/index.php?route=sale/customer/transaction&amp;token=1e4f44cc32124fe88ed2ff271b633aff&amp;filter_customer_id=40&amp;show_group=1&amp;filter_product_name=1%E7%8E%BB%E5%B0%BF%E9%85%B8%20%201cc&amp;filter_ismain=0&amp;filter_treatment_status=&amp;filter_ismain=0&amp;filter_product_type_id=2
MOD DETAILS:
   modFile   : /Applications/XAMPP/xamppfiles/htdocs/med/vqmod/xml/med.xml
   id        : Admin Theme - Base 5 Builder - ImpulsePro
   version   : 1.0.4
   vqmver    : 2.0
   author    : Niyi Sodipe - Base5Builder.com

File Name    : view/template/sale/customer_*(0)
VQModObject::applyMod - SEARCH NOT FOUND (ABORTING MOD): <div class="heading">

----------------------------------------------------------------------


---------- Date: 2015-08-26 16:31:13 ~ IP : 127.0.0.1 ----------
REQUEST URI : /med/index.php?route=sale/customer/transaction&amp;token=1e4f44cc32124fe88ed2ff271b633aff&amp;filter_customer_id=40&amp;show_group=1&amp;filter_product_name=3%E9%9B%B7%E7%91%9F&amp;filter_ismain=0&amp;filter_treatment_status=&amp;filter_ismain=0&amp;filter_product_type_id=2
MOD DETAILS:
   modFile   : /Applications/XAMPP/xamppfiles/htdocs/med/vqmod/xml/med.xml
   id        : Admin Theme - Base 5 Builder - ImpulsePro
   version   : 1.0.4
   vqmver    : 2.0
   author    : Niyi Sodipe - Base5Builder.com

File Name    : view/template/sale/customer_*(0)
VQModObject::applyMod - SEARCH NOT FOUND (ABORTING MOD): <div class="heading">

----------------------------------------------------------------------


---------- Date: 2015-08-26 16:31:15 ~ IP : 127.0.0.1 ----------
REQUEST URI : /med/index.php?route=sale/customer/transaction&amp;token=1e4f44cc32124fe88ed2ff271b633aff&amp;filter_customer_id=40&amp;show_group=1&amp;filter_product_name=1%E7%8E%BB%E5%B0%BF%E9%85%B8%20%201cc&amp;filter_ismain=0&amp;filter_treatment_status=&amp;filter_ismain=0&amp;filter_product_type_id=2
MOD DETAILS:
   modFile   : /Applications/XAMPP/xamppfiles/htdocs/med/vqmod/xml/med.xml
   id        : Admin Theme - Base 5 Builder - ImpulsePro
   version   : 1.0.4
   vqmver    : 2.0
   author    : Niyi Sodipe - Base5Builder.com

File Name    : view/template/sale/customer_*(0)
VQModObject::applyMod - SEARCH NOT FOUND (ABORTING MOD): <div class="heading">

----------------------------------------------------------------------


---------- Date: 2015-08-26 16:31:17 ~ IP : 127.0.0.1 ----------
REQUEST URI : /med/index.php?route=sale/customer/transaction&amp;token=1e4f44cc32124fe88ed2ff271b633aff&amp;filter_customer_id=40&amp;show_group=1&amp;filter_product_name=3%E9%9B%B7%E7%91%9F&amp;filter_ismain=0&amp;filter_treatment_status=&amp;filter_ismain=0&amp;filter_product_type_id=2
MOD DETAILS:
   modFile   : /Applications/XAMPP/xamppfiles/htdocs/med/vqmod/xml/med.xml
   id        : Admin Theme - Base 5 Builder - ImpulsePro
   version   : 1.0.4
   vqmver    : 2.0
   author    : Niyi Sodipe - Base5Builder.com

File Name    : view/template/sale/customer_*(0)
VQModObject::applyMod - SEARCH NOT FOUND (ABORTING MOD): <div class="heading">

----------------------------------------------------------------------


---------- Date: 2015-08-26 16:53:48 ~ IP : 127.0.0.1 ----------
REQUEST URI : /med/index.php?route=sale/customer/history&amp;token=1e4f44cc32124fe88ed2ff271b633aff&amp;filter_customer_id=40
MOD DETAILS:
   modFile   : /Applications/XAMPP/xamppfiles/htdocs/med/vqmod/xml/med.xml
   id        : Admin Theme - Base 5 Builder - ImpulsePro
   version   : 1.0.4
   vqmver    : 2.0
   author    : Niyi Sodipe - Base5Builder.com

File Name    : view/template/sale/customer_*(0)
VQModObject::applyMod - SEARCH NOT FOUND (ABORTING MOD): <div class="heading">

----------------------------------------------------------------------


---------- Date: 2015-08-26 16:53:48 ~ IP : 127.0.0.1 ----------
REQUEST URI : /med/index.php?route=sale/customer/transaction&amp;token=1e4f44cc32124fe88ed2ff271b633aff&amp;filter_product_type_id=2&amp;filter_customer_id=40&amp;show_group=1
MOD DETAILS:
   modFile   : /Applications/XAMPP/xamppfiles/htdocs/med/vqmod/xml/med.xml
   id        : Admin Theme - Base 5 Builder - ImpulsePro
   version   : 1.0.4
   vqmver    : 2.0
   author    : Niyi Sodipe - Base5Builder.com

File Name    : view/template/sale/customer_*(0)
VQModObject::applyMod - SEARCH NOT FOUND (ABORTING MOD): <div class="heading">

----------------------------------------------------------------------


