---------- Date: 2014-11-06 00:03:43 ~ IP : 127.0.0.1 ----------
REQUEST URI : /opencart2/index.php?route=sale/customer/transaction&amp;token=4c9869abc00ab0b0b12c45fca287b3d4&amp;filter_customer_id=10&amp;show_group=1
MOD DETAILS:
   modFile   : /var/www/html/opencart2/vqmod/xml/med.xml
   id        : Admin Theme - Base 5 Builder - ImpulsePro
   version   : 1.0.4
   vqmver    : 2.0
   author    : Niyi Sodipe - Base5Builder.com

File Name    : view/template/sale/customer_*(0)
VQModObject::applyMod - SEARCH NOT FOUND (ABORTING MOD): <div class="heading">

----------------------------------------------------------------------


---------- Date: 2014-11-06 00:05:01 ~ IP : 127.0.0.1 ----------
REQUEST URI : /opencart2/index.php?route=sale/customer/transaction&amp;token=4c9869abc00ab0b0b12c45fca287b3d4&amp;filter_customer_id=10&amp;show_group=1&amp;filter_product_name=&amp;filter_ismain=0&amp;filter_treatment_status=
MOD DETAILS:
   modFile   : /var/www/html/opencart2/vqmod/xml/med.xml
   id        : Admin Theme - Base 5 Builder - ImpulsePro
   version   : 1.0.4
   vqmver    : 2.0
   author    : Niyi Sodipe - Base5Builder.com

File Name    : view/template/sale/customer_*(0)
VQModObject::applyMod - SEARCH NOT FOUND (ABORTING MOD): <div class="heading">

----------------------------------------------------------------------


---------- Date: 2014-11-06 00:05:14 ~ IP : 127.0.0.1 ----------
REQUEST URI : /opencart2/index.php?route=sale/customer/transaction&amp;token=4c9869abc00ab0b0b12c45fca287b3d4&amp;filter_customer_id=10&amp;show_group=1&amp;filter_product_name=&amp;filter_ismain=0&amp;filter_treatment_status=
MOD DETAILS:
   modFile   : /var/www/html/opencart2/vqmod/xml/med.xml
   id        : Admin Theme - Base 5 Builder - ImpulsePro
   version   : 1.0.4
   vqmver    : 2.0
   author    : Niyi Sodipe - Base5Builder.com

File Name    : view/template/sale/customer_*(0)
VQModObject::applyMod - SEARCH NOT FOUND (ABORTING MOD): <div class="heading">

----------------------------------------------------------------------


---------- Date: 2014-11-06 00:05:23 ~ IP : 127.0.0.1 ----------
REQUEST URI : /opencart2/index.php?route=sale/customer/transaction&amp;token=4c9869abc00ab0b0b12c45fca287b3d4&amp;filter_customer_id=10&amp;show_group=1
MOD DETAILS:
   modFile   : /var/www/html/opencart2/vqmod/xml/med.xml
   id        : Admin Theme - Base 5 Builder - ImpulsePro
   version   : 1.0.4
   vqmver    : 2.0
   author    : Niyi Sodipe - Base5Builder.com

File Name    : view/template/sale/customer_*(0)
VQModObject::applyMod - SEARCH NOT FOUND (ABORTING MOD): <div class="heading">

----------------------------------------------------------------------


---------- Date: 2014-11-06 00:05:27 ~ IP : 127.0.0.1 ----------
REQUEST URI : /opencart2/index.php?route=sale/customer/transaction&amp;token=4c9869abc00ab0b0b12c45fca287b3d4&amp;filter_customer_id=10&amp;show_group=1&amp;filter_product_name=&amp;filter_ismain=0&amp;filter_treatment_status=
MOD DETAILS:
   modFile   : /var/www/html/opencart2/vqmod/xml/med.xml
   id        : Admin Theme - Base 5 Builder - ImpulsePro
   version   : 1.0.4
   vqmver    : 2.0
   author    : Niyi Sodipe - Base5Builder.com

File Name    : view/template/sale/customer_*(0)
VQModObject::applyMod - SEARCH NOT FOUND (ABORTING MOD): <div class="heading">

----------------------------------------------------------------------


---------- Date: 2014-11-06 00:06:03 ~ IP : 127.0.0.1 ----------
REQUEST URI : /opencart2/index.php?route=sale/customer/transaction&amp;token=4c9869abc00ab0b0b12c45fca287b3d4&amp;filter_customer_id=10&amp;show_group=1
MOD DETAILS:
   modFile   : /var/www/html/opencart2/vqmod/xml/med.xml
   id        : Admin Theme - Base 5 Builder - ImpulsePro
   version   : 1.0.4
   vqmver    : 2.0
   author    : Niyi Sodipe - Base5Builder.com

File Name    : view/template/sale/customer_*(0)
VQModObject::applyMod - SEARCH NOT FOUND (ABORTING MOD): <div class="heading">

----------------------------------------------------------------------


---------- Date: 2014-11-06 00:06:08 ~ IP : 127.0.0.1 ----------
REQUEST URI : /opencart2/index.php?route=sale/customer/transaction&amp;token=4c9869abc00ab0b0b12c45fca287b3d4&amp;filter_customer_id=9&amp;show_group=1
MOD DETAILS:
   modFile   : /var/www/html/opencart2/vqmod/xml/med.xml
   id        : Admin Theme - Base 5 Builder - ImpulsePro
   version   : 1.0.4
   vqmver    : 2.0
   author    : Niyi Sodipe - Base5Builder.com

File Name    : view/template/sale/customer_*(0)
VQModObject::applyMod - SEARCH NOT FOUND (ABORTING MOD): <div class="heading">

----------------------------------------------------------------------


---------- Date: 2014-11-06 00:06:08 ~ IP : 127.0.0.1 ----------
REQUEST URI : /opencart2/index.php?route=sale/customer/transaction&amp;token=4c9869abc00ab0b0b12c45fca287b3d4&amp;filter_customer_id=9&amp;show_group=1
MOD DETAILS:
   modFile   : /var/www/html/opencart2/vqmod/xml/med.xml
   id        : Admin Theme - Base 5 Builder - ImpulsePro
   version   : 1.0.4
   vqmver    : 2.0
   author    : Niyi Sodipe - Base5Builder.com

File Name    : view/template/sale/customer_*(0)
VQModObject::applyMod - SEARCH NOT FOUND (ABORTING MOD): <div class="heading">

----------------------------------------------------------------------


---------- Date: 2014-11-06 00:06:13 ~ IP : 127.0.0.1 ----------
REQUEST URI : /opencart2/index.php?route=sale/customer/lendings&amp;token=4c9869abc00ab0b0b12c45fca287b3d4&amp;filter_customer_id=9
MOD DETAILS:
   modFile   : /var/www/html/opencart2/vqmod/xml/med.xml
   id        : Admin Theme - Base 5 Builder - ImpulsePro
   version   : 1.0.4
   vqmver    : 2.0
   author    : Niyi Sodipe - Base5Builder.com

File Name    : view/template/sale/customer_*(0)
VQModObject::applyMod - SEARCH NOT FOUND (ABORTING MOD): <div class="heading">

----------------------------------------------------------------------


---------- Date: 2014-11-06 00:06:13 ~ IP : 127.0.0.1 ----------
REQUEST URI : /opencart2/index.php?route=sale/customer/borrows&amp;token=4c9869abc00ab0b0b12c45fca287b3d4&amp;filter_customer_id=9
MOD DETAILS:
   modFile   : /var/www/html/opencart2/vqmod/xml/med.xml
   id        : Admin Theme - Base 5 Builder - ImpulsePro
   version   : 1.0.4
   vqmver    : 2.0
   author    : Niyi Sodipe - Base5Builder.com

File Name    : view/template/sale/customer_*(0)
VQModObject::applyMod - SEARCH NOT FOUND (ABORTING MOD): <div class="heading">

----------------------------------------------------------------------


---------- Date: 2014-11-06 00:06:34 ~ IP : 127.0.0.1 ----------
REQUEST URI : /opencart2/index.php?route=sale/customer/transaction&amp;token=4c9869abc00ab0b0b12c45fca287b3d4&amp;filter_customer_id=9&amp;show_group=1
MOD DETAILS:
   modFile   : /var/www/html/opencart2/vqmod/xml/med.xml
   id        : Admin Theme - Base 5 Builder - ImpulsePro
   version   : 1.0.4
   vqmver    : 2.0
   author    : Niyi Sodipe - Base5Builder.com

File Name    : view/template/sale/customer_*(0)
VQModObject::applyMod - SEARCH NOT FOUND (ABORTING MOD): <div class="heading">

----------------------------------------------------------------------


---------- Date: 2014-11-06 00:06:34 ~ IP : 127.0.0.1 ----------
REQUEST URI : /opencart2/index.php?route=sale/customer/lendings&amp;token=4c9869abc00ab0b0b12c45fca287b3d4&amp;filter_customer_id=9
MOD DETAILS:
   modFile   : /var/www/html/opencart2/vqmod/xml/med.xml
   id        : Admin Theme - Base 5 Builder - ImpulsePro
   version   : 1.0.4
   vqmver    : 2.0
   author    : Niyi Sodipe - Base5Builder.com

File Name    : view/template/sale/customer_*(0)
VQModObject::applyMod - SEARCH NOT FOUND (ABORTING MOD): <div class="heading">

----------------------------------------------------------------------


---------- Date: 2014-11-06 00:06:34 ~ IP : 127.0.0.1 ----------
REQUEST URI : /opencart2/index.php?route=sale/customer/borrows&amp;token=4c9869abc00ab0b0b12c45fca287b3d4&amp;filter_customer_id=9
MOD DETAILS:
   modFile   : /var/www/html/opencart2/vqmod/xml/med.xml
   id        : Admin Theme - Base 5 Builder - ImpulsePro
   version   : 1.0.4
   vqmver    : 2.0
   author    : Niyi Sodipe - Base5Builder.com

File Name    : view/template/sale/customer_*(0)
VQModObject::applyMod - SEARCH NOT FOUND (ABORTING MOD): <div class="heading">

----------------------------------------------------------------------


---------- Date: 2014-11-06 00:06:42 ~ IP : 127.0.0.1 ----------
REQUEST URI : /opencart2/index.php?route=sale/customer/lendings&amp;token=4c9869abc00ab0b0b12c45fca287b3d4&amp;filter_customer_id=9
MOD DETAILS:
   modFile   : /var/www/html/opencart2/vqmod/xml/med.xml
   id        : Admin Theme - Base 5 Builder - ImpulsePro
   version   : 1.0.4
   vqmver    : 2.0
   author    : Niyi Sodipe - Base5Builder.com

File Name    : view/template/sale/customer_*(0)
VQModObject::applyMod - SEARCH NOT FOUND (ABORTING MOD): <div class="heading">

----------------------------------------------------------------------


---------- Date: 2014-11-06 00:06:44 ~ IP : 127.0.0.1 ----------
REQUEST URI : /opencart2/index.php?route=sale/customer/transaction&amp;token=4c9869abc00ab0b0b12c45fca287b3d4&amp;filter_customer_id=9&amp;show_group=1
MOD DETAILS:
   modFile   : /var/www/html/opencart2/vqmod/xml/med.xml
   id        : Admin Theme - Base 5 Builder - ImpulsePro
   version   : 1.0.4
   vqmver    : 2.0
   author    : Niyi Sodipe - Base5Builder.com

File Name    : view/template/sale/customer_*(0)
VQModObject::applyMod - SEARCH NOT FOUND (ABORTING MOD): <div class="heading">

----------------------------------------------------------------------


---------- Date: 2014-11-06 00:07:03 ~ IP : 127.0.0.1 ----------
REQUEST URI : /opencart2/index.php?route=sale/customer/lendings&amp;token=4c9869abc00ab0b0b12c45fca287b3d4&amp;filter_customer_id=9
MOD DETAILS:
   modFile   : /var/www/html/opencart2/vqmod/xml/med.xml
   id        : Admin Theme - Base 5 Builder - ImpulsePro
   version   : 1.0.4
   vqmver    : 2.0
   author    : Niyi Sodipe - Base5Builder.com

File Name    : view/template/sale/customer_*(0)
VQModObject::applyMod - SEARCH NOT FOUND (ABORTING MOD): <div class="heading">

----------------------------------------------------------------------


---------- Date: 2014-11-06 00:07:03 ~ IP : 127.0.0.1 ----------
REQUEST URI : /opencart2/index.php?route=sale/customer/borrows&amp;token=4c9869abc00ab0b0b12c45fca287b3d4&amp;filter_customer_id=9
MOD DETAILS:
   modFile   : /var/www/html/opencart2/vqmod/xml/med.xml
   id        : Admin Theme - Base 5 Builder - ImpulsePro
   version   : 1.0.4
   vqmver    : 2.0
   author    : Niyi Sodipe - Base5Builder.com

File Name    : view/template/sale/customer_*(0)
VQModObject::applyMod - SEARCH NOT FOUND (ABORTING MOD): <div class="heading">

----------------------------------------------------------------------


---------- Date: 2014-11-06 00:07:09 ~ IP : 127.0.0.1 ----------
REQUEST URI : /opencart2/index.php?route=sale/customer/lendings&amp;token=4c9869abc00ab0b0b12c45fca287b3d4&amp;filter_customer_id=9
MOD DETAILS:
   modFile   : /var/www/html/opencart2/vqmod/xml/med.xml
   id        : Admin Theme - Base 5 Builder - ImpulsePro
   version   : 1.0.4
   vqmver    : 2.0
   author    : Niyi Sodipe - Base5Builder.com

File Name    : view/template/sale/customer_*(0)
VQModObject::applyMod - SEARCH NOT FOUND (ABORTING MOD): <div class="heading">

----------------------------------------------------------------------


---------- Date: 2014-11-06 00:07:48 ~ IP : 127.0.0.1 ----------
REQUEST URI : /opencart2/index.php?route=sale/customer/transaction&amp;token=4c9869abc00ab0b0b12c45fca287b3d4&amp;filter_customer_id=11&amp;show_group=1
MOD DETAILS:
   modFile   : /var/www/html/opencart2/vqmod/xml/med.xml
   id        : Admin Theme - Base 5 Builder - ImpulsePro
   version   : 1.0.4
   vqmver    : 2.0
   author    : Niyi Sodipe - Base5Builder.com

File Name    : view/template/sale/customer_*(0)
VQModObject::applyMod - SEARCH NOT FOUND (ABORTING MOD): <div class="heading">

----------------------------------------------------------------------


---------- Date: 2014-11-06 00:07:57 ~ IP : 127.0.0.1 ----------
REQUEST URI : /opencart2/index.php?route=sale/customer/transaction&amp;token=4c9869abc00ab0b0b12c45fca287b3d4&amp;filter_customer_id=11&amp;show_group=1&amp;filter_product_name=&amp;filter_ismain=0&amp;filter_treatment_status=
MOD DETAILS:
   modFile   : /var/www/html/opencart2/vqmod/xml/med.xml
   id        : Admin Theme - Base 5 Builder - ImpulsePro
   version   : 1.0.4
   vqmver    : 2.0
   author    : Niyi Sodipe - Base5Builder.com

File Name    : view/template/sale/customer_*(0)
VQModObject::applyMod - SEARCH NOT FOUND (ABORTING MOD): <div class="heading">

----------------------------------------------------------------------


---------- Date: 2014-11-06 00:09:33 ~ IP : 127.0.0.1 ----------
REQUEST URI : /opencart2/index.php?route=sale/customer/transaction&amp;token=4c9869abc00ab0b0b12c45fca287b3d4&amp;filter_customer_id=11&amp;show_group=1&amp;filter_product_name=&amp;filter_ismain=0&amp;filter_treatment_status=
MOD DETAILS:
   modFile   : /var/www/html/opencart2/vqmod/xml/med.xml
   id        : Admin Theme - Base 5 Builder - ImpulsePro
   version   : 1.0.4
   vqmver    : 2.0
   author    : Niyi Sodipe - Base5Builder.com

File Name    : view/template/sale/customer_*(0)
VQModObject::applyMod - SEARCH NOT FOUND (ABORTING MOD): <div class="heading">

----------------------------------------------------------------------


---------- Date: 2014-11-06 00:11:47 ~ IP : 127.0.0.1 ----------
REQUEST URI : /opencart2/index.php?route=sale/customer/lendings&amp;token=4c9869abc00ab0b0b12c45fca287b3d4&amp;filter_customer_id=11
MOD DETAILS:
   modFile   : /var/www/html/opencart2/vqmod/xml/med.xml
   id        : Admin Theme - Base 5 Builder - ImpulsePro
   version   : 1.0.4
   vqmver    : 2.0
   author    : Niyi Sodipe - Base5Builder.com

File Name    : view/template/sale/customer_*(0)
VQModObject::applyMod - SEARCH NOT FOUND (ABORTING MOD): <div class="heading">

----------------------------------------------------------------------


---------- Date: 2014-11-06 00:11:47 ~ IP : 127.0.0.1 ----------
REQUEST URI : /opencart2/index.php?route=sale/customer/borrows&amp;token=4c9869abc00ab0b0b12c45fca287b3d4&amp;filter_customer_id=11
MOD DETAILS:
   modFile   : /var/www/html/opencart2/vqmod/xml/med.xml
   id        : Admin Theme - Base 5 Builder - ImpulsePro
   version   : 1.0.4
   vqmver    : 2.0
   author    : Niyi Sodipe - Base5Builder.com

File Name    : view/template/sale/customer_*(0)
VQModObject::applyMod - SEARCH NOT FOUND (ABORTING MOD): <div class="heading">

----------------------------------------------------------------------


---------- Date: 2014-11-06 00:11:47 ~ IP : 127.0.0.1 ----------
REQUEST URI : /opencart2/index.php?route=sale/customer/lendings&amp;token=4c9869abc00ab0b0b12c45fca287b3d4&amp;filter_customer_id=11
MOD DETAILS:
   modFile   : /var/www/html/opencart2/vqmod/xml/med.xml
   id        : Admin Theme - Base 5 Builder - ImpulsePro
   version   : 1.0.4
   vqmver    : 2.0
   author    : Niyi Sodipe - Base5Builder.com

File Name    : view/template/sale/customer_*(0)
VQModObject::applyMod - SEARCH NOT FOUND (ABORTING MOD): <div class="heading">

----------------------------------------------------------------------


---------- Date: 2014-11-06 00:11:47 ~ IP : 127.0.0.1 ----------
REQUEST URI : /opencart2/index.php?route=sale/customer/borrows&amp;token=4c9869abc00ab0b0b12c45fca287b3d4&amp;filter_customer_id=11
MOD DETAILS:
   modFile   : /var/www/html/opencart2/vqmod/xml/med.xml
   id        : Admin Theme - Base 5 Builder - ImpulsePro
   version   : 1.0.4
   vqmver    : 2.0
   author    : Niyi Sodipe - Base5Builder.com

File Name    : view/template/sale/customer_*(0)
VQModObject::applyMod - SEARCH NOT FOUND (ABORTING MOD): <div class="heading">

----------------------------------------------------------------------


---------- Date: 2014-11-06 00:11:48 ~ IP : 127.0.0.1 ----------
REQUEST URI : /opencart2/index.php?route=sale/customer/lendings&amp;token=4c9869abc00ab0b0b12c45fca287b3d4&amp;filter_customer_id=11
MOD DETAILS:
   modFile   : /var/www/html/opencart2/vqmod/xml/med.xml
   id        : Admin Theme - Base 5 Builder - ImpulsePro
   version   : 1.0.4
   vqmver    : 2.0
   author    : Niyi Sodipe - Base5Builder.com

File Name    : view/template/sale/customer_*(0)
VQModObject::applyMod - SEARCH NOT FOUND (ABORTING MOD): <div class="heading">

----------------------------------------------------------------------


---------- Date: 2014-11-06 00:11:48 ~ IP : 127.0.0.1 ----------
REQUEST URI : /opencart2/index.php?route=sale/customer/borrows&amp;token=4c9869abc00ab0b0b12c45fca287b3d4&amp;filter_customer_id=11
MOD DETAILS:
   modFile   : /var/www/html/opencart2/vqmod/xml/med.xml
   id        : Admin Theme - Base 5 Builder - ImpulsePro
   version   : 1.0.4
   vqmver    : 2.0
   author    : Niyi Sodipe - Base5Builder.com

File Name    : view/template/sale/customer_*(0)
VQModObject::applyMod - SEARCH NOT FOUND (ABORTING MOD): <div class="heading">

----------------------------------------------------------------------


---------- Date: 2014-11-06 00:11:49 ~ IP : 127.0.0.1 ----------
REQUEST URI : /opencart2/index.php?route=sale/customer/transaction&amp;token=4c9869abc00ab0b0b12c45fca287b3d4&amp;filter_customer_id=11&amp;show_group=1
MOD DETAILS:
   modFile   : /var/www/html/opencart2/vqmod/xml/med.xml
   id        : Admin Theme - Base 5 Builder - ImpulsePro
   version   : 1.0.4
   vqmver    : 2.0
   author    : Niyi Sodipe - Base5Builder.com

File Name    : view/template/sale/customer_*(0)
VQModObject::applyMod - SEARCH NOT FOUND (ABORTING MOD): <div class="heading">

----------------------------------------------------------------------


---------- Date: 2014-11-06 00:11:49 ~ IP : 127.0.0.1 ----------
REQUEST URI : /opencart2/index.php?route=sale/customer/transaction&amp;token=4c9869abc00ab0b0b12c45fca287b3d4&amp;filter_customer_id=11&amp;show_group=1
MOD DETAILS:
   modFile   : /var/www/html/opencart2/vqmod/xml/med.xml
   id        : Admin Theme - Base 5 Builder - ImpulsePro
   version   : 1.0.4
   vqmver    : 2.0
   author    : Niyi Sodipe - Base5Builder.com

File Name    : view/template/sale/customer_*(0)
VQModObject::applyMod - SEARCH NOT FOUND (ABORTING MOD): <div class="heading">

----------------------------------------------------------------------


---------- Date: 2014-11-06 00:11:51 ~ IP : 127.0.0.1 ----------
REQUEST URI : /opencart2/index.php?route=sale/customer/transaction&amp;token=4c9869abc00ab0b0b12c45fca287b3d4&amp;filter_customer_id=11&amp;show_group=1&amp;filter_product_name=&amp;filter_ismain=0&amp;filter_treatment_status=
MOD DETAILS:
   modFile   : /var/www/html/opencart2/vqmod/xml/med.xml
   id        : Admin Theme - Base 5 Builder - ImpulsePro
   version   : 1.0.4
   vqmver    : 2.0
   author    : Niyi Sodipe - Base5Builder.com

File Name    : view/template/sale/customer_*(0)
VQModObject::applyMod - SEARCH NOT FOUND (ABORTING MOD): <div class="heading">

----------------------------------------------------------------------


---------- Date: 2014-11-06 00:11:53 ~ IP : 127.0.0.1 ----------
REQUEST URI : /opencart2/index.php?route=sale/customer/transaction&amp;token=4c9869abc00ab0b0b12c45fca287b3d4&amp;filter_customer_id=11&amp;show_group=1&amp;filter_product_name=&amp;filter_ismain=0&amp;filter_treatment_status=
MOD DETAILS:
   modFile   : /var/www/html/opencart2/vqmod/xml/med.xml
   id        : Admin Theme - Base 5 Builder - ImpulsePro
   version   : 1.0.4
   vqmver    : 2.0
   author    : Niyi Sodipe - Base5Builder.com

File Name    : view/template/sale/customer_*(0)
VQModObject::applyMod - SEARCH NOT FOUND (ABORTING MOD): <div class="heading">

----------------------------------------------------------------------


---------- Date: 2014-11-06 00:11:54 ~ IP : 127.0.0.1 ----------
REQUEST URI : /opencart2/index.php?route=sale/customer/lendings&amp;token=4c9869abc00ab0b0b12c45fca287b3d4&amp;filter_customer_id=11
MOD DETAILS:
   modFile   : /var/www/html/opencart2/vqmod/xml/med.xml
   id        : Admin Theme - Base 5 Builder - ImpulsePro
   version   : 1.0.4
   vqmver    : 2.0
   author    : Niyi Sodipe - Base5Builder.com

File Name    : view/template/sale/customer_*(0)
VQModObject::applyMod - SEARCH NOT FOUND (ABORTING MOD): <div class="heading">

----------------------------------------------------------------------


---------- Date: 2014-11-06 00:11:54 ~ IP : 127.0.0.1 ----------
REQUEST URI : /opencart2/index.php?route=sale/customer/borrows&amp;token=4c9869abc00ab0b0b12c45fca287b3d4&amp;filter_customer_id=11
MOD DETAILS:
   modFile   : /var/www/html/opencart2/vqmod/xml/med.xml
   id        : Admin Theme - Base 5 Builder - ImpulsePro
   version   : 1.0.4
   vqmver    : 2.0
   author    : Niyi Sodipe - Base5Builder.com

File Name    : view/template/sale/customer_*(0)
VQModObject::applyMod - SEARCH NOT FOUND (ABORTING MOD): <div class="heading">

----------------------------------------------------------------------


---------- Date: 2014-11-06 00:11:54 ~ IP : 127.0.0.1 ----------
REQUEST URI : /opencart2/index.php?route=sale/customer/lendings&amp;token=4c9869abc00ab0b0b12c45fca287b3d4&amp;filter_customer_id=11
MOD DETAILS:
   modFile   : /var/www/html/opencart2/vqmod/xml/med.xml
   id        : Admin Theme - Base 5 Builder - ImpulsePro
   version   : 1.0.4
   vqmver    : 2.0
   author    : Niyi Sodipe - Base5Builder.com

File Name    : view/template/sale/customer_*(0)
VQModObject::applyMod - SEARCH NOT FOUND (ABORTING MOD): <div class="heading">

----------------------------------------------------------------------


---------- Date: 2014-11-06 00:11:54 ~ IP : 127.0.0.1 ----------
REQUEST URI : /opencart2/index.php?route=sale/customer/borrows&amp;token=4c9869abc00ab0b0b12c45fca287b3d4&amp;filter_customer_id=11
MOD DETAILS:
   modFile   : /var/www/html/opencart2/vqmod/xml/med.xml
   id        : Admin Theme - Base 5 Builder - ImpulsePro
   version   : 1.0.4
   vqmver    : 2.0
   author    : Niyi Sodipe - Base5Builder.com

File Name    : view/template/sale/customer_*(0)
VQModObject::applyMod - SEARCH NOT FOUND (ABORTING MOD): <div class="heading">

----------------------------------------------------------------------


---------- Date: 2014-11-06 00:12:06 ~ IP : 127.0.0.1 ----------
REQUEST URI : /opencart2/index.php?route=sale/customer/transaction&amp;token=4c9869abc00ab0b0b12c45fca287b3d4&amp;filter_customer_id=9&amp;show_group=1
MOD DETAILS:
   modFile   : /var/www/html/opencart2/vqmod/xml/med.xml
   id        : Admin Theme - Base 5 Builder - ImpulsePro
   version   : 1.0.4
   vqmver    : 2.0
   author    : Niyi Sodipe - Base5Builder.com

File Name    : view/template/sale/customer_*(0)
VQModObject::applyMod - SEARCH NOT FOUND (ABORTING MOD): <div class="heading">

----------------------------------------------------------------------


---------- Date: 2014-11-06 00:12:06 ~ IP : 127.0.0.1 ----------
REQUEST URI : /opencart2/index.php?route=sale/customer/transaction&amp;token=4c9869abc00ab0b0b12c45fca287b3d4&amp;filter_customer_id=9&amp;show_group=1
MOD DETAILS:
   modFile   : /var/www/html/opencart2/vqmod/xml/med.xml
   id        : Admin Theme - Base 5 Builder - ImpulsePro
   version   : 1.0.4
   vqmver    : 2.0
   author    : Niyi Sodipe - Base5Builder.com

File Name    : view/template/sale/customer_*(0)
VQModObject::applyMod - SEARCH NOT FOUND (ABORTING MOD): <div class="heading">

----------------------------------------------------------------------


---------- Date: 2014-11-06 00:12:10 ~ IP : 127.0.0.1 ----------
REQUEST URI : /opencart2/index.php?route=sale/customer/borrows&amp;token=4c9869abc00ab0b0b12c45fca287b3d4&amp;filter_customer_id=9
MOD DETAILS:
   modFile   : /var/www/html/opencart2/vqmod/xml/med.xml
   id        : Admin Theme - Base 5 Builder - ImpulsePro
   version   : 1.0.4
   vqmver    : 2.0
   author    : Niyi Sodipe - Base5Builder.com

File Name    : view/template/sale/customer_*(0)
VQModObject::applyMod - SEARCH NOT FOUND (ABORTING MOD): <div class="heading">

----------------------------------------------------------------------


---------- Date: 2014-11-06 00:12:10 ~ IP : 127.0.0.1 ----------
REQUEST URI : /opencart2/index.php?route=sale/customer/lendings&amp;token=4c9869abc00ab0b0b12c45fca287b3d4&amp;filter_customer_id=9
MOD DETAILS:
   modFile   : /var/www/html/opencart2/vqmod/xml/med.xml
   id        : Admin Theme - Base 5 Builder - ImpulsePro
   version   : 1.0.4
   vqmver    : 2.0
   author    : Niyi Sodipe - Base5Builder.com

File Name    : view/template/sale/customer_*(0)
VQModObject::applyMod - SEARCH NOT FOUND (ABORTING MOD): <div class="heading">

----------------------------------------------------------------------


---------- Date: 2014-11-06 00:12:23 ~ IP : 127.0.0.1 ----------
REQUEST URI : /opencart2/index.php?route=sale/customer/lendings&amp;token=4c9869abc00ab0b0b12c45fca287b3d4&amp;filter_customer_id=9
MOD DETAILS:
   modFile   : /var/www/html/opencart2/vqmod/xml/med.xml
   id        : Admin Theme - Base 5 Builder - ImpulsePro
   version   : 1.0.4
   vqmver    : 2.0
   author    : Niyi Sodipe - Base5Builder.com

File Name    : view/template/sale/customer_*(0)
VQModObject::applyMod - SEARCH NOT FOUND (ABORTING MOD): <div class="heading">

----------------------------------------------------------------------


---------- Date: 2014-11-06 00:12:24 ~ IP : 127.0.0.1 ----------
REQUEST URI : /opencart2/index.php?route=sale/customer/transaction&amp;token=4c9869abc00ab0b0b12c45fca287b3d4&amp;filter_customer_id=9&amp;show_group=1
MOD DETAILS:
   modFile   : /var/www/html/opencart2/vqmod/xml/med.xml
   id        : Admin Theme - Base 5 Builder - ImpulsePro
   version   : 1.0.4
   vqmver    : 2.0
   author    : Niyi Sodipe - Base5Builder.com

File Name    : view/template/sale/customer_*(0)
VQModObject::applyMod - SEARCH NOT FOUND (ABORTING MOD): <div class="heading">

----------------------------------------------------------------------


---------- Date: 2014-11-06 00:12:25 ~ IP : 127.0.0.1 ----------
REQUEST URI : /opencart2/index.php?route=sale/customer/transaction&amp;token=4c9869abc00ab0b0b12c45fca287b3d4&amp;filter_customer_id=9&amp;show_group=1
MOD DETAILS:
   modFile   : /var/www/html/opencart2/vqmod/xml/med.xml
   id        : Admin Theme - Base 5 Builder - ImpulsePro
   version   : 1.0.4
   vqmver    : 2.0
   author    : Niyi Sodipe - Base5Builder.com

File Name    : view/template/sale/customer_*(0)
VQModObject::applyMod - SEARCH NOT FOUND (ABORTING MOD): <div class="heading">

----------------------------------------------------------------------


---------- Date: 2014-11-06 00:13:51 ~ IP : 127.0.0.1 ----------
REQUEST URI : /opencart2/index.php?route=sale/customer/lendings&amp;token=4c9869abc00ab0b0b12c45fca287b3d4&amp;filter_customer_id=9
MOD DETAILS:
   modFile   : /var/www/html/opencart2/vqmod/xml/med.xml
   id        : Admin Theme - Base 5 Builder - ImpulsePro
   version   : 1.0.4
   vqmver    : 2.0
   author    : Niyi Sodipe - Base5Builder.com

File Name    : view/template/sale/customer_*(0)
VQModObject::applyMod - SEARCH NOT FOUND (ABORTING MOD): <div class="heading">

----------------------------------------------------------------------


---------- Date: 2014-11-06 00:13:51 ~ IP : 127.0.0.1 ----------
REQUEST URI : /opencart2/index.php?route=sale/customer/borrows&amp;token=4c9869abc00ab0b0b12c45fca287b3d4&amp;filter_customer_id=9
MOD DETAILS:
   modFile   : /var/www/html/opencart2/vqmod/xml/med.xml
   id        : Admin Theme - Base 5 Builder - ImpulsePro
   version   : 1.0.4
   vqmver    : 2.0
   author    : Niyi Sodipe - Base5Builder.com

File Name    : view/template/sale/customer_*(0)
VQModObject::applyMod - SEARCH NOT FOUND (ABORTING MOD): <div class="heading">

----------------------------------------------------------------------


---------- Date: 2014-11-06 00:13:54 ~ IP : 127.0.0.1 ----------
REQUEST URI : /opencart2/index.php?route=sale/customer/transaction&amp;token=4c9869abc00ab0b0b12c45fca287b3d4&amp;filter_customer_id=9&amp;show_group=1
MOD DETAILS:
   modFile   : /var/www/html/opencart2/vqmod/xml/med.xml
   id        : Admin Theme - Base 5 Builder - ImpulsePro
   version   : 1.0.4
   vqmver    : 2.0
   author    : Niyi Sodipe - Base5Builder.com

File Name    : view/template/sale/customer_*(0)
VQModObject::applyMod - SEARCH NOT FOUND (ABORTING MOD): <div class="heading">

----------------------------------------------------------------------


---------- Date: 2014-11-06 00:13:58 ~ IP : 127.0.0.1 ----------
REQUEST URI : /opencart2/index.php?route=sale/customer/lendings&amp;token=4c9869abc00ab0b0b12c45fca287b3d4&amp;filter_customer_id=9
MOD DETAILS:
   modFile   : /var/www/html/opencart2/vqmod/xml/med.xml
   id        : Admin Theme - Base 5 Builder - ImpulsePro
   version   : 1.0.4
   vqmver    : 2.0
   author    : Niyi Sodipe - Base5Builder.com

File Name    : view/template/sale/customer_*(0)
VQModObject::applyMod - SEARCH NOT FOUND (ABORTING MOD): <div class="heading">

----------------------------------------------------------------------


---------- Date: 2014-11-06 00:13:58 ~ IP : 127.0.0.1 ----------
REQUEST URI : /opencart2/index.php?route=sale/customer/borrows&amp;token=4c9869abc00ab0b0b12c45fca287b3d4&amp;filter_customer_id=9
MOD DETAILS:
   modFile   : /var/www/html/opencart2/vqmod/xml/med.xml
   id        : Admin Theme - Base 5 Builder - ImpulsePro
   version   : 1.0.4
   vqmver    : 2.0
   author    : Niyi Sodipe - Base5Builder.com

File Name    : view/template/sale/customer_*(0)
VQModObject::applyMod - SEARCH NOT FOUND (ABORTING MOD): <div class="heading">

----------------------------------------------------------------------


---------- Date: 2014-11-06 00:14:06 ~ IP : 127.0.0.1 ----------
REQUEST URI : /opencart2/index.php?route=sale/customer/lendings&amp;token=4c9869abc00ab0b0b12c45fca287b3d4&amp;filter_customer_id=9
MOD DETAILS:
   modFile   : /var/www/html/opencart2/vqmod/xml/med.xml
   id        : Admin Theme - Base 5 Builder - ImpulsePro
   version   : 1.0.4
   vqmver    : 2.0
   author    : Niyi Sodipe - Base5Builder.com

File Name    : view/template/sale/customer_*(0)
VQModObject::applyMod - SEARCH NOT FOUND (ABORTING MOD): <div class="heading">

----------------------------------------------------------------------


---------- Date: 2014-11-06 00:14:13 ~ IP : 127.0.0.1 ----------
REQUEST URI : /opencart2/index.php?route=sale/customer/lendings&amp;token=4c9869abc00ab0b0b12c45fca287b3d4&amp;filter_customer_id=11
MOD DETAILS:
   modFile   : /var/www/html/opencart2/vqmod/xml/med.xml
   id        : Admin Theme - Base 5 Builder - ImpulsePro
   version   : 1.0.4
   vqmver    : 2.0
   author    : Niyi Sodipe - Base5Builder.com

File Name    : view/template/sale/customer_*(0)
VQModObject::applyMod - SEARCH NOT FOUND (ABORTING MOD): <div class="heading">

----------------------------------------------------------------------


---------- Date: 2014-11-06 00:14:13 ~ IP : 127.0.0.1 ----------
REQUEST URI : /opencart2/index.php?route=sale/customer/borrows&amp;token=4c9869abc00ab0b0b12c45fca287b3d4&amp;filter_customer_id=11
MOD DETAILS:
   modFile   : /var/www/html/opencart2/vqmod/xml/med.xml
   id        : Admin Theme - Base 5 Builder - ImpulsePro
   version   : 1.0.4
   vqmver    : 2.0
   author    : Niyi Sodipe - Base5Builder.com

File Name    : view/template/sale/customer_*(0)
VQModObject::applyMod - SEARCH NOT FOUND (ABORTING MOD): <div class="heading">

----------------------------------------------------------------------


---------- Date: 2014-11-06 00:14:13 ~ IP : 127.0.0.1 ----------
REQUEST URI : /opencart2/index.php?route=sale/customer/lendings&amp;token=4c9869abc00ab0b0b12c45fca287b3d4&amp;filter_customer_id=11
MOD DETAILS:
   modFile   : /var/www/html/opencart2/vqmod/xml/med.xml
   id        : Admin Theme - Base 5 Builder - ImpulsePro
   version   : 1.0.4
   vqmver    : 2.0
   author    : Niyi Sodipe - Base5Builder.com

File Name    : view/template/sale/customer_*(0)
VQModObject::applyMod - SEARCH NOT FOUND (ABORTING MOD): <div class="heading">

----------------------------------------------------------------------


---------- Date: 2014-11-06 00:14:13 ~ IP : 127.0.0.1 ----------
REQUEST URI : /opencart2/index.php?route=sale/customer/borrows&amp;token=4c9869abc00ab0b0b12c45fca287b3d4&amp;filter_customer_id=11
MOD DETAILS:
   modFile   : /var/www/html/opencart2/vqmod/xml/med.xml
   id        : Admin Theme - Base 5 Builder - ImpulsePro
   version   : 1.0.4
   vqmver    : 2.0
   author    : Niyi Sodipe - Base5Builder.com

File Name    : view/template/sale/customer_*(0)
VQModObject::applyMod - SEARCH NOT FOUND (ABORTING MOD): <div class="heading">

----------------------------------------------------------------------


---------- Date: 2014-11-06 00:14:13 ~ IP : 127.0.0.1 ----------
REQUEST URI : /opencart2/index.php?route=sale/customer/lendings&amp;token=4c9869abc00ab0b0b12c45fca287b3d4&amp;filter_customer_id=11
MOD DETAILS:
   modFile   : /var/www/html/opencart2/vqmod/xml/med.xml
   id        : Admin Theme - Base 5 Builder - ImpulsePro
   version   : 1.0.4
   vqmver    : 2.0
   author    : Niyi Sodipe - Base5Builder.com

File Name    : view/template/sale/customer_*(0)
VQModObject::applyMod - SEARCH NOT FOUND (ABORTING MOD): <div class="heading">

----------------------------------------------------------------------


---------- Date: 2014-11-06 00:14:13 ~ IP : 127.0.0.1 ----------
REQUEST URI : /opencart2/index.php?route=sale/customer/borrows&amp;token=4c9869abc00ab0b0b12c45fca287b3d4&amp;filter_customer_id=11
MOD DETAILS:
   modFile   : /var/www/html/opencart2/vqmod/xml/med.xml
   id        : Admin Theme - Base 5 Builder - ImpulsePro
   version   : 1.0.4
   vqmver    : 2.0
   author    : Niyi Sodipe - Base5Builder.com

File Name    : view/template/sale/customer_*(0)
VQModObject::applyMod - SEARCH NOT FOUND (ABORTING MOD): <div class="heading">

----------------------------------------------------------------------


---------- Date: 2014-11-06 00:14:14 ~ IP : 127.0.0.1 ----------
REQUEST URI : /opencart2/index.php?route=sale/customer/transaction&amp;token=4c9869abc00ab0b0b12c45fca287b3d4&amp;filter_customer_id=11&amp;show_group=1
MOD DETAILS:
   modFile   : /var/www/html/opencart2/vqmod/xml/med.xml
   id        : Admin Theme - Base 5 Builder - ImpulsePro
   version   : 1.0.4
   vqmver    : 2.0
   author    : Niyi Sodipe - Base5Builder.com

File Name    : view/template/sale/customer_*(0)
VQModObject::applyMod - SEARCH NOT FOUND (ABORTING MOD): <div class="heading">

----------------------------------------------------------------------


---------- Date: 2014-11-06 00:14:14 ~ IP : 127.0.0.1 ----------
REQUEST URI : /opencart2/index.php?route=sale/customer/transaction&amp;token=4c9869abc00ab0b0b12c45fca287b3d4&amp;filter_customer_id=11&amp;show_group=1
MOD DETAILS:
   modFile   : /var/www/html/opencart2/vqmod/xml/med.xml
   id        : Admin Theme - Base 5 Builder - ImpulsePro
   version   : 1.0.4
   vqmver    : 2.0
   author    : Niyi Sodipe - Base5Builder.com

File Name    : view/template/sale/customer_*(0)
VQModObject::applyMod - SEARCH NOT FOUND (ABORTING MOD): <div class="heading">

----------------------------------------------------------------------


---------- Date: 2014-11-06 00:14:14 ~ IP : 127.0.0.1 ----------
REQUEST URI : /opencart2/index.php?route=sale/customer/transaction&amp;token=4c9869abc00ab0b0b12c45fca287b3d4&amp;filter_customer_id=11&amp;show_group=1
MOD DETAILS:
   modFile   : /var/www/html/opencart2/vqmod/xml/med.xml
   id        : Admin Theme - Base 5 Builder - ImpulsePro
   version   : 1.0.4
   vqmver    : 2.0
   author    : Niyi Sodipe - Base5Builder.com

File Name    : view/template/sale/customer_*(0)
VQModObject::applyMod - SEARCH NOT FOUND (ABORTING MOD): <div class="heading">

----------------------------------------------------------------------


---------- Date: 2014-11-06 00:14:15 ~ IP : 127.0.0.1 ----------
REQUEST URI : /opencart2/index.php?route=sale/customer/transaction&amp;token=4c9869abc00ab0b0b12c45fca287b3d4&amp;filter_customer_id=11&amp;show_group=1
MOD DETAILS:
   modFile   : /var/www/html/opencart2/vqmod/xml/med.xml
   id        : Admin Theme - Base 5 Builder - ImpulsePro
   version   : 1.0.4
   vqmver    : 2.0
   author    : Niyi Sodipe - Base5Builder.com

File Name    : view/template/sale/customer_*(0)
VQModObject::applyMod - SEARCH NOT FOUND (ABORTING MOD): <div class="heading">

----------------------------------------------------------------------


---------- Date: 2014-11-06 00:14:22 ~ IP : 127.0.0.1 ----------
REQUEST URI : /opencart2/index.php?route=sale/customer/transaction&amp;token=4c9869abc00ab0b0b12c45fca287b3d4&amp;filter_customer_id=11&amp;show_group=1&amp;filter_product_name=&amp;filter_ismain=0&amp;filter_treatment_status=
MOD DETAILS:
   modFile   : /var/www/html/opencart2/vqmod/xml/med.xml
   id        : Admin Theme - Base 5 Builder - ImpulsePro
   version   : 1.0.4
   vqmver    : 2.0
   author    : Niyi Sodipe - Base5Builder.com

File Name    : view/template/sale/customer_*(0)
VQModObject::applyMod - SEARCH NOT FOUND (ABORTING MOD): <div class="heading">

----------------------------------------------------------------------


---------- Date: 2014-11-06 00:14:54 ~ IP : 127.0.0.1 ----------
REQUEST URI : /opencart2/index.php?route=sale/customer/payments&amp;token=4c9869abc00ab0b0b12c45fca287b3d4&amp;filter_customer_id=11
MOD DETAILS:
   modFile   : /var/www/html/opencart2/vqmod/xml/med.xml
   id        : Admin Theme - Base 5 Builder - ImpulsePro
   version   : 1.0.4
   vqmver    : 2.0
   author    : Niyi Sodipe - Base5Builder.com

File Name    : view/template/sale/customer_*(0)
VQModObject::applyMod - SEARCH NOT FOUND (ABORTING MOD): <div class="heading">

----------------------------------------------------------------------


---------- Date: 2014-11-06 00:14:55 ~ IP : 127.0.0.1 ----------
REQUEST URI : /opencart2/index.php?route=sale/customer/payments&amp;token=4c9869abc00ab0b0b12c45fca287b3d4&amp;filter_customer_id=11
MOD DETAILS:
   modFile   : /var/www/html/opencart2/vqmod/xml/med.xml
   id        : Admin Theme - Base 5 Builder - ImpulsePro
   version   : 1.0.4
   vqmver    : 2.0
   author    : Niyi Sodipe - Base5Builder.com

File Name    : view/template/sale/customer_*(0)
VQModObject::applyMod - SEARCH NOT FOUND (ABORTING MOD): <div class="heading">

----------------------------------------------------------------------


---------- Date: 2014-11-06 00:14:55 ~ IP : 127.0.0.1 ----------
REQUEST URI : /opencart2/index.php?route=sale/customer/payments&amp;token=4c9869abc00ab0b0b12c45fca287b3d4&amp;filter_customer_id=11
MOD DETAILS:
   modFile   : /var/www/html/opencart2/vqmod/xml/med.xml
   id        : Admin Theme - Base 5 Builder - ImpulsePro
   version   : 1.0.4
   vqmver    : 2.0
   author    : Niyi Sodipe - Base5Builder.com

File Name    : view/template/sale/customer_*(0)
VQModObject::applyMod - SEARCH NOT FOUND (ABORTING MOD): <div class="heading">

----------------------------------------------------------------------


---------- Date: 2014-11-06 00:14:56 ~ IP : 127.0.0.1 ----------
REQUEST URI : /opencart2/index.php?route=sale/customer/images&amp;token=4c9869abc00ab0b0b12c45fca287b3d4&amp;filter_customer_id=11
MOD DETAILS:
   modFile   : /var/www/html/opencart2/vqmod/xml/med.xml
   id        : Admin Theme - Base 5 Builder - ImpulsePro
   version   : 1.0.4
   vqmver    : 2.0
   author    : Niyi Sodipe - Base5Builder.com

File Name    : view/template/sale/customer_*(0)
VQModObject::applyMod - SEARCH NOT FOUND (ABORTING MOD): <div class="heading">

----------------------------------------------------------------------


---------- Date: 2014-11-06 00:14:56 ~ IP : 127.0.0.1 ----------
REQUEST URI : /opencart2/index.php?route=sale/customer/images&amp;token=4c9869abc00ab0b0b12c45fca287b3d4&amp;filter_customer_id=11
MOD DETAILS:
   modFile   : /var/www/html/opencart2/vqmod/xml/med.xml
   id        : Admin Theme - Base 5 Builder - ImpulsePro
   version   : 1.0.4
   vqmver    : 2.0
   author    : Niyi Sodipe - Base5Builder.com

File Name    : view/template/sale/customer_*(0)
VQModObject::applyMod - SEARCH NOT FOUND (ABORTING MOD): <div class="heading">

----------------------------------------------------------------------


---------- Date: 2014-11-06 00:14:57 ~ IP : 127.0.0.1 ----------
REQUEST URI : /opencart2/index.php?route=sale/customer/transaction&amp;token=4c9869abc00ab0b0b12c45fca287b3d4&amp;filter_customer_id=11&amp;show_group=1
MOD DETAILS:
   modFile   : /var/www/html/opencart2/vqmod/xml/med.xml
   id        : Admin Theme - Base 5 Builder - ImpulsePro
   version   : 1.0.4
   vqmver    : 2.0
   author    : Niyi Sodipe - Base5Builder.com

File Name    : view/template/sale/customer_*(0)
VQModObject::applyMod - SEARCH NOT FOUND (ABORTING MOD): <div class="heading">

----------------------------------------------------------------------


---------- Date: 2014-11-06 00:14:57 ~ IP : 127.0.0.1 ----------
REQUEST URI : /opencart2/index.php?route=sale/customer/transaction&amp;token=4c9869abc00ab0b0b12c45fca287b3d4&amp;filter_customer_id=11&amp;show_group=1
MOD DETAILS:
   modFile   : /var/www/html/opencart2/vqmod/xml/med.xml
   id        : Admin Theme - Base 5 Builder - ImpulsePro
   version   : 1.0.4
   vqmver    : 2.0
   author    : Niyi Sodipe - Base5Builder.com

File Name    : view/template/sale/customer_*(0)
VQModObject::applyMod - SEARCH NOT FOUND (ABORTING MOD): <div class="heading">

----------------------------------------------------------------------


---------- Date: 2014-11-06 00:15:04 ~ IP : 127.0.0.1 ----------
REQUEST URI : /opencart2/index.php?route=sale/customer/images&amp;token=4c9869abc00ab0b0b12c45fca287b3d4&amp;filter_customer_id=11
MOD DETAILS:
   modFile   : /var/www/html/opencart2/vqmod/xml/med.xml
   id        : Admin Theme - Base 5 Builder - ImpulsePro
   version   : 1.0.4
   vqmver    : 2.0
   author    : Niyi Sodipe - Base5Builder.com

File Name    : view/template/sale/customer_*(0)
VQModObject::applyMod - SEARCH NOT FOUND (ABORTING MOD): <div class="heading">

----------------------------------------------------------------------


---------- Date: 2014-11-06 00:15:05 ~ IP : 127.0.0.1 ----------
REQUEST URI : /opencart2/index.php?route=sale/customer/images&amp;token=4c9869abc00ab0b0b12c45fca287b3d4&amp;filter_customer_id=11
MOD DETAILS:
   modFile   : /var/www/html/opencart2/vqmod/xml/med.xml
   id        : Admin Theme - Base 5 Builder - ImpulsePro
   version   : 1.0.4
   vqmver    : 2.0
   author    : Niyi Sodipe - Base5Builder.com

File Name    : view/template/sale/customer_*(0)
VQModObject::applyMod - SEARCH NOT FOUND (ABORTING MOD): <div class="heading">

----------------------------------------------------------------------


---------- Date: 2014-11-06 00:15:52 ~ IP : 127.0.0.1 ----------
REQUEST URI : /opencart2/index.php?route=sale/customer/images&amp;token=4c9869abc00ab0b0b12c45fca287b3d4&amp;filter_customer_id=11
MOD DETAILS:
   modFile   : /var/www/html/opencart2/vqmod/xml/med.xml
   id        : Admin Theme - Base 5 Builder - ImpulsePro
   version   : 1.0.4
   vqmver    : 2.0
   author    : Niyi Sodipe - Base5Builder.com

File Name    : view/template/sale/customer_*(0)
VQModObject::applyMod - SEARCH NOT FOUND (ABORTING MOD): <div class="heading">

----------------------------------------------------------------------


---------- Date: 2014-11-06 00:15:55 ~ IP : 127.0.0.1 ----------
REQUEST URI : /opencart2/index.php?route=sale/customer/images&amp;token=4c9869abc00ab0b0b12c45fca287b3d4&amp;filter_customer_id=11
MOD DETAILS:
   modFile   : /var/www/html/opencart2/vqmod/xml/med.xml
   id        : Admin Theme - Base 5 Builder - ImpulsePro
   version   : 1.0.4
   vqmver    : 2.0
   author    : Niyi Sodipe - Base5Builder.com

File Name    : view/template/sale/customer_*(0)
VQModObject::applyMod - SEARCH NOT FOUND (ABORTING MOD): <div class="heading">

----------------------------------------------------------------------


---------- Date: 2014-11-06 00:16:46 ~ IP : 127.0.0.1 ----------
REQUEST URI : /opencart2/index.php?route=sale/customer/payments&amp;token=4c9869abc00ab0b0b12c45fca287b3d4&amp;filter_customer_id=11
MOD DETAILS:
   modFile   : /var/www/html/opencart2/vqmod/xml/med.xml
   id        : Admin Theme - Base 5 Builder - ImpulsePro
   version   : 1.0.4
   vqmver    : 2.0
   author    : Niyi Sodipe - Base5Builder.com

File Name    : view/template/sale/customer_*(0)
VQModObject::applyMod - SEARCH NOT FOUND (ABORTING MOD): <div class="heading">

----------------------------------------------------------------------


---------- Date: 2014-11-06 00:16:46 ~ IP : 127.0.0.1 ----------
REQUEST URI : /opencart2/index.php?route=sale/customer/images&amp;token=4c9869abc00ab0b0b12c45fca287b3d4&amp;filter_customer_id=11
MOD DETAILS:
   modFile   : /var/www/html/opencart2/vqmod/xml/med.xml
   id        : Admin Theme - Base 5 Builder - ImpulsePro
   version   : 1.0.4
   vqmver    : 2.0
   author    : Niyi Sodipe - Base5Builder.com

File Name    : view/template/sale/customer_*(0)
VQModObject::applyMod - SEARCH NOT FOUND (ABORTING MOD): <div class="heading">

----------------------------------------------------------------------


---------- Date: 2014-11-06 00:16:49 ~ IP : 127.0.0.1 ----------
REQUEST URI : /opencart2/index.php?route=sale/customer/transaction&amp;token=4c9869abc00ab0b0b12c45fca287b3d4&amp;filter_customer_id=11&amp;show_group=1
MOD DETAILS:
   modFile   : /var/www/html/opencart2/vqmod/xml/med.xml
   id        : Admin Theme - Base 5 Builder - ImpulsePro
   version   : 1.0.4
   vqmver    : 2.0
   author    : Niyi Sodipe - Base5Builder.com

File Name    : view/template/sale/customer_*(0)
VQModObject::applyMod - SEARCH NOT FOUND (ABORTING MOD): <div class="heading">

----------------------------------------------------------------------


---------- Date: 2014-11-06 00:16:53 ~ IP : 127.0.0.1 ----------
REQUEST URI : /opencart2/index.php?route=sale/customer/history&amp;token=4c9869abc00ab0b0b12c45fca287b3d4&amp;filter_customer_id=11
MOD DETAILS:
   modFile   : /var/www/html/opencart2/vqmod/xml/med.xml
   id        : Admin Theme - Base 5 Builder - ImpulsePro
   version   : 1.0.4
   vqmver    : 2.0
   author    : Niyi Sodipe - Base5Builder.com

File Name    : view/template/sale/customer_*(0)
VQModObject::applyMod - SEARCH NOT FOUND (ABORTING MOD): <div class="heading">

----------------------------------------------------------------------


---------- Date: 2014-11-06 00:16:54 ~ IP : 127.0.0.1 ----------
REQUEST URI : /opencart2/index.php?route=sale/customer/borrows&amp;token=4c9869abc00ab0b0b12c45fca287b3d4&amp;filter_customer_id=11
MOD DETAILS:
   modFile   : /var/www/html/opencart2/vqmod/xml/med.xml
   id        : Admin Theme - Base 5 Builder - ImpulsePro
   version   : 1.0.4
   vqmver    : 2.0
   author    : Niyi Sodipe - Base5Builder.com

File Name    : view/template/sale/customer_*(0)
VQModObject::applyMod - SEARCH NOT FOUND (ABORTING MOD): <div class="heading">

----------------------------------------------------------------------


---------- Date: 2014-11-06 00:16:54 ~ IP : 127.0.0.1 ----------
REQUEST URI : /opencart2/index.php?route=sale/customer/lendings&amp;token=4c9869abc00ab0b0b12c45fca287b3d4&amp;filter_customer_id=11
MOD DETAILS:
   modFile   : /var/www/html/opencart2/vqmod/xml/med.xml
   id        : Admin Theme - Base 5 Builder - ImpulsePro
   version   : 1.0.4
   vqmver    : 2.0
   author    : Niyi Sodipe - Base5Builder.com

File Name    : view/template/sale/customer_*(0)
VQModObject::applyMod - SEARCH NOT FOUND (ABORTING MOD): <div class="heading">

----------------------------------------------------------------------


---------- Date: 2014-11-06 00:16:55 ~ IP : 127.0.0.1 ----------
REQUEST URI : /opencart2/index.php?route=sale/customer/payments&amp;token=4c9869abc00ab0b0b12c45fca287b3d4&amp;filter_customer_id=11
MOD DETAILS:
   modFile   : /var/www/html/opencart2/vqmod/xml/med.xml
   id        : Admin Theme - Base 5 Builder - ImpulsePro
   version   : 1.0.4
   vqmver    : 2.0
   author    : Niyi Sodipe - Base5Builder.com

File Name    : view/template/sale/customer_*(0)
VQModObject::applyMod - SEARCH NOT FOUND (ABORTING MOD): <div class="heading">

----------------------------------------------------------------------


---------- Date: 2014-11-06 00:16:56 ~ IP : 127.0.0.1 ----------
REQUEST URI : /opencart2/index.php?route=sale/customer/payments&amp;token=4c9869abc00ab0b0b12c45fca287b3d4&amp;filter_customer_id=11
MOD DETAILS:
   modFile   : /var/www/html/opencart2/vqmod/xml/med.xml
   id        : Admin Theme - Base 5 Builder - ImpulsePro
   version   : 1.0.4
   vqmver    : 2.0
   author    : Niyi Sodipe - Base5Builder.com

File Name    : view/template/sale/customer_*(0)
VQModObject::applyMod - SEARCH NOT FOUND (ABORTING MOD): <div class="heading">

----------------------------------------------------------------------


---------- Date: 2014-11-06 00:17:03 ~ IP : 127.0.0.1 ----------
REQUEST URI : /opencart2/index.php?route=sale/customer/images&amp;token=4c9869abc00ab0b0b12c45fca287b3d4&amp;filter_customer_id=11
MOD DETAILS:
   modFile   : /var/www/html/opencart2/vqmod/xml/med.xml
   id        : Admin Theme - Base 5 Builder - ImpulsePro
   version   : 1.0.4
   vqmver    : 2.0
   author    : Niyi Sodipe - Base5Builder.com

File Name    : view/template/sale/customer_*(0)
VQModObject::applyMod - SEARCH NOT FOUND (ABORTING MOD): <div class="heading">

----------------------------------------------------------------------


---------- Date: 2014-11-06 00:17:40 ~ IP : 127.0.0.1 ----------
REQUEST URI : /opencart2/index.php?route=sale/customer/images&amp;token=4c9869abc00ab0b0b12c45fca287b3d4&amp;filter_customer_id=11
MOD DETAILS:
   modFile   : /var/www/html/opencart2/vqmod/xml/med.xml
   id        : Admin Theme - Base 5 Builder - ImpulsePro
   version   : 1.0.4
   vqmver    : 2.0
   author    : Niyi Sodipe - Base5Builder.com

File Name    : view/template/sale/customer_*(0)
VQModObject::applyMod - SEARCH NOT FOUND (ABORTING MOD): <div class="heading">

----------------------------------------------------------------------


---------- Date: 2014-11-06 00:18:52 ~ IP : 127.0.0.1 ----------
REQUEST URI : /opencart2/index.php?route=sale/customer/lendings&amp;token=4c9869abc00ab0b0b12c45fca287b3d4&amp;filter_customer_id=11
MOD DETAILS:
   modFile   : /var/www/html/opencart2/vqmod/xml/med.xml
   id        : Admin Theme - Base 5 Builder - ImpulsePro
   version   : 1.0.4
   vqmver    : 2.0
   author    : Niyi Sodipe - Base5Builder.com

File Name    : view/template/sale/customer_*(0)
VQModObject::applyMod - SEARCH NOT FOUND (ABORTING MOD): <div class="heading">

----------------------------------------------------------------------


---------- Date: 2014-11-06 00:18:52 ~ IP : 127.0.0.1 ----------
REQUEST URI : /opencart2/index.php?route=sale/customer/borrows&amp;token=4c9869abc00ab0b0b12c45fca287b3d4&amp;filter_customer_id=11
MOD DETAILS:
   modFile   : /var/www/html/opencart2/vqmod/xml/med.xml
   id        : Admin Theme - Base 5 Builder - ImpulsePro
   version   : 1.0.4
   vqmver    : 2.0
   author    : Niyi Sodipe - Base5Builder.com

File Name    : view/template/sale/customer_*(0)
VQModObject::applyMod - SEARCH NOT FOUND (ABORTING MOD): <div class="heading">

----------------------------------------------------------------------


---------- Date: 2014-11-06 00:18:53 ~ IP : 127.0.0.1 ----------
REQUEST URI : /opencart2/index.php?route=sale/customer/images&amp;token=4c9869abc00ab0b0b12c45fca287b3d4&amp;filter_customer_id=11
MOD DETAILS:
   modFile   : /var/www/html/opencart2/vqmod/xml/med.xml
   id        : Admin Theme - Base 5 Builder - ImpulsePro
   version   : 1.0.4
   vqmver    : 2.0
   author    : Niyi Sodipe - Base5Builder.com

File Name    : view/template/sale/customer_*(0)
VQModObject::applyMod - SEARCH NOT FOUND (ABORTING MOD): <div class="heading">

----------------------------------------------------------------------


---------- Date: 2014-11-06 00:18:59 ~ IP : 127.0.0.1 ----------
REQUEST URI : /opencart2/index.php?route=sale/customer/images&amp;token=4c9869abc00ab0b0b12c45fca287b3d4&amp;filter_customer_id=11
MOD DETAILS:
   modFile   : /var/www/html/opencart2/vqmod/xml/med.xml
   id        : Admin Theme - Base 5 Builder - ImpulsePro
   version   : 1.0.4
   vqmver    : 2.0
   author    : Niyi Sodipe - Base5Builder.com

File Name    : view/template/sale/customer_*(0)
VQModObject::applyMod - SEARCH NOT FOUND (ABORTING MOD): <div class="heading">

----------------------------------------------------------------------


---------- Date: 2014-11-06 00:19:03 ~ IP : 127.0.0.1 ----------
REQUEST URI : /opencart2/index.php?route=sale/customer/images&amp;token=4c9869abc00ab0b0b12c45fca287b3d4&amp;filter_customer_id=11
MOD DETAILS:
   modFile   : /var/www/html/opencart2/vqmod/xml/med.xml
   id        : Admin Theme - Base 5 Builder - ImpulsePro
   version   : 1.0.4
   vqmver    : 2.0
   author    : Niyi Sodipe - Base5Builder.com

File Name    : view/template/sale/customer_*(0)
VQModObject::applyMod - SEARCH NOT FOUND (ABORTING MOD): <div class="heading">

----------------------------------------------------------------------


