---------- Date: 2014-09-12 08:22:08 ~ IP : 127.0.0.1 ----------
REQUEST URI : /opencart2/index.php?route=sale/customer/transaction&amp;token=d65968e4db80f222660836244f7ef45b&amp;customer_id=3
MOD DETAILS:
   modFile   : /var/www/html/opencart2/vqmod/xml/admin_theme_base5builder_impulsepro_1.5.5-above.xml
   id        : Admin Theme - Base 5 Builder - ImpulsePro
   version   : 1.0.4
   vqmver    : 2.0
   author    : Niyi Sodipe - Base5Builder.com

File Name    : view/template/sale/customer_*(0)
VQModObject::applyMod - SEARCH NOT FOUND (ABORTING MOD): <div class="heading">

----------------------------------------------------------------------


---------- Date: 2014-09-12 08:22:08 ~ IP : 127.0.0.1 ----------
REQUEST URI : /opencart2/index.php?route=sale/customer/history&amp;token=d65968e4db80f222660836244f7ef45b&amp;customer_id=3
MOD DETAILS:
   modFile   : /var/www/html/opencart2/vqmod/xml/admin_theme_base5builder_impulsepro_1.5.5-above.xml
   id        : Admin Theme - Base 5 Builder - ImpulsePro
   version   : 1.0.4
   vqmver    : 2.0
   author    : Niyi Sodipe - Base5Builder.com

File Name    : view/template/sale/customer_*(0)
VQModObject::applyMod - SEARCH NOT FOUND (ABORTING MOD): <div class="heading">

----------------------------------------------------------------------


---------- Date: 2014-09-12 08:22:14 ~ IP : 127.0.0.1 ----------
REQUEST URI : /opencart2/index.php?route=sale/customer/history&amp;token=d65968e4db80f222660836244f7ef45b&amp;customer_id=3
MOD DETAILS:
   modFile   : /var/www/html/opencart2/vqmod/xml/admin_theme_base5builder_impulsepro_1.5.5-above.xml
   id        : Admin Theme - Base 5 Builder - ImpulsePro
   version   : 1.0.4
   vqmver    : 2.0
   author    : Niyi Sodipe - Base5Builder.com

File Name    : view/template/sale/customer_*(0)
VQModObject::applyMod - SEARCH NOT FOUND (ABORTING MOD): <div class="heading">

----------------------------------------------------------------------


---------- Date: 2014-09-12 09:08:25 ~ IP : 127.0.0.1 ----------
REQUEST URI : /opencart2/index.php?route=sale/customer/history&amp;token=d563453f621d586b938214068b9f3666&amp;customer_id=1
MOD DETAILS:
   modFile   : /var/www/html/opencart2/vqmod/xml/admin_theme_base5builder_impulsepro_1.5.5-above.xml
   id        : Admin Theme - Base 5 Builder - ImpulsePro
   version   : 1.0.4
   vqmver    : 2.0
   author    : Niyi Sodipe - Base5Builder.com

File Name    : view/template/sale/customer_*(0)
VQModObject::applyMod - SEARCH NOT FOUND (ABORTING MOD): <div class="heading">

----------------------------------------------------------------------


---------- Date: 2014-09-12 09:08:25 ~ IP : 127.0.0.1 ----------
REQUEST URI : /opencart2/index.php?route=sale/customer/transaction&amp;token=d563453f621d586b938214068b9f3666&amp;customer_id=1
MOD DETAILS:
   modFile   : /var/www/html/opencart2/vqmod/xml/admin_theme_base5builder_impulsepro_1.5.5-above.xml
   id        : Admin Theme - Base 5 Builder - ImpulsePro
   version   : 1.0.4
   vqmver    : 2.0
   author    : Niyi Sodipe - Base5Builder.com

File Name    : view/template/sale/customer_*(0)
VQModObject::applyMod - SEARCH NOT FOUND (ABORTING MOD): <div class="heading">

----------------------------------------------------------------------


---------- Date: 2014-09-12 09:08:43 ~ IP : 127.0.0.1 ----------
REQUEST URI : /opencart2/index.php?route=sale/customer/history&amp;token=d563453f621d586b938214068b9f3666&amp;customer_id=1
MOD DETAILS:
   modFile   : /var/www/html/opencart2/vqmod/xml/admin_theme_base5builder_impulsepro_1.5.5-above.xml
   id        : Admin Theme - Base 5 Builder - ImpulsePro
   version   : 1.0.4
   vqmver    : 2.0
   author    : Niyi Sodipe - Base5Builder.com

File Name    : view/template/sale/customer_*(0)
VQModObject::applyMod - SEARCH NOT FOUND (ABORTING MOD): <div class="heading">

----------------------------------------------------------------------


---------- Date: 2014-09-12 09:09:14 ~ IP : 127.0.0.1 ----------
REQUEST URI : /opencart2/index.php?route=sale/customer/history&amp;token=d563453f621d586b938214068b9f3666&amp;customer_id=1
MOD DETAILS:
   modFile   : /var/www/html/opencart2/vqmod/xml/admin_theme_base5builder_impulsepro_1.5.5-above.xml
   id        : Admin Theme - Base 5 Builder - ImpulsePro
   version   : 1.0.4
   vqmver    : 2.0
   author    : Niyi Sodipe - Base5Builder.com

File Name    : view/template/sale/customer_*(0)
VQModObject::applyMod - SEARCH NOT FOUND (ABORTING MOD): <div class="heading">

----------------------------------------------------------------------


---------- Date: 2014-09-12 09:09:14 ~ IP : 127.0.0.1 ----------
REQUEST URI : /opencart2/index.php?route=sale/customer/transaction&amp;token=d563453f621d586b938214068b9f3666&amp;customer_id=1
MOD DETAILS:
   modFile   : /var/www/html/opencart2/vqmod/xml/admin_theme_base5builder_impulsepro_1.5.5-above.xml
   id        : Admin Theme - Base 5 Builder - ImpulsePro
   version   : 1.0.4
   vqmver    : 2.0
   author    : Niyi Sodipe - Base5Builder.com

File Name    : view/template/sale/customer_*(0)
VQModObject::applyMod - SEARCH NOT FOUND (ABORTING MOD): <div class="heading">

----------------------------------------------------------------------


---------- Date: 2014-09-12 09:09:37 ~ IP : 127.0.0.1 ----------
REQUEST URI : /opencart2/index.php?route=sale/customer/transaction&amp;token=d563453f621d586b938214068b9f3666&amp;customer_id=1
MOD DETAILS:
   modFile   : /var/www/html/opencart2/vqmod/xml/admin_theme_base5builder_impulsepro_1.5.5-above.xml
   id        : Admin Theme - Base 5 Builder - ImpulsePro
   version   : 1.0.4
   vqmver    : 2.0
   author    : Niyi Sodipe - Base5Builder.com

File Name    : view/template/sale/customer_*(0)
VQModObject::applyMod - SEARCH NOT FOUND (ABORTING MOD): <div class="heading">

----------------------------------------------------------------------


---------- Date: 2014-09-12 09:09:37 ~ IP : 127.0.0.1 ----------
REQUEST URI : /opencart2/index.php?route=sale/customer/history&amp;token=d563453f621d586b938214068b9f3666&amp;customer_id=1
MOD DETAILS:
   modFile   : /var/www/html/opencart2/vqmod/xml/admin_theme_base5builder_impulsepro_1.5.5-above.xml
   id        : Admin Theme - Base 5 Builder - ImpulsePro
   version   : 1.0.4
   vqmver    : 2.0
   author    : Niyi Sodipe - Base5Builder.com

File Name    : view/template/sale/customer_*(0)
VQModObject::applyMod - SEARCH NOT FOUND (ABORTING MOD): <div class="heading">

----------------------------------------------------------------------


---------- Date: 2014-09-12 09:09:53 ~ IP : 127.0.0.1 ----------
REQUEST URI : /opencart2/index.php?route=sale/customer/transaction&amp;token=d563453f621d586b938214068b9f3666&amp;customer_id=1
MOD DETAILS:
   modFile   : /var/www/html/opencart2/vqmod/xml/admin_theme_base5builder_impulsepro_1.5.5-above.xml
   id        : Admin Theme - Base 5 Builder - ImpulsePro
   version   : 1.0.4
   vqmver    : 2.0
   author    : Niyi Sodipe - Base5Builder.com

File Name    : view/template/sale/customer_*(0)
VQModObject::applyMod - SEARCH NOT FOUND (ABORTING MOD): <div class="heading">

----------------------------------------------------------------------


---------- Date: 2014-09-12 09:09:55 ~ IP : 127.0.0.1 ----------
REQUEST URI : /opencart2/index.php?route=sale/customer/transaction&amp;token=d563453f621d586b938214068b9f3666&amp;customer_id=1
MOD DETAILS:
   modFile   : /var/www/html/opencart2/vqmod/xml/admin_theme_base5builder_impulsepro_1.5.5-above.xml
   id        : Admin Theme - Base 5 Builder - ImpulsePro
   version   : 1.0.4
   vqmver    : 2.0
   author    : Niyi Sodipe - Base5Builder.com

File Name    : view/template/sale/customer_*(0)
VQModObject::applyMod - SEARCH NOT FOUND (ABORTING MOD): <div class="heading">

----------------------------------------------------------------------


---------- Date: 2014-09-12 09:10:08 ~ IP : 127.0.0.1 ----------
REQUEST URI : /opencart2/index.php?route=sale/customer/history&amp;token=d563453f621d586b938214068b9f3666&amp;customer_id=1
MOD DETAILS:
   modFile   : /var/www/html/opencart2/vqmod/xml/admin_theme_base5builder_impulsepro_1.5.5-above.xml
   id        : Admin Theme - Base 5 Builder - ImpulsePro
   version   : 1.0.4
   vqmver    : 2.0
   author    : Niyi Sodipe - Base5Builder.com

File Name    : view/template/sale/customer_*(0)
VQModObject::applyMod - SEARCH NOT FOUND (ABORTING MOD): <div class="heading">

----------------------------------------------------------------------


---------- Date: 2014-09-12 09:10:08 ~ IP : 127.0.0.1 ----------
REQUEST URI : /opencart2/index.php?route=sale/customer/transaction&amp;token=d563453f621d586b938214068b9f3666&amp;customer_id=1
MOD DETAILS:
   modFile   : /var/www/html/opencart2/vqmod/xml/admin_theme_base5builder_impulsepro_1.5.5-above.xml
   id        : Admin Theme - Base 5 Builder - ImpulsePro
   version   : 1.0.4
   vqmver    : 2.0
   author    : Niyi Sodipe - Base5Builder.com

File Name    : view/template/sale/customer_*(0)
VQModObject::applyMod - SEARCH NOT FOUND (ABORTING MOD): <div class="heading">

----------------------------------------------------------------------


---------- Date: 2014-09-12 09:10:22 ~ IP : 127.0.0.1 ----------
REQUEST URI : /opencart2/index.php?route=sale/customer/history&amp;token=d563453f621d586b938214068b9f3666&amp;customer_id=1
MOD DETAILS:
   modFile   : /var/www/html/opencart2/vqmod/xml/admin_theme_base5builder_impulsepro_1.5.5-above.xml
   id        : Admin Theme - Base 5 Builder - ImpulsePro
   version   : 1.0.4
   vqmver    : 2.0
   author    : Niyi Sodipe - Base5Builder.com

File Name    : view/template/sale/customer_*(0)
VQModObject::applyMod - SEARCH NOT FOUND (ABORTING MOD): <div class="heading">

----------------------------------------------------------------------


---------- Date: 2014-09-12 09:10:22 ~ IP : 127.0.0.1 ----------
REQUEST URI : /opencart2/index.php?route=sale/customer/transaction&amp;token=d563453f621d586b938214068b9f3666&amp;customer_id=1
MOD DETAILS:
   modFile   : /var/www/html/opencart2/vqmod/xml/admin_theme_base5builder_impulsepro_1.5.5-above.xml
   id        : Admin Theme - Base 5 Builder - ImpulsePro
   version   : 1.0.4
   vqmver    : 2.0
   author    : Niyi Sodipe - Base5Builder.com

File Name    : view/template/sale/customer_*(0)
VQModObject::applyMod - SEARCH NOT FOUND (ABORTING MOD): <div class="heading">

----------------------------------------------------------------------


---------- Date: 2014-09-12 09:12:28 ~ IP : 127.0.0.1 ----------
REQUEST URI : /opencart2/index.php?route=sale/customer/history&amp;token=d563453f621d586b938214068b9f3666&amp;customer_id=1
MOD DETAILS:
   modFile   : /var/www/html/opencart2/vqmod/xml/admin_theme_base5builder_impulsepro_1.5.5-above.xml
   id        : Admin Theme - Base 5 Builder - ImpulsePro
   version   : 1.0.4
   vqmver    : 2.0
   author    : Niyi Sodipe - Base5Builder.com

File Name    : view/template/sale/customer_*(0)
VQModObject::applyMod - SEARCH NOT FOUND (ABORTING MOD): <div class="heading">

----------------------------------------------------------------------


---------- Date: 2014-09-12 09:12:28 ~ IP : 127.0.0.1 ----------
REQUEST URI : /opencart2/index.php?route=sale/customer/transaction&amp;token=d563453f621d586b938214068b9f3666&amp;customer_id=1
MOD DETAILS:
   modFile   : /var/www/html/opencart2/vqmod/xml/admin_theme_base5builder_impulsepro_1.5.5-above.xml
   id        : Admin Theme - Base 5 Builder - ImpulsePro
   version   : 1.0.4
   vqmver    : 2.0
   author    : Niyi Sodipe - Base5Builder.com

File Name    : view/template/sale/customer_*(0)
VQModObject::applyMod - SEARCH NOT FOUND (ABORTING MOD): <div class="heading">

----------------------------------------------------------------------


---------- Date: 2014-09-12 09:12:43 ~ IP : 127.0.0.1 ----------
REQUEST URI : /opencart2/index.php?route=sale/customer/history&amp;token=d563453f621d586b938214068b9f3666&amp;customer_id=1
MOD DETAILS:
   modFile   : /var/www/html/opencart2/vqmod/xml/admin_theme_base5builder_impulsepro_1.5.5-above.xml
   id        : Admin Theme - Base 5 Builder - ImpulsePro
   version   : 1.0.4
   vqmver    : 2.0
   author    : Niyi Sodipe - Base5Builder.com

File Name    : view/template/sale/customer_*(0)
VQModObject::applyMod - SEARCH NOT FOUND (ABORTING MOD): <div class="heading">

----------------------------------------------------------------------


---------- Date: 2014-09-12 09:12:43 ~ IP : 127.0.0.1 ----------
REQUEST URI : /opencart2/index.php?route=sale/customer/transaction&amp;token=d563453f621d586b938214068b9f3666&amp;customer_id=1
MOD DETAILS:
   modFile   : /var/www/html/opencart2/vqmod/xml/admin_theme_base5builder_impulsepro_1.5.5-above.xml
   id        : Admin Theme - Base 5 Builder - ImpulsePro
   version   : 1.0.4
   vqmver    : 2.0
   author    : Niyi Sodipe - Base5Builder.com

File Name    : view/template/sale/customer_*(0)
VQModObject::applyMod - SEARCH NOT FOUND (ABORTING MOD): <div class="heading">

----------------------------------------------------------------------


---------- Date: 2014-09-12 09:13:52 ~ IP : 127.0.0.1 ----------
REQUEST URI : /opencart2/index.php?route=sale/customer/history&amp;token=d563453f621d586b938214068b9f3666&amp;customer_id=1
MOD DETAILS:
   modFile   : /var/www/html/opencart2/vqmod/xml/admin_theme_base5builder_impulsepro_1.5.5-above.xml
   id        : Admin Theme - Base 5 Builder - ImpulsePro
   version   : 1.0.4
   vqmver    : 2.0
   author    : Niyi Sodipe - Base5Builder.com

File Name    : view/template/sale/customer_*(0)
VQModObject::applyMod - SEARCH NOT FOUND (ABORTING MOD): <div class="heading">

----------------------------------------------------------------------


---------- Date: 2014-09-12 09:13:52 ~ IP : 127.0.0.1 ----------
REQUEST URI : /opencart2/index.php?route=sale/customer/transaction&amp;token=d563453f621d586b938214068b9f3666&amp;customer_id=1
MOD DETAILS:
   modFile   : /var/www/html/opencart2/vqmod/xml/admin_theme_base5builder_impulsepro_1.5.5-above.xml
   id        : Admin Theme - Base 5 Builder - ImpulsePro
   version   : 1.0.4
   vqmver    : 2.0
   author    : Niyi Sodipe - Base5Builder.com

File Name    : view/template/sale/customer_*(0)
VQModObject::applyMod - SEARCH NOT FOUND (ABORTING MOD): <div class="heading">

----------------------------------------------------------------------


---------- Date: 2014-09-12 09:18:19 ~ IP : 127.0.0.1 ----------
REQUEST URI : /opencart2/index.php?route=sale/customer/history&amp;token=c05934d5dd78bd6c67d882a88191a98d&amp;customer_id=1
MOD DETAILS:
   modFile   : /var/www/html/opencart2/vqmod/xml/admin_theme_base5builder_impulsepro_1.5.5-above.xml
   id        : Admin Theme - Base 5 Builder - ImpulsePro
   version   : 1.0.4
   vqmver    : 2.0
   author    : Niyi Sodipe - Base5Builder.com

File Name    : view/template/sale/customer_*(0)
VQModObject::applyMod - SEARCH NOT FOUND (ABORTING MOD): <div class="heading">

----------------------------------------------------------------------


---------- Date: 2014-09-12 09:18:19 ~ IP : 127.0.0.1 ----------
REQUEST URI : /opencart2/index.php?route=sale/customer/transaction&amp;token=c05934d5dd78bd6c67d882a88191a98d&amp;customer_id=1
MOD DETAILS:
   modFile   : /var/www/html/opencart2/vqmod/xml/admin_theme_base5builder_impulsepro_1.5.5-above.xml
   id        : Admin Theme - Base 5 Builder - ImpulsePro
   version   : 1.0.4
   vqmver    : 2.0
   author    : Niyi Sodipe - Base5Builder.com

File Name    : view/template/sale/customer_*(0)
VQModObject::applyMod - SEARCH NOT FOUND (ABORTING MOD): <div class="heading">

----------------------------------------------------------------------


---------- Date: 2014-09-12 09:50:26 ~ IP : 127.0.0.1 ----------
REQUEST URI : /opencart2/index.php?route=sale/customer/transaction&amp;token=c05934d5dd78bd6c67d882a88191a98d&amp;customer_id=3
MOD DETAILS:
   modFile   : /var/www/html/opencart2/vqmod/xml/admin_theme_base5builder_impulsepro_1.5.5-above.xml
   id        : Admin Theme - Base 5 Builder - ImpulsePro
   version   : 1.0.4
   vqmver    : 2.0
   author    : Niyi Sodipe - Base5Builder.com

File Name    : view/template/sale/customer_*(0)
VQModObject::applyMod - SEARCH NOT FOUND (ABORTING MOD): <div class="heading">

----------------------------------------------------------------------


---------- Date: 2014-09-12 09:50:26 ~ IP : 127.0.0.1 ----------
REQUEST URI : /opencart2/index.php?route=sale/customer/history&amp;token=c05934d5dd78bd6c67d882a88191a98d&amp;customer_id=3
MOD DETAILS:
   modFile   : /var/www/html/opencart2/vqmod/xml/admin_theme_base5builder_impulsepro_1.5.5-above.xml
   id        : Admin Theme - Base 5 Builder - ImpulsePro
   version   : 1.0.4
   vqmver    : 2.0
   author    : Niyi Sodipe - Base5Builder.com

File Name    : view/template/sale/customer_*(0)
VQModObject::applyMod - SEARCH NOT FOUND (ABORTING MOD): <div class="heading">

----------------------------------------------------------------------


---------- Date: 2014-09-12 09:51:21 ~ IP : 127.0.0.1 ----------
REQUEST URI : /opencart2/index.php?route=sale/customer/history&amp;token=c05934d5dd78bd6c67d882a88191a98d&amp;customer_id=3
MOD DETAILS:
   modFile   : /var/www/html/opencart2/vqmod/xml/admin_theme_base5builder_impulsepro_1.5.5-above.xml
   id        : Admin Theme - Base 5 Builder - ImpulsePro
   version   : 1.0.4
   vqmver    : 2.0
   author    : Niyi Sodipe - Base5Builder.com

File Name    : view/template/sale/customer_*(0)
VQModObject::applyMod - SEARCH NOT FOUND (ABORTING MOD): <div class="heading">

----------------------------------------------------------------------


---------- Date: 2014-09-12 09:51:21 ~ IP : 127.0.0.1 ----------
REQUEST URI : /opencart2/index.php?route=sale/customer/transaction&amp;token=c05934d5dd78bd6c67d882a88191a98d&amp;customer_id=3
MOD DETAILS:
   modFile   : /var/www/html/opencart2/vqmod/xml/admin_theme_base5builder_impulsepro_1.5.5-above.xml
   id        : Admin Theme - Base 5 Builder - ImpulsePro
   version   : 1.0.4
   vqmver    : 2.0
   author    : Niyi Sodipe - Base5Builder.com

File Name    : view/template/sale/customer_*(0)
VQModObject::applyMod - SEARCH NOT FOUND (ABORTING MOD): <div class="heading">

----------------------------------------------------------------------


---------- Date: 2014-09-12 09:51:56 ~ IP : 127.0.0.1 ----------
REQUEST URI : /opencart2/index.php?route=sale/customer/history&amp;token=c05934d5dd78bd6c67d882a88191a98d&amp;customer_id=3
MOD DETAILS:
   modFile   : /var/www/html/opencart2/vqmod/xml/admin_theme_base5builder_impulsepro_1.5.5-above.xml
   id        : Admin Theme - Base 5 Builder - ImpulsePro
   version   : 1.0.4
   vqmver    : 2.0
   author    : Niyi Sodipe - Base5Builder.com

File Name    : view/template/sale/customer_*(0)
VQModObject::applyMod - SEARCH NOT FOUND (ABORTING MOD): <div class="heading">

----------------------------------------------------------------------


---------- Date: 2014-09-12 09:51:56 ~ IP : 127.0.0.1 ----------
REQUEST URI : /opencart2/index.php?route=sale/customer/transaction&amp;token=c05934d5dd78bd6c67d882a88191a98d&amp;customer_id=3
MOD DETAILS:
   modFile   : /var/www/html/opencart2/vqmod/xml/admin_theme_base5builder_impulsepro_1.5.5-above.xml
   id        : Admin Theme - Base 5 Builder - ImpulsePro
   version   : 1.0.4
   vqmver    : 2.0
   author    : Niyi Sodipe - Base5Builder.com

File Name    : view/template/sale/customer_*(0)
VQModObject::applyMod - SEARCH NOT FOUND (ABORTING MOD): <div class="heading">

----------------------------------------------------------------------


---------- Date: 2014-09-12 09:53:19 ~ IP : 127.0.0.1 ----------
REQUEST URI : /opencart2/index.php?route=sale/customer/transaction&amp;token=c05934d5dd78bd6c67d882a88191a98d&amp;customer_id=3
MOD DETAILS:
   modFile   : /var/www/html/opencart2/vqmod/xml/admin_theme_base5builder_impulsepro_1.5.5-above.xml
   id        : Admin Theme - Base 5 Builder - ImpulsePro
   version   : 1.0.4
   vqmver    : 2.0
   author    : Niyi Sodipe - Base5Builder.com

File Name    : view/template/sale/customer_*(0)
VQModObject::applyMod - SEARCH NOT FOUND (ABORTING MOD): <div class="heading">

----------------------------------------------------------------------


---------- Date: 2014-09-12 09:53:19 ~ IP : 127.0.0.1 ----------
REQUEST URI : /opencart2/index.php?route=sale/customer/history&amp;token=c05934d5dd78bd6c67d882a88191a98d&amp;customer_id=3
MOD DETAILS:
   modFile   : /var/www/html/opencart2/vqmod/xml/admin_theme_base5builder_impulsepro_1.5.5-above.xml
   id        : Admin Theme - Base 5 Builder - ImpulsePro
   version   : 1.0.4
   vqmver    : 2.0
   author    : Niyi Sodipe - Base5Builder.com

File Name    : view/template/sale/customer_*(0)
VQModObject::applyMod - SEARCH NOT FOUND (ABORTING MOD): <div class="heading">

----------------------------------------------------------------------


---------- Date: 2014-09-12 10:22:41 ~ IP : 127.0.0.1 ----------
REQUEST URI : /opencart2/index.php?route=sale/customer/transaction&amp;token=ffbd8ef363dd3b8cb897f9c901472aa8&amp;customer_id=1
MOD DETAILS:
   modFile   : /var/www/html/opencart2/vqmod/xml/admin_theme_base5builder_impulsepro_1.5.5-above.xml
   id        : Admin Theme - Base 5 Builder - ImpulsePro
   version   : 1.0.4
   vqmver    : 2.0
   author    : Niyi Sodipe - Base5Builder.com

File Name    : view/template/sale/customer_*(0)
VQModObject::applyMod - SEARCH NOT FOUND (ABORTING MOD): <div class="heading">

----------------------------------------------------------------------


---------- Date: 2014-09-12 10:22:42 ~ IP : 127.0.0.1 ----------
REQUEST URI : /opencart2/index.php?route=sale/customer/history&amp;token=ffbd8ef363dd3b8cb897f9c901472aa8&amp;customer_id=1
MOD DETAILS:
   modFile   : /var/www/html/opencart2/vqmod/xml/admin_theme_base5builder_impulsepro_1.5.5-above.xml
   id        : Admin Theme - Base 5 Builder - ImpulsePro
   version   : 1.0.4
   vqmver    : 2.0
   author    : Niyi Sodipe - Base5Builder.com

File Name    : view/template/sale/customer_*(0)
VQModObject::applyMod - SEARCH NOT FOUND (ABORTING MOD): <div class="heading">

----------------------------------------------------------------------


---------- Date: 2014-09-12 10:56:50 ~ IP : 127.0.0.1 ----------
REQUEST URI : /opencart2/index.php?route=sale/customer/history&amp;token=ffbd8ef363dd3b8cb897f9c901472aa8&amp;customer_id=1
MOD DETAILS:
   modFile   : /var/www/html/opencart2/vqmod/xml/admin_theme_base5builder_impulsepro_1.5.5-above.xml
   id        : Admin Theme - Base 5 Builder - ImpulsePro
   version   : 1.0.4
   vqmver    : 2.0
   author    : Niyi Sodipe - Base5Builder.com

File Name    : view/template/sale/customer_*(0)
VQModObject::applyMod - SEARCH NOT FOUND (ABORTING MOD): <div class="heading">

----------------------------------------------------------------------


---------- Date: 2014-09-12 10:56:50 ~ IP : 127.0.0.1 ----------
REQUEST URI : /opencart2/index.php?route=sale/customer/transaction&amp;token=ffbd8ef363dd3b8cb897f9c901472aa8&amp;customer_id=1
MOD DETAILS:
   modFile   : /var/www/html/opencart2/vqmod/xml/admin_theme_base5builder_impulsepro_1.5.5-above.xml
   id        : Admin Theme - Base 5 Builder - ImpulsePro
   version   : 1.0.4
   vqmver    : 2.0
   author    : Niyi Sodipe - Base5Builder.com

File Name    : view/template/sale/customer_*(0)
VQModObject::applyMod - SEARCH NOT FOUND (ABORTING MOD): <div class="heading">

----------------------------------------------------------------------


---------- Date: 2014-09-12 10:58:13 ~ IP : 127.0.0.1 ----------
REQUEST URI : /opencart2/index.php?route=sale/customer/history&amp;token=ffbd8ef363dd3b8cb897f9c901472aa8&amp;customer_id=1
MOD DETAILS:
   modFile   : /var/www/html/opencart2/vqmod/xml/admin_theme_base5builder_impulsepro_1.5.5-above.xml
   id        : Admin Theme - Base 5 Builder - ImpulsePro
   version   : 1.0.4
   vqmver    : 2.0
   author    : Niyi Sodipe - Base5Builder.com

File Name    : view/template/sale/customer_*(0)
VQModObject::applyMod - SEARCH NOT FOUND (ABORTING MOD): <div class="heading">

----------------------------------------------------------------------


---------- Date: 2014-09-12 10:58:13 ~ IP : 127.0.0.1 ----------
REQUEST URI : /opencart2/index.php?route=sale/customer/transaction&amp;token=ffbd8ef363dd3b8cb897f9c901472aa8&amp;customer_id=1
MOD DETAILS:
   modFile   : /var/www/html/opencart2/vqmod/xml/admin_theme_base5builder_impulsepro_1.5.5-above.xml
   id        : Admin Theme - Base 5 Builder - ImpulsePro
   version   : 1.0.4
   vqmver    : 2.0
   author    : Niyi Sodipe - Base5Builder.com

File Name    : view/template/sale/customer_*(0)
VQModObject::applyMod - SEARCH NOT FOUND (ABORTING MOD): <div class="heading">

----------------------------------------------------------------------


---------- Date: 2014-09-12 18:29:14 ~ IP : 127.0.0.1 ----------
REQUEST URI : /opencart2/index.php?route=sale/customer/history&amp;token=2c7c58df8af99b37c89a4f9f626ce67a&amp;customer_id=2
MOD DETAILS:
   modFile   : /var/www/html/opencart2/vqmod/xml/admin_theme_base5builder_impulsepro_1.5.5-above.xml
   id        : Admin Theme - Base 5 Builder - ImpulsePro
   version   : 1.0.4
   vqmver    : 2.0
   author    : Niyi Sodipe - Base5Builder.com

File Name    : view/template/sale/customer_*(0)
VQModObject::applyMod - SEARCH NOT FOUND (ABORTING MOD): <div class="heading">

----------------------------------------------------------------------


---------- Date: 2014-09-12 18:29:14 ~ IP : 127.0.0.1 ----------
REQUEST URI : /opencart2/index.php?route=sale/customer/transaction&amp;token=2c7c58df8af99b37c89a4f9f626ce67a&amp;customer_id=2
MOD DETAILS:
   modFile   : /var/www/html/opencart2/vqmod/xml/admin_theme_base5builder_impulsepro_1.5.5-above.xml
   id        : Admin Theme - Base 5 Builder - ImpulsePro
   version   : 1.0.4
   vqmver    : 2.0
   author    : Niyi Sodipe - Base5Builder.com

File Name    : view/template/sale/customer_*(0)
VQModObject::applyMod - SEARCH NOT FOUND (ABORTING MOD): <div class="heading">

----------------------------------------------------------------------


---------- Date: 2014-09-12 18:29:21 ~ IP : 127.0.0.1 ----------
REQUEST URI : /opencart2/index.php?route=sale/customer/history&amp;token=2c7c58df8af99b37c89a4f9f626ce67a&amp;customer_id=2
MOD DETAILS:
   modFile   : /var/www/html/opencart2/vqmod/xml/admin_theme_base5builder_impulsepro_1.5.5-above.xml
   id        : Admin Theme - Base 5 Builder - ImpulsePro
   version   : 1.0.4
   vqmver    : 2.0
   author    : Niyi Sodipe - Base5Builder.com

File Name    : view/template/sale/customer_*(0)
VQModObject::applyMod - SEARCH NOT FOUND (ABORTING MOD): <div class="heading">

----------------------------------------------------------------------


---------- Date: 2014-09-12 18:29:27 ~ IP : 127.0.0.1 ----------
REQUEST URI : /opencart2/index.php?route=sale/customer/history&amp;token=2c7c58df8af99b37c89a4f9f626ce67a&amp;customer_id=2
MOD DETAILS:
   modFile   : /var/www/html/opencart2/vqmod/xml/admin_theme_base5builder_impulsepro_1.5.5-above.xml
   id        : Admin Theme - Base 5 Builder - ImpulsePro
   version   : 1.0.4
   vqmver    : 2.0
   author    : Niyi Sodipe - Base5Builder.com

File Name    : view/template/sale/customer_*(0)
VQModObject::applyMod - SEARCH NOT FOUND (ABORTING MOD): <div class="heading">

----------------------------------------------------------------------


---------- Date: 2014-09-12 18:30:11 ~ IP : 127.0.0.1 ----------
REQUEST URI : /opencart2/index.php?route=sale/customer/history&amp;token=2c7c58df8af99b37c89a4f9f626ce67a&amp;customer_id=2
MOD DETAILS:
   modFile   : /var/www/html/opencart2/vqmod/xml/admin_theme_base5builder_impulsepro_1.5.5-above.xml
   id        : Admin Theme - Base 5 Builder - ImpulsePro
   version   : 1.0.4
   vqmver    : 2.0
   author    : Niyi Sodipe - Base5Builder.com

File Name    : view/template/sale/customer_*(0)
VQModObject::applyMod - SEARCH NOT FOUND (ABORTING MOD): <div class="heading">

----------------------------------------------------------------------


---------- Date: 2014-09-12 18:30:11 ~ IP : 127.0.0.1 ----------
REQUEST URI : /opencart2/index.php?route=sale/customer/transaction&amp;token=2c7c58df8af99b37c89a4f9f626ce67a&amp;customer_id=2
MOD DETAILS:
   modFile   : /var/www/html/opencart2/vqmod/xml/admin_theme_base5builder_impulsepro_1.5.5-above.xml
   id        : Admin Theme - Base 5 Builder - ImpulsePro
   version   : 1.0.4
   vqmver    : 2.0
   author    : Niyi Sodipe - Base5Builder.com

File Name    : view/template/sale/customer_*(0)
VQModObject::applyMod - SEARCH NOT FOUND (ABORTING MOD): <div class="heading">

----------------------------------------------------------------------


---------- Date: 2014-09-12 18:30:43 ~ IP : 127.0.0.1 ----------
REQUEST URI : /opencart2/index.php?route=sale/customer/transaction&amp;token=2c7c58df8af99b37c89a4f9f626ce67a&amp;customer_id=2
MOD DETAILS:
   modFile   : /var/www/html/opencart2/vqmod/xml/admin_theme_base5builder_impulsepro_1.5.5-above.xml
   id        : Admin Theme - Base 5 Builder - ImpulsePro
   version   : 1.0.4
   vqmver    : 2.0
   author    : Niyi Sodipe - Base5Builder.com

File Name    : view/template/sale/customer_*(0)
VQModObject::applyMod - SEARCH NOT FOUND (ABORTING MOD): <div class="heading">

----------------------------------------------------------------------


---------- Date: 2014-09-12 18:31:35 ~ IP : 127.0.0.1 ----------
REQUEST URI : /opencart2/index.php?route=sale/customer/transaction&amp;token=2c7c58df8af99b37c89a4f9f626ce67a&amp;customer_id=2
MOD DETAILS:
   modFile   : /var/www/html/opencart2/vqmod/xml/admin_theme_base5builder_impulsepro_1.5.5-above.xml
   id        : Admin Theme - Base 5 Builder - ImpulsePro
   version   : 1.0.4
   vqmver    : 2.0
   author    : Niyi Sodipe - Base5Builder.com

File Name    : view/template/sale/customer_*(0)
VQModObject::applyMod - SEARCH NOT FOUND (ABORTING MOD): <div class="heading">

----------------------------------------------------------------------


---------- Date: 2014-09-12 18:31:35 ~ IP : 127.0.0.1 ----------
REQUEST URI : /opencart2/index.php?route=sale/customer/history&amp;token=2c7c58df8af99b37c89a4f9f626ce67a&amp;customer_id=2
MOD DETAILS:
   modFile   : /var/www/html/opencart2/vqmod/xml/admin_theme_base5builder_impulsepro_1.5.5-above.xml
   id        : Admin Theme - Base 5 Builder - ImpulsePro
   version   : 1.0.4
   vqmver    : 2.0
   author    : Niyi Sodipe - Base5Builder.com

File Name    : view/template/sale/customer_*(0)
VQModObject::applyMod - SEARCH NOT FOUND (ABORTING MOD): <div class="heading">

----------------------------------------------------------------------


---------- Date: 2014-09-12 18:34:32 ~ IP : 127.0.0.1 ----------
REQUEST URI : /opencart2/index.php?route=sale/customer/history&amp;token=2c7c58df8af99b37c89a4f9f626ce67a&amp;customer_id=2
MOD DETAILS:
   modFile   : /var/www/html/opencart2/vqmod/xml/admin_theme_base5builder_impulsepro_1.5.5-above.xml
   id        : Admin Theme - Base 5 Builder - ImpulsePro
   version   : 1.0.4
   vqmver    : 2.0
   author    : Niyi Sodipe - Base5Builder.com

File Name    : view/template/sale/customer_*(0)
VQModObject::applyMod - SEARCH NOT FOUND (ABORTING MOD): <div class="heading">

----------------------------------------------------------------------


---------- Date: 2014-09-12 18:34:32 ~ IP : 127.0.0.1 ----------
REQUEST URI : /opencart2/index.php?route=sale/customer/transaction&amp;token=2c7c58df8af99b37c89a4f9f626ce67a&amp;customer_id=2
MOD DETAILS:
   modFile   : /var/www/html/opencart2/vqmod/xml/admin_theme_base5builder_impulsepro_1.5.5-above.xml
   id        : Admin Theme - Base 5 Builder - ImpulsePro
   version   : 1.0.4
   vqmver    : 2.0
   author    : Niyi Sodipe - Base5Builder.com

File Name    : view/template/sale/customer_*(0)
VQModObject::applyMod - SEARCH NOT FOUND (ABORTING MOD): <div class="heading">

----------------------------------------------------------------------


---------- Date: 2014-09-12 18:34:39 ~ IP : 127.0.0.1 ----------
REQUEST URI : /opencart2/index.php?route=sale/customer/history&amp;token=2c7c58df8af99b37c89a4f9f626ce67a&amp;customer_id=2
MOD DETAILS:
   modFile   : /var/www/html/opencart2/vqmod/xml/admin_theme_base5builder_impulsepro_1.5.5-above.xml
   id        : Admin Theme - Base 5 Builder - ImpulsePro
   version   : 1.0.4
   vqmver    : 2.0
   author    : Niyi Sodipe - Base5Builder.com

File Name    : view/template/sale/customer_*(0)
VQModObject::applyMod - SEARCH NOT FOUND (ABORTING MOD): <div class="heading">

----------------------------------------------------------------------


---------- Date: 2014-09-12 18:34:39 ~ IP : 127.0.0.1 ----------
REQUEST URI : /opencart2/index.php?route=sale/customer/transaction&amp;token=2c7c58df8af99b37c89a4f9f626ce67a&amp;customer_id=2
MOD DETAILS:
   modFile   : /var/www/html/opencart2/vqmod/xml/admin_theme_base5builder_impulsepro_1.5.5-above.xml
   id        : Admin Theme - Base 5 Builder - ImpulsePro
   version   : 1.0.4
   vqmver    : 2.0
   author    : Niyi Sodipe - Base5Builder.com

File Name    : view/template/sale/customer_*(0)
VQModObject::applyMod - SEARCH NOT FOUND (ABORTING MOD): <div class="heading">

----------------------------------------------------------------------


---------- Date: 2014-09-12 18:37:34 ~ IP : 127.0.0.1 ----------
REQUEST URI : /opencart2/index.php?route=sale/customer/history&amp;token=ffbd8ef363dd3b8cb897f9c901472aa8&amp;customer_id=2
MOD DETAILS:
   modFile   : /var/www/html/opencart2/vqmod/xml/admin_theme_base5builder_impulsepro_1.5.5-above.xml
   id        : Admin Theme - Base 5 Builder - ImpulsePro
   version   : 1.0.4
   vqmver    : 2.0
   author    : Niyi Sodipe - Base5Builder.com

File Name    : view/template/sale/customer_*(0)
VQModObject::applyMod - SEARCH NOT FOUND (ABORTING MOD): <div class="heading">

----------------------------------------------------------------------


---------- Date: 2014-09-12 18:37:34 ~ IP : 127.0.0.1 ----------
REQUEST URI : /opencart2/index.php?route=sale/customer/transaction&amp;token=ffbd8ef363dd3b8cb897f9c901472aa8&amp;customer_id=2
MOD DETAILS:
   modFile   : /var/www/html/opencart2/vqmod/xml/admin_theme_base5builder_impulsepro_1.5.5-above.xml
   id        : Admin Theme - Base 5 Builder - ImpulsePro
   version   : 1.0.4
   vqmver    : 2.0
   author    : Niyi Sodipe - Base5Builder.com

File Name    : view/template/sale/customer_*(0)
VQModObject::applyMod - SEARCH NOT FOUND (ABORTING MOD): <div class="heading">

----------------------------------------------------------------------


---------- Date: 2014-09-12 18:38:00 ~ IP : 127.0.0.1 ----------
REQUEST URI : /opencart2/index.php?route=sale/customer/history&amp;token=ffbd8ef363dd3b8cb897f9c901472aa8&amp;customer_id=2
MOD DETAILS:
   modFile   : /var/www/html/opencart2/vqmod/xml/admin_theme_base5builder_impulsepro_1.5.5-above.xml
   id        : Admin Theme - Base 5 Builder - ImpulsePro
   version   : 1.0.4
   vqmver    : 2.0
   author    : Niyi Sodipe - Base5Builder.com

File Name    : view/template/sale/customer_*(0)
VQModObject::applyMod - SEARCH NOT FOUND (ABORTING MOD): <div class="heading">

----------------------------------------------------------------------


---------- Date: 2014-09-12 18:43:59 ~ IP : 127.0.0.1 ----------
REQUEST URI : /opencart2/index.php?route=sale/customer/history&amp;token=ffbd8ef363dd3b8cb897f9c901472aa8&amp;customer_id=2
MOD DETAILS:
   modFile   : /var/www/html/opencart2/vqmod/xml/admin_theme_base5builder_impulsepro_1.5.5-above.xml
   id        : Admin Theme - Base 5 Builder - ImpulsePro
   version   : 1.0.4
   vqmver    : 2.0
   author    : Niyi Sodipe - Base5Builder.com

File Name    : view/template/sale/customer_*(0)
VQModObject::applyMod - SEARCH NOT FOUND (ABORTING MOD): <div class="heading">

----------------------------------------------------------------------


---------- Date: 2014-09-12 18:43:59 ~ IP : 127.0.0.1 ----------
REQUEST URI : /opencart2/index.php?route=sale/customer/transaction&amp;token=ffbd8ef363dd3b8cb897f9c901472aa8&amp;customer_id=2
MOD DETAILS:
   modFile   : /var/www/html/opencart2/vqmod/xml/admin_theme_base5builder_impulsepro_1.5.5-above.xml
   id        : Admin Theme - Base 5 Builder - ImpulsePro
   version   : 1.0.4
   vqmver    : 2.0
   author    : Niyi Sodipe - Base5Builder.com

File Name    : view/template/sale/customer_*(0)
VQModObject::applyMod - SEARCH NOT FOUND (ABORTING MOD): <div class="heading">

----------------------------------------------------------------------


---------- Date: 2014-09-12 18:46:58 ~ IP : 127.0.0.1 ----------
REQUEST URI : /opencart2/index.php?route=sale/customer/history&amp;token=ffbd8ef363dd3b8cb897f9c901472aa8&amp;customer_id=2
MOD DETAILS:
   modFile   : /var/www/html/opencart2/vqmod/xml/admin_theme_base5builder_impulsepro_1.5.5-above.xml
   id        : Admin Theme - Base 5 Builder - ImpulsePro
   version   : 1.0.4
   vqmver    : 2.0
   author    : Niyi Sodipe - Base5Builder.com

File Name    : view/template/sale/customer_*(0)
VQModObject::applyMod - SEARCH NOT FOUND (ABORTING MOD): <div class="heading">

----------------------------------------------------------------------


---------- Date: 2014-09-12 18:46:58 ~ IP : 127.0.0.1 ----------
REQUEST URI : /opencart2/index.php?route=sale/customer/transaction&amp;token=ffbd8ef363dd3b8cb897f9c901472aa8&amp;customer_id=2
MOD DETAILS:
   modFile   : /var/www/html/opencart2/vqmod/xml/admin_theme_base5builder_impulsepro_1.5.5-above.xml
   id        : Admin Theme - Base 5 Builder - ImpulsePro
   version   : 1.0.4
   vqmver    : 2.0
   author    : Niyi Sodipe - Base5Builder.com

File Name    : view/template/sale/customer_*(0)
VQModObject::applyMod - SEARCH NOT FOUND (ABORTING MOD): <div class="heading">

----------------------------------------------------------------------


---------- Date: 2014-09-12 18:47:03 ~ IP : 127.0.0.1 ----------
REQUEST URI : /opencart2/index.php?route=sale/customer/history&amp;token=ffbd8ef363dd3b8cb897f9c901472aa8&amp;customer_id=2
MOD DETAILS:
   modFile   : /var/www/html/opencart2/vqmod/xml/admin_theme_base5builder_impulsepro_1.5.5-above.xml
   id        : Admin Theme - Base 5 Builder - ImpulsePro
   version   : 1.0.4
   vqmver    : 2.0
   author    : Niyi Sodipe - Base5Builder.com

File Name    : view/template/sale/customer_*(0)
VQModObject::applyMod - SEARCH NOT FOUND (ABORTING MOD): <div class="heading">

----------------------------------------------------------------------


---------- Date: 2014-09-12 18:50:41 ~ IP : 127.0.0.1 ----------
REQUEST URI : /opencart2/index.php?route=sale/customer/history&amp;token=e4b3322b0c51bfbbc510131cd946343c&amp;customer_id=2
MOD DETAILS:
   modFile   : /var/www/html/opencart2/vqmod/xml/admin_theme_base5builder_impulsepro_1.5.5-above.xml
   id        : Admin Theme - Base 5 Builder - ImpulsePro
   version   : 1.0.4
   vqmver    : 2.0
   author    : Niyi Sodipe - Base5Builder.com

File Name    : view/template/sale/customer_*(0)
VQModObject::applyMod - SEARCH NOT FOUND (ABORTING MOD): <div class="heading">

----------------------------------------------------------------------


---------- Date: 2014-09-12 18:50:41 ~ IP : 127.0.0.1 ----------
REQUEST URI : /opencart2/index.php?route=sale/customer/transaction&amp;token=e4b3322b0c51bfbbc510131cd946343c&amp;customer_id=2
MOD DETAILS:
   modFile   : /var/www/html/opencart2/vqmod/xml/admin_theme_base5builder_impulsepro_1.5.5-above.xml
   id        : Admin Theme - Base 5 Builder - ImpulsePro
   version   : 1.0.4
   vqmver    : 2.0
   author    : Niyi Sodipe - Base5Builder.com

File Name    : view/template/sale/customer_*(0)
VQModObject::applyMod - SEARCH NOT FOUND (ABORTING MOD): <div class="heading">

----------------------------------------------------------------------


---------- Date: 2014-09-12 18:56:09 ~ IP : 127.0.0.1 ----------
REQUEST URI : /opencart2/index.php?route=sale/customer/transaction&amp;token=e4b3322b0c51bfbbc510131cd946343c&amp;customer_id=2
MOD DETAILS:
   modFile   : /var/www/html/opencart2/vqmod/xml/admin_theme_base5builder_impulsepro_1.5.5-above.xml
   id        : Admin Theme - Base 5 Builder - ImpulsePro
   version   : 1.0.4
   vqmver    : 2.0
   author    : Niyi Sodipe - Base5Builder.com

File Name    : view/template/sale/customer_*(0)
VQModObject::applyMod - SEARCH NOT FOUND (ABORTING MOD): <div class="heading">

----------------------------------------------------------------------


---------- Date: 2014-09-12 19:18:57 ~ IP : 127.0.0.1 ----------
REQUEST URI : /opencart2/index.php?route=sale/customer/transaction&amp;token=e4b3322b0c51bfbbc510131cd946343c&amp;customer_id=2
MOD DETAILS:
   modFile   : /var/www/html/opencart2/vqmod/xml/admin_theme_base5builder_impulsepro_1.5.5-above.xml
   id        : Admin Theme - Base 5 Builder - ImpulsePro
   version   : 1.0.4
   vqmver    : 2.0
   author    : Niyi Sodipe - Base5Builder.com

File Name    : view/template/sale/customer_*(0)
VQModObject::applyMod - SEARCH NOT FOUND (ABORTING MOD): <div class="heading">

----------------------------------------------------------------------


---------- Date: 2014-09-12 19:18:57 ~ IP : 127.0.0.1 ----------
REQUEST URI : /opencart2/index.php?route=sale/customer/history&amp;token=e4b3322b0c51bfbbc510131cd946343c&amp;customer_id=2
MOD DETAILS:
   modFile   : /var/www/html/opencart2/vqmod/xml/admin_theme_base5builder_impulsepro_1.5.5-above.xml
   id        : Admin Theme - Base 5 Builder - ImpulsePro
   version   : 1.0.4
   vqmver    : 2.0
   author    : Niyi Sodipe - Base5Builder.com

File Name    : view/template/sale/customer_*(0)
VQModObject::applyMod - SEARCH NOT FOUND (ABORTING MOD): <div class="heading">

----------------------------------------------------------------------


